Base path: 'C:/Program Files/Unity/Hub/Editor/2020.1.4f1/Editor/Data', plugins path 'C:/Program Files/Unity/Hub/Editor/2020.1.4f1/Editor/Data/PlaybackEngines'
Cmd: initializeCompiler
Cmd: compileComputeKernel
  error: 2 plat 4 at Generic.compute(13): failed to open source file: 'Tensor.cginc'
  api=4 insize=7960 outsize=0 ok=0
Cmd: compileComputeKernel
  error: 2 plat 4 at Dense.compute(13): failed to open source file: 'Tensor.cginc'
  api=4 insize=68835 outsize=0 ok=0
Cmd: compileComputeKernel
  error: 2 plat 4 at Broadcast.compute(17): failed to open source file: 'Tensor.cginc'
  api=4 insize=9919 outsize=0 ok=0
Cmd: compileComputeKernel
  error: 2 plat 4 at Broadcast.compute(17): failed to open source file: 'Tensor.cginc'
  api=4 insize=9919 outsize=0 ok=0
Cmd: compileComputeKernel
  error: 2 plat 4 at Broadcast.compute(17): failed to open source file: 'Tensor.cginc'
  api=4 insize=9919 outsize=0 ok=0
Cmd: compileComputeKernel
  error: 2 plat 4 at Conv.compute(22): failed to open source file: 'Tensor.cginc'
  api=4 insize=31899 outsize=0 ok=0
Cmd: compileComputeKernel
  error: 2 plat 4 at Pool.compute(8): failed to open source file: 'Tensor.cginc'
  api=4 insize=6546 outsize=0 ok=0
Cmd: compileComputeKernel
  error: 2 plat 4 at BarracudaReferenceImpl.compute(64): failed to open source file: 'Tensor.cginc'
  api=4 insize=47665 outsize=0 ok=0
Cmd: compileComputeKernel
  error: 2 plat 4 at BarracudaReferenceImpl.compute(64): failed to open source file: 'Tensor.cginc'
  api=4 insize=47665 outsize=0 ok=0
Cmd: compileComputeKernel
  error: 2 plat 4 at BarracudaReferenceImpl.compute(64): failed to open source file: 'Tensor.cginc'
  api=4 insize=47665 outsize=0 ok=0
Cmd: compileComputeKernel
  error: 2 plat 4 at BarracudaReferenceImpl.compute(64): failed to open source file: 'Tensor.cginc'
  api=4 insize=47665 outsize=0 ok=0
Cmd: compileComputeKernel
  error: 2 plat 4 at BarracudaReferenceImpl.compute(64): failed to open source file: 'Tensor.cginc'
  api=4 insize=47665 outsize=0 ok=0
Cmd: compileComputeKernel
  error: 2 plat 4 at BarracudaReferenceImpl.compute(64): failed to open source file: 'Tensor.cginc'
  api=4 insize=47665 outsize=0 ok=0
Cmd: compileComputeKernel
  error: 2 plat 4 at BarracudaReferenceImpl.compute(64): failed to open source file: 'Tensor.cginc'
  api=4 insize=47665 outsize=0 ok=0
Cmd: compileComputeKernel
  error: 2 plat 4 at Pad.compute(6): failed to open source file: 'Tensor.cginc'
  api=4 insize=4119 outsize=0 ok=0
Cmd: compileComputeKernel
  error: 2 plat 4 at Activation.compute(117): failed to open source file: 'Tensor.cginc'
  api=4 insize=29386 outsize=0 ok=0
Cmd: compileComputeKernel
  error: 2 plat 4 at Activation.compute(117): failed to open source file: 'Tensor.cginc'
  api=4 insize=29386 outsize=0 ok=0
Cmd: compileComputeKernel
  error: 2 plat 4 at Activation.compute(117): failed to open source file: 'Tensor.cginc'
  api=4 insize=29386 outsize=0 ok=0
Cmd: compileComputeKernel
  error: 2 plat 4 at Activation.compute(117): failed to open source file: 'Tensor.cginc'
  api=4 insize=29386 outsize=0 ok=0
Cmd: compileComputeKernel
  error: 2 plat 4 at Activation.compute(117): failed to open source file: 'Tensor.cginc'
  api=4 insize=29386 outsize=0 ok=0
Cmd: compileComputeKernel
  error: 2 plat 4 at Activation.compute(117): failed to open source file: 'Tensor.cginc'
  api=4 insize=29386 outsize=0 ok=0
Cmd: compileComputeKernel
  error: 2 plat 4 at Activation.compute(117): failed to open source file: 'Tensor.cginc'
  api=4 insize=29386 outsize=0 ok=0
Cmd: compileComputeKernel
  error: 2 plat 4 at Activation.compute(117): failed to open source file: 'Tensor.cginc'
  api=4 insize=29386 outsize=0 ok=0
Cmd: compileComputeKernel
  error: 2 plat 4 at Activation.compute(117): failed to open source file: 'Tensor.cginc'
  api=4 insize=29386 outsize=0 ok=0
Cmd: compileComputeKernel
  error: 2 plat 4 at Activation.compute(117): failed to open source file: 'Tensor.cginc'
  api=4 insize=29386 outsize=0 ok=0
Cmd: compileComputeKernel
  error: 2 plat 4 at Activation.compute(117): failed to open source file: 'Tensor.cginc'
  api=4 insize=29386 outsize=0 ok=0
Cmd: compileSnippet
  api=4 type=0 insize=1081 outsize=1630 kw=SHADOWS_DEPTH _ALPHATEST_ON pd=UNITY_ENABLE_REFLECTION_BUFFERS UNITY_USE_DITHER_MASK_FOR_ALPHABLENDED_SHADOWS UNITY_PBS_USE_BRDF1 UNITY_SPECCUBE_BOX_PROJECTION UNITY_SPECCUBE_BLENDING UNITY_ENABLE_DETAIL_NORMALMAP SHADER_API_DESKTOP UNITY_COLORSPACE_GAMMA UNITY_LIGHT_PROBE_PROXY_VOLUME UNITY_LIGHTMAP_FULL_HDR UNITY_PASS_SHADOWCASTER dkw=INSTANCING_ON PROCEDURAL_INSTANCING_ON _ALPHABLEND_ON _ALPHAPREMULTIPLY_ON _ALPHAMODULATE_ON _REQUIRE_UV2 SHADOWS_CUBE UNITY_NO_DXT5nm UNITY_ENABLE_NATIVE_SHADOW_LOOKUPS UNITY_METAL_SHADOWS_USE_POINT_FILTERING UNITY_NO_SCREENSPACE_SHADOWS UNITY_PBS_USE_BRDF2 UNITY_PBS_USE_BRDF3 UNITY_NO_FULL_STANDARD_SHADER UNITY_HARDWARE_TIER1 UNITY_HARDWARE_TIER2 UNITY_HARDWARE_TIER3 UNITY_HALF_PRECISION_FRAGMENT_SHADER_REGISTERS UNITY_LIGHTMAP_DLDR_ENCODING UNITY_LIGHTMAP_RGBM_ENCODING UNITY_VIRTUAL_TEXTURING ok=1
Cmd: compileSnippet
  api=4 type=1 insize=1081 outsize=182 kw=SHADOWS_CUBE pd=UNITY_ENABLE_REFLECTION_BUFFERS UNITY_USE_DITHER_MASK_FOR_ALPHABLENDED_SHADOWS UNITY_PBS_USE_BRDF1 UNITY_SPECCUBE_BOX_PROJECTION UNITY_SPECCUBE_BLENDING UNITY_ENABLE_DETAIL_NORMALMAP SHADER_API_DESKTOP UNITY_COLORSPACE_GAMMA UNITY_LIGHT_PROBE_PROXY_VOLUME UNITY_LIGHTMAP_FULL_HDR UNITY_PASS_SHADOWCASTER dkw=INSTANCING_ON PROCEDURAL_INSTANCING_ON _METALLICGLOSSMAP _ALPHATEST_ON _ALPHABLEND_ON _ALPHAPREMULTIPLY_ON _ALPHAMODULATE_ON _REQUIRE_UV2 SHADOWS_DEPTH UNITY_NO_DXT5nm UNITY_ENABLE_NATIVE_SHADOW_LOOKUPS UNITY_METAL_SHADOWS_USE_POINT_FILTERING UNITY_NO_SCREENSPACE_SHADOWS UNITY_PBS_USE_BRDF2 UNITY_PBS_USE_BRDF3 UNITY_NO_FULL_STANDARD_SHADER UNITY_HARDWARE_TIER1 UNITY_HARDWARE_TIER2 UNITY_HARDWARE_TIER3 UNITY_HALF_PRECISION_FRAGMENT_SHADER_REGISTERS UNITY_LIGHTMAP_DLDR_ENCODING UNITY_LIGHTMAP_RGBM_ENCODING UNITY_VIRTUAL_TEXTURING ok=1
Cmd: compileSnippet
  api=4 type=1 insize=1081 outsize=186 kw=SHADOWS_DEPTH PROCEDURAL_INSTANCING_ON pd=UNITY_ENABLE_REFLECTION_BUFFERS UNITY_USE_DITHER_MASK_FOR_ALPHABLENDED_SHADOWS UNITY_PBS_USE_BRDF1 UNITY_SPECCUBE_BOX_PROJECTION UNITY_SPECCUBE_BLENDING UNITY_ENABLE_DETAIL_NORMALMAP SHADER_API_DESKTOP UNITY_COLORSPACE_GAMMA UNITY_LIGHT_PROBE_PROXY_VOLUME UNITY_LIGHTMAP_FULL_HDR UNITY_PASS_SHADOWCASTER dkw=INSTANCING_ON _METALLICGLOSSMAP _ALPHATEST_ON _ALPHABLEND_ON _ALPHAPREMULTIPLY_ON _ALPHAMODULATE_ON _REQUIRE_UV2 SHADOWS_CUBE UNITY_NO_DXT5nm UNITY_ENABLE_NATIVE_SHADOW_LOOKUPS UNITY_METAL_SHADOWS_USE_POINT_FILTERING UNITY_NO_SCREENSPACE_SHADOWS UNITY_PBS_USE_BRDF2 UNITY_PBS_USE_BRDF3 UNITY_NO_FULL_STANDARD_SHADER UNITY_HARDWARE_TIER1 UNITY_HARDWARE_TIER2 UNITY_HARDWARE_TIER3 UNITY_HALF_PRECISION_FRAGMENT_SHADER_REGISTERS UNITY_LIGHTMAP_DLDR_ENCODING UNITY_LIGHTMAP_RGBM_ENCODING UNITY_VIRTUAL_TEXTURING ok=1
Cmd: compileSnippet
  api=4 type=0 insize=41135714 outsize=2194 kw=DIRECTIONAL SHADOWS_SCREEN _REQUIRE_UV2 _FADING_ON pd=UNITY_ENABLE_REFLECTION_BUFFERS UNITY_USE_DITHER_MASK_FOR_ALPHABLENDED_SHADOWS UNITY_PBS_USE_BRDF1 UNITY_SPECCUBE_BOX_PROJECTION UNITY_SPECCUBE_BLENDING UNITY_ENABLE_DETAIL_NORMALMAP SHADER_API_DESKTOP UNITY_COLORSPACE_GAMMA UNITY_LIGHT_PROBE_PROXY_VOLUME UNITY_LIGHTMAP_FULL_HDR UNITY_PASS_FORWARDBASE dkw=SOFTPARTICLES_ON SHADOWS_SHADOWMASK FOG_LINEAR FOG_EXP FOG_EXP2 INSTANCING_ON PROCEDURAL_INSTANCING_ON _NORMALMAP EFFECT_BUMP LIGHTPROBE_SH LIGHTMAP_SHADOW_MIXING VERTEXLIGHT_ON UNITY_NO_DXT5nm UNITY_ENABLE_NATIVE_SHADOW_LOOKUPS UNITY_METAL_SHADOWS_USE_POINT_FILTERING UNITY_NO_SCREENSPACE_SHADOWS UNITY_PBS_USE_BRDF2 UNITY_PBS_USE_BRDF3 UNITY_NO_FULL_STANDARD_SHADER UNITY_HARDWARE_TIER1 UNITY_HARDWARE_TIER2 UNITY_HARDWARE_TIER3 UNITY_HALF_PRECISION_FRAGMENT_SHADER_REGISTERS UNITY_LIGHTMAP_DLDR_ENCODING UNITY_LIGHTMAP_RGBM_ENCODING UNITY_VIRTUAL_TEXTURING ok=1
Cmd: compileSnippet
  api=4 type=0 insize=41135714 outsize=3066 kw=DIRECTIONAL SHADOWS_SCREEN VERTEXLIGHT_ON _REQUIRE_UV2 _FADING_ON pd=UNITY_ENABLE_REFLECTION_BUFFERS UNITY_USE_DITHER_MASK_FOR_ALPHABLENDED_SHADOWS UNITY_PBS_USE_BRDF1 UNITY_SPECCUBE_BOX_PROJECTION UNITY_SPECCUBE_BLENDING UNITY_ENABLE_DETAIL_NORMALMAP SHADER_API_DESKTOP UNITY_COLORSPACE_GAMMA UNITY_LIGHT_PROBE_PROXY_VOLUME UNITY_LIGHTMAP_FULL_HDR UNITY_PASS_FORWARDBASE dkw=SOFTPARTICLES_ON SHADOWS_SHADOWMASK FOG_LINEAR FOG_EXP FOG_EXP2 INSTANCING_ON PROCEDURAL_INSTANCING_ON _NORMALMAP EFFECT_BUMP LIGHTPROBE_SH LIGHTMAP_SHADOW_MIXING UNITY_NO_DXT5nm UNITY_ENABLE_NATIVE_SHADOW_LOOKUPS UNITY_METAL_SHADOWS_USE_POINT_FILTERING UNITY_NO_SCREENSPACE_SHADOWS UNITY_PBS_USE_BRDF2 UNITY_PBS_USE_BRDF3 UNITY_NO_FULL_STANDARD_SHADER UNITY_HARDWARE_TIER1 UNITY_HARDWARE_TIER2 UNITY_HARDWARE_TIER3 UNITY_HALF_PRECISION_FRAGMENT_SHADER_REGISTERS UNITY_LIGHTMAP_DLDR_ENCODING UNITY_LIGHTMAP_RGBM_ENCODING UNITY_VIRTUAL_TEXTURING ok=1
Cmd: compileSnippet
  api=4 type=0 insize=41135714 outsize=3470 kw=DIRECTIONAL LIGHTPROBE_SH PROCEDURAL_INSTANCING_ON _REQUIRE_UV2 pd=UNITY_ENABLE_REFLECTION_BUFFERS UNITY_USE_DITHER_MASK_FOR_ALPHABLENDED_SHADOWS UNITY_PBS_USE_BRDF1 UNITY_SPECCUBE_BOX_PROJECTION UNITY_SPECCUBE_BLENDING UNITY_ENABLE_DETAIL_NORMALMAP SHADER_API_DESKTOP UNITY_COLORSPACE_GAMMA UNITY_LIGHT_PROBE_PROXY_VOLUME UNITY_LIGHTMAP_FULL_HDR UNITY_PASS_FORWARDBASE dkw=SOFTPARTICLES_ON SHADOWS_SHADOWMASK FOG_LINEAR FOG_EXP FOG_EXP2 INSTANCING_ON _NORMALMAP _FADING_ON EFFECT_BUMP SHADOWS_SCREEN LIGHTMAP_SHADOW_MIXING VERTEXLIGHT_ON UNITY_NO_DXT5nm UNITY_ENABLE_NATIVE_SHADOW_LOOKUPS UNITY_METAL_SHADOWS_USE_POINT_FILTERING UNITY_NO_SCREENSPACE_SHADOWS UNITY_PBS_USE_BRDF2 UNITY_PBS_USE_BRDF3 UNITY_NO_FULL_STANDARD_SHADER UNITY_HARDWARE_TIER1 UNITY_HARDWARE_TIER2 UNITY_HARDWARE_TIER3 UNITY_HALF_PRECISION_FRAGMENT_SHADER_REGISTERS UNITY_LIGHTMAP_DLDR_ENCODING UNITY_LIGHTMAP_RGBM_ENCODING UNITY_VIRTUAL_TEXTURING ok=1
Cmd: compileSnippet
  api=4 type=0 insize=41135714 outsize=3206 kw=DIRECTIONAL SHADOWS_SCREEN LIGHTPROBE_SH PROCEDURAL_INSTANCING_ON pd=UNITY_ENABLE_REFLECTION_BUFFERS UNITY_USE_DITHER_MASK_FOR_ALPHABLENDED_SHADOWS UNITY_PBS_USE_BRDF1 UNITY_SPECCUBE_BOX_PROJECTION UNITY_SPECCUBE_BLENDING UNITY_ENABLE_DETAIL_NORMALMAP SHADER_API_DESKTOP UNITY_COLORSPACE_GAMMA UNITY_LIGHT_PROBE_PROXY_VOLUME UNITY_LIGHTMAP_FULL_HDR UNITY_PASS_FORWARDBASE dkw=SOFTPARTICLES_ON SHADOWS_SHADOWMASK FOG_LINEAR FOG_EXP FOG_EXP2 INSTANCING_ON _NORMALMAP _FADING_ON _REQUIRE_UV2 EFFECT_BUMP LIGHTMAP_SHADOW_MIXING VERTEXLIGHT_ON UNITY_NO_DXT5nm UNITY_ENABLE_NATIVE_SHADOW_LOOKUPS UNITY_METAL_SHADOWS_USE_POINT_FILTERING UNITY_NO_SCREENSPACE_SHADOWS UNITY_PBS_USE_BRDF2 UNITY_PBS_USE_BRDF3 UNITY_NO_FULL_STANDARD_SHADER UNITY_HARDWARE_TIER1 UNITY_HARDWARE_TIER2 UNITY_HARDWARE_TIER3 UNITY_HALF_PRECISION_FRAGMENT_SHADER_REGISTERS UNITY_LIGHTMAP_DLDR_ENCODING UNITY_LIGHTMAP_RGBM_ENCODING UNITY_VIRTUAL_TEXTURING ok=1
Cmd: compileSnippet
  api=4 type=0 insize=41135714 outsize=4958 kw=DIRECTIONAL SHADOWS_SCREEN VERTEXLIGHT_ON PROCEDURAL_INSTANCING_ON _REQUIRE_UV2 _FADING_ON pd=UNITY_ENABLE_REFLECTION_BUFFERS UNITY_USE_DITHER_MASK_FOR_ALPHABLENDED_SHADOWS UNITY_PBS_USE_BRDF1 UNITY_SPECCUBE_BOX_PROJECTION UNITY_SPECCUBE_BLENDING UNITY_ENABLE_DETAIL_NORMALMAP SHADER_API_DESKTOP UNITY_COLORSPACE_GAMMA UNITY_LIGHT_PROBE_PROXY_VOLUME UNITY_LIGHTMAP_FULL_HDR UNITY_PASS_FORWARDBASE dkw=SOFTPARTICLES_ON SHADOWS_SHADOWMASK FOG_LINEAR FOG_EXP FOG_EXP2 INSTANCING_ON _NORMALMAP EFFECT_BUMP LIGHTPROBE_SH LIGHTMAP_SHADOW_MIXING UNITY_NO_DXT5nm UNITY_ENABLE_NATIVE_SHADOW_LOOKUPS UNITY_METAL_SHADOWS_USE_POINT_FILTERING UNITY_NO_SCREENSPACE_SHADOWS UNITY_PBS_USE_BRDF2 UNITY_PBS_USE_BRDF3 UNITY_NO_FULL_STANDARD_SHADER UNITY_HARDWARE_TIER1 UNITY_HARDWARE_TIER2 UNITY_HARDWARE_TIER3 UNITY_HALF_PRECISION_FRAGMENT_SHADER_REGISTERS UNITY_LIGHTMAP_DLDR_ENCODING UNITY_LIGHTMAP_RGBM_ENCODING UNITY_VIRTUAL_TEXTURING ok=1
Cmd: compileSnippet
  api=4 type=0 insize=41135714 outsize=2090 kw=DIRECTIONAL LIGHTPROBE_SH SOFTPARTICLES_ON _REQUIRE_UV2 pd=UNITY_ENABLE_REFLECTION_BUFFERS UNITY_USE_DITHER_MASK_FOR_ALPHABLENDED_SHADOWS UNITY_PBS_USE_BRDF1 UNITY_SPECCUBE_BOX_PROJECTION UNITY_SPECCUBE_BLENDING UNITY_ENABLE_DETAIL_NORMALMAP SHADER_API_DESKTOP UNITY_COLORSPACE_GAMMA UNITY_LIGHT_PROBE_PROXY_VOLUME UNITY_LIGHTMAP_FULL_HDR UNITY_PASS_FORWARDBASE dkw=SHADOWS_SHADOWMASK FOG_LINEAR FOG_EXP FOG_EXP2 INSTANCING_ON PROCEDURAL_INSTANCING_ON _NORMALMAP _FADING_ON EFFECT_BUMP SHADOWS_SCREEN LIGHTMAP_SHADOW_MIXING VERTEXLIGHT_ON UNITY_NO_DXT5nm UNITY_ENABLE_NATIVE_SHADOW_LOOKUPS UNITY_METAL_SHADOWS_USE_POINT_FILTERING UNITY_NO_SCREENSPACE_SHADOWS UNITY_PBS_USE_BRDF2 UNITY_PBS_USE_BRDF3 UNITY_NO_FULL_STANDARD_SHADER UNITY_HARDWARE_TIER1 UNITY_HARDWARE_TIER2 UNITY_HARDWARE_TIER3 UNITY_HALF_PRECISION_FRAGMENT_SHADER_REGISTERS UNITY_LIGHTMAP_DLDR_ENCODING UNITY_LIGHTMAP_RGBM_ENCODING UNITY_VIRTUAL_TEXTURING ok=1
Cmd: compileSnippet
  api=4 type=0 insize=41135714 outsize=2194 kw=DIRECTIONAL SHADOWS_SCREEN LIGHTPROBE_SH SOFTPARTICLES_ON _REQUIRE_UV2 _FADING_ON pd=UNITY_ENABLE_REFLECTION_BUFFERS UNITY_USE_DITHER_MASK_FOR_ALPHABLENDED_SHADOWS UNITY_PBS_USE_BRDF1 UNITY_SPECCUBE_BOX_PROJECTION UNITY_SPECCUBE_BLENDING UNITY_ENABLE_DETAIL_NORMALMAP SHADER_API_DESKTOP UNITY_COLORSPACE_GAMMA UNITY_LIGHT_PROBE_PROXY_VOLUME UNITY_LIGHTMAP_FULL_HDR UNITY_PASS_FORWARDBASE dkw=SHADOWS_SHADOWMASK FOG_LINEAR FOG_EXP FOG_EXP2 INSTANCING_ON PROCEDURAL_INSTANCING_ON _NORMALMAP EFFECT_BUMP LIGHTMAP_SHADOW_MIXING VERTEXLIGHT_ON UNITY_NO_DXT5nm UNITY_ENABLE_NATIVE_SHADOW_LOOKUPS UNITY_METAL_SHADOWS_USE_POINT_FILTERING UNITY_NO_SCREENSPACE_SHADOWS UNITY_PBS_USE_BRDF2 UNITY_PBS_USE_BRDF3 UNITY_NO_FULL_STANDARD_SHADER UNITY_HARDWARE_TIER1 UNITY_HARDWARE_TIER2 UNITY_HARDWARE_TIER3 UNITY_HALF_PRECISION_FRAGMENT_SHADER_REGISTERS UNITY_LIGHTMAP_DLDR_ENCODING UNITY_LIGHTMAP_RGBM_ENCODING UNITY_VIRTUAL_TEXTURING ok=1
Cmd: compileSnippet
  api=4 type=0 insize=41135714 outsize=3066 kw=DIRECTIONAL SHADOWS_SCREEN VERTEXLIGHT_ON SOFTPARTICLES_ON _REQUIRE_UV2 pd=UNITY_ENABLE_REFLECTION_BUFFERS UNITY_USE_DITHER_MASK_FOR_ALPHABLENDED_SHADOWS UNITY_PBS_USE_BRDF1 UNITY_SPECCUBE_BOX_PROJECTION UNITY_SPECCUBE_BLENDING UNITY_ENABLE_DETAIL_NORMALMAP SHADER_API_DESKTOP UNITY_COLORSPACE_GAMMA UNITY_LIGHT_PROBE_PROXY_VOLUME UNITY_LIGHTMAP_FULL_HDR UNITY_PASS_FORWARDBASE dkw=SHADOWS_SHADOWMASK FOG_LINEAR FOG_EXP FOG_EXP2 INSTANCING_ON PROCEDURAL_INSTANCING_ON _NORMALMAP _FADING_ON EFFECT_BUMP LIGHTPROBE_SH LIGHTMAP_SHADOW_MIXING UNITY_NO_DXT5nm UNITY_ENABLE_NATIVE_SHADOW_LOOKUPS UNITY_METAL_SHADOWS_USE_POINT_FILTERING UNITY_NO_SCREENSPACE_SHADOWS UNITY_PBS_USE_BRDF2 UNITY_PBS_USE_BRDF3 UNITY_NO_FULL_STANDARD_SHADER UNITY_HARDWARE_TIER1 UNITY_HARDWARE_TIER2 UNITY_HARDWARE_TIER3 UNITY_HALF_PRECISION_FRAGMENT_SHADER_REGISTERS UNITY_LIGHTMAP_DLDR_ENCODING UNITY_LIGHTMAP_RGBM_ENCODING UNITY_VIRTUAL_TEXTURING ok=1
Cmd: compileSnippet
  api=4 type=0 insize=41135714 outsize=2090 kw=DIRECTIONAL SOFTPARTICLES_ON _REQUIRE_UV2 _FADING_ON pd=UNITY_ENABLE_REFLECTION_BUFFERS UNITY_USE_DITHER_MASK_FOR_ALPHABLENDED_SHADOWS UNITY_PBS_USE_BRDF1 UNITY_SPECCUBE_BOX_PROJECTION UNITY_SPECCUBE_BLENDING UNITY_ENABLE_DETAIL_NORMALMAP SHADER_API_DESKTOP UNITY_COLORSPACE_GAMMA UNITY_LIGHT_PROBE_PROXY_VOLUME UNITY_LIGHTMAP_FULL_HDR UNITY_PASS_FORWARDBASE dkw=SHADOWS_SHADOWMASK FOG_LINEAR FOG_EXP FOG_EXP2 INSTANCING_ON PROCEDURAL_INSTANCING_ON _NORMALMAP EFFECT_BUMP LIGHTPROBE_SH SHADOWS_SCREEN LIGHTMAP_SHADOW_MIXING VERTEXLIGHT_ON UNITY_NO_DXT5nm UNITY_ENABLE_NATIVE_SHADOW_LOOKUPS UNITY_METAL_SHADOWS_USE_POINT_FILTERING UNITY_NO_SCREENSPACE_SHADOWS UNITY_PBS_USE_BRDF2 UNITY_PBS_USE_BRDF3 UNITY_NO_FULL_STANDARD_SHADER UNITY_HARDWARE_TIER1 UNITY_HARDWARE_TIER2 UNITY_HARDWARE_TIER3 UNITY_HALF_PRECISION_FRAGMENT_SHADER_REGISTERS UNITY_LIGHTMAP_DLDR_ENCODING UNITY_LIGHTMAP_RGBM_ENCODING UNITY_VIRTUAL_TEXTURING ok=1
Cmd: compileSnippet
  api=4 type=0 insize=41135714 outsize=3718 kw=DIRECTIONAL SHADOWS_SCREEN SOFTPARTICLES_ON PROCEDURAL_INSTANCING_ON pd=UNITY_ENABLE_REFLECTION_BUFFERS UNITY_USE_DITHER_MASK_FOR_ALPHABLENDED_SHADOWS UNITY_PBS_USE_BRDF1 UNITY_SPECCUBE_BOX_PROJECTION UNITY_SPECCUBE_BLENDING UNITY_ENABLE_DETAIL_NORMALMAP SHADER_API_DESKTOP UNITY_COLORSPACE_GAMMA UNITY_LIGHT_PROBE_PROXY_VOLUME UNITY_LIGHTMAP_FULL_HDR UNITY_PASS_FORWARDBASE dkw=SHADOWS_SHADOWMASK FOG_LINEAR FOG_EXP FOG_EXP2 INSTANCING_ON _NORMALMAP _FADING_ON _REQUIRE_UV2 EFFECT_BUMP LIGHTPROBE_SH LIGHTMAP_SHADOW_MIXING VERTEXLIGHT_ON UNITY_NO_DXT5nm UNITY_ENABLE_NATIVE_SHADOW_LOOKUPS UNITY_METAL_SHADOWS_USE_POINT_FILTERING UNITY_NO_SCREENSPACE_SHADOWS UNITY_PBS_USE_BRDF2 UNITY_PBS_USE_BRDF3 UNITY_NO_FULL_STANDARD_SHADER UNITY_HARDWARE_TIER1 UNITY_HARDWARE_TIER2 UNITY_HARDWARE_TIER3 UNITY_HALF_PRECISION_FRAGMENT_SHADER_REGISTERS UNITY_LIGHTMAP_DLDR_ENCODING UNITY_LIGHTMAP_RGBM_ENCODING UNITY_VIRTUAL_TEXTURING ok=1
Cmd: compileSnippet
  api=4 type=0 insize=41135714 outsize=4854 kw=DIRECTIONAL LIGHTPROBE_SH VERTEXLIGHT_ON SOFTPARTICLES_ON PROCEDURAL_INSTANCING_ON _REQUIRE_UV2 _FADING_ON pd=UNITY_ENABLE_REFLECTION_BUFFERS UNITY_USE_DITHER_MASK_FOR_ALPHABLENDED_SHADOWS UNITY_PBS_USE_BRDF1 UNITY_SPECCUBE_BOX_PROJECTION UNITY_SPECCUBE_BLENDING UNITY_ENABLE_DETAIL_NORMALMAP SHADER_API_DESKTOP UNITY_COLORSPACE_GAMMA UNITY_LIGHT_PROBE_PROXY_VOLUME UNITY_LIGHTMAP_FULL_HDR UNITY_PASS_FORWARDBASE dkw=SHADOWS_SHADOWMASK FOG_LINEAR FOG_EXP FOG_EXP2 INSTANCING_ON _NORMALMAP EFFECT_BUMP SHADOWS_SCREEN LIGHTMAP_SHADOW_MIXING UNITY_NO_DXT5nm UNITY_ENABLE_NATIVE_SHADOW_LOOKUPS UNITY_METAL_SHADOWS_USE_POINT_FILTERING UNITY_NO_SCREENSPACE_SHADOWS UNITY_PBS_USE_BRDF2 UNITY_PBS_USE_BRDF3 UNITY_NO_FULL_STANDARD_SHADER UNITY_HARDWARE_TIER1 UNITY_HARDWARE_TIER2 UNITY_HARDWARE_TIER3 UNITY_HALF_PRECISION_FRAGMENT_SHADER_REGISTERS UNITY_LIGHTMAP_DLDR_ENCODING UNITY_LIGHTMAP_RGBM_ENCODING UNITY_VIRTUAL_TEXTURING ok=1
Cmd: compileSnippet
  api=4 type=0 insize=41135714 outsize=3982 kw=DIRECTIONAL SOFTPARTICLES_ON PROCEDURAL_INSTANCING_ON _REQUIRE_UV2 pd=UNITY_ENABLE_REFLECTION_BUFFERS UNITY_USE_DITHER_MASK_FOR_ALPHABLENDED_SHADOWS UNITY_PBS_USE_BRDF1 UNITY_SPECCUBE_BOX_PROJECTION UNITY_SPECCUBE_BLENDING UNITY_ENABLE_DETAIL_NORMALMAP SHADER_API_DESKTOP UNITY_COLORSPACE_GAMMA UNITY_LIGHT_PROBE_PROXY_VOLUME UNITY_LIGHTMAP_FULL_HDR UNITY_PASS_FORWARDBASE dkw=SHADOWS_SHADOWMASK FOG_LINEAR FOG_EXP FOG_EXP2 INSTANCING_ON _NORMALMAP _FADING_ON EFFECT_BUMP LIGHTPROBE_SH SHADOWS_SCREEN LIGHTMAP_SHADOW_MIXING VERTEXLIGHT_ON UNITY_NO_DXT5nm UNITY_ENABLE_NATIVE_SHADOW_LOOKUPS UNITY_METAL_SHADOWS_USE_POINT_FILTERING UNITY_NO_SCREENSPACE_SHADOWS UNITY_PBS_USE_BRDF2 UNITY_PBS_USE_BRDF3 UNITY_NO_FULL_STANDARD_SHADER UNITY_HARDWARE_TIER1 UNITY_HARDWARE_TIER2 UNITY_HARDWARE_TIER3 UNITY_HALF_PRECISION_FRAGMENT_SHADER_REGISTERS UNITY_LIGHTMAP_DLDR_ENCODING UNITY_LIGHTMAP_RGBM_ENCODING UNITY_VIRTUAL_TEXTURING ok=1
Cmd: compileSnippet
  api=4 type=1 insize=41135714 outsize=7138 kw=DIRECTIONAL SHADOWS_SCREEN _EMISSION _ALPHATEST_ON pd=UNITY_ENABLE_REFLECTION_BUFFERS UNITY_USE_DITHER_MASK_FOR_ALPHABLENDED_SHADOWS UNITY_PBS_USE_BRDF1 UNITY_SPECCUBE_BOX_PROJECTION UNITY_SPECCUBE_BLENDING UNITY_ENABLE_DETAIL_NORMALMAP SHADER_API_DESKTOP UNITY_COLORSPACE_GAMMA UNITY_LIGHT_PROBE_PROXY_VOLUME UNITY_LIGHTMAP_FULL_HDR UNITY_PASS_FORWARDBASE dkw=SOFTPARTICLES_ON SHADOWS_SHADOWMASK FOG_LINEAR FOG_EXP FOG_EXP2 INSTANCING_ON PROCEDURAL_INSTANCING_ON _ALPHABLEND_ON _ALPHAPREMULTIPLY_ON _ALPHAMODULATE_ON _METALLICGLOSSMAP _NORMALMAP _FADING_ON _REQUIRE_UV2 EFFECT_BUMP LIGHTPROBE_SH LIGHTMAP_SHADOW_MIXING UNITY_NO_DXT5nm UNITY_ENABLE_NATIVE_SHADOW_LOOKUPS UNITY_METAL_SHADOWS_USE_POINT_FILTERING UNITY_NO_SCREENSPACE_SHADOWS UNITY_PBS_USE_BRDF2 UNITY_PBS_USE_BRDF3 UNITY_NO_FULL_STANDARD_SHADER UNITY_HARDWARE_TIER1 UNITY_HARDWARE_TIER2 UNITY_HARDWARE_TIER3 UNITY_HALF_PRECISION_FRAGMENT_SHADER_REGISTERS UNITY_LIGHTMAP_DLDR_ENCODING UNITY_LIGHTMAP_RGBM_ENCODING UNITY_VIRTUAL_TEXTURING ok=1
Cmd: compileSnippet
  api=4 type=1 insize=41135714 outsize=6922 kw=DIRECTIONAL SHADOWS_SCREEN pd=UNITY_ENABLE_REFLECTION_BUFFERS UNITY_USE_DITHER_MASK_FOR_ALPHABLENDED_SHADOWS UNITY_PBS_USE_BRDF1 UNITY_SPECCUBE_BOX_PROJECTION UNITY_SPECCUBE_BLENDING UNITY_ENABLE_DETAIL_NORMALMAP SHADER_API_DESKTOP UNITY_COLORSPACE_GAMMA UNITY_LIGHT_PROBE_PROXY_VOLUME UNITY_LIGHTMAP_FULL_HDR UNITY_PASS_FORWARDBASE dkw=_EMISSION SOFTPARTICLES_ON SHADOWS_SHADOWMASK FOG_LINEAR FOG_EXP FOG_EXP2 INSTANCING_ON PROCEDURAL_INSTANCING_ON _ALPHATEST_ON _ALPHABLEND_ON _ALPHAPREMULTIPLY_ON _ALPHAMODULATE_ON _METALLICGLOSSMAP _NORMALMAP _FADING_ON _REQUIRE_UV2 EFFECT_BUMP LIGHTPROBE_SH LIGHTMAP_SHADOW_MIXING UNITY_NO_DXT5nm UNITY_ENABLE_NATIVE_SHADOW_LOOKUPS UNITY_METAL_SHADOWS_USE_POINT_FILTERING UNITY_NO_SCREENSPACE_SHADOWS UNITY_PBS_USE_BRDF2 UNITY_PBS_USE_BRDF3 UNITY_NO_FULL_STANDARD_SHADER UNITY_HARDWARE_TIER1 UNITY_HARDWARE_TIER2 UNITY_HARDWARE_TIER3 UNITY_HALF_PRECISION_FRAGMENT_SHADER_REGISTERS UNITY_LIGHTMAP_DLDR_ENCODING UNITY_LIGHTMAP_RGBM_ENCODING UNITY_VIRTUAL_TEXTURING ok=1
Cmd: compileSnippet
  api=4 type=1 insize=41135714 outsize=7174 kw=DIRECTIONAL SHADOWS_SCREEN LIGHTPROBE_SH _ALPHABLEND_ON _REQUIRE_UV2 _FADING_ON pd=UNITY_ENABLE_REFLECTION_BUFFERS UNITY_USE_DITHER_MASK_FOR_ALPHABLENDED_SHADOWS UNITY_PBS_USE_BRDF1 UNITY_SPECCUBE_BOX_PROJECTION UNITY_SPECCUBE_BLENDING UNITY_ENABLE_DETAIL_NORMALMAP SHADER_API_DESKTOP UNITY_COLORSPACE_GAMMA UNITY_LIGHT_PROBE_PROXY_VOLUME UNITY_LIGHTMAP_FULL_HDR UNITY_PASS_FORWARDBASE dkw=_EMISSION SOFTPARTICLES_ON SHADOWS_SHADOWMASK FOG_LINEAR FOG_EXP FOG_EXP2 INSTANCING_ON PROCEDURAL_INSTANCING_ON _ALPHATEST_ON _ALPHAPREMULTIPLY_ON _ALPHAMODULATE_ON _METALLICGLOSSMAP _NORMALMAP EFFECT_BUMP LIGHTMAP_SHADOW_MIXING UNITY_NO_DXT5nm UNITY_ENABLE_NATIVE_SHADOW_LOOKUPS UNITY_METAL_SHADOWS_USE_POINT_FILTERING UNITY_NO_SCREENSPACE_SHADOWS UNITY_PBS_USE_BRDF2 UNITY_PBS_USE_BRDF3 UNITY_NO_FULL_STANDARD_SHADER UNITY_HARDWARE_TIER1 UNITY_HARDWARE_TIER2 UNITY_HARDWARE_TIER3 UNITY_HALF_PRECISION_FRAGMENT_SHADER_REGISTERS UNITY_LIGHTMAP_DLDR_ENCODING UNITY_LIGHTMAP_RGBM_ENCODING UNITY_VIRTUAL_TEXTURING ok=1
Cmd: compileSnippet
  api=4 type=1 insize=41135714 outsize=6670 kw=DIRECTIONAL _ALPHABLEND_ON _REQUIRE_UV2 _FADING_ON pd=UNITY_ENABLE_REFLECTION_BUFFERS UNITY_USE_DITHER_MASK_FOR_ALPHABLENDED_SHADOWS UNITY_PBS_USE_BRDF1 UNITY_SPECCUBE_BOX_PROJECTION UNITY_SPECCUBE_BLENDING UNITY_ENABLE_DETAIL_NORMALMAP SHADER_API_DESKTOP UNITY_COLORSPACE_GAMMA UNITY_LIGHT_PROBE_PROXY_VOLUME UNITY_LIGHTMAP_FULL_HDR UNITY_PASS_FORWARDBASE dkw=_EMISSION SOFTPARTICLES_ON SHADOWS_SHADOWMASK FOG_LINEAR FOG_EXP FOG_EXP2 INSTANCING_ON PROCEDURAL_INSTANCING_ON _ALPHATEST_ON _ALPHAPREMULTIPLY_ON _ALPHAMODULATE_ON _METALLICGLOSSMAP _NORMALMAP EFFECT_BUMP LIGHTPROBE_SH SHADOWS_SCREEN LIGHTMAP_SHADOW_MIXING UNITY_NO_DXT5nm UNITY_ENABLE_NATIVE_SHADOW_LOOKUPS UNITY_METAL_SHADOWS_USE_POINT_FILTERING UNITY_NO_SCREENSPACE_SHADOWS UNITY_PBS_USE_BRDF2 UNITY_PBS_USE_BRDF3 UNITY_NO_FULL_STANDARD_SHADER UNITY_HARDWARE_TIER1 UNITY_HARDWARE_TIER2 UNITY_HARDWARE_TIER3 UNITY_HALF_PRECISION_FRAGMENT_SHADER_REGISTERS UNITY_LIGHTMAP_DLDR_ENCODING UNITY_LIGHTMAP_RGBM_ENCODING UNITY_VIRTUAL_TEXTURING ok=1
Cmd: compileSnippet
  api=4 type=1 insize=41135714 outsize=6518 kw=DIRECTIONAL LIGHTPROBE_SH PROCEDURAL_INSTANCING_ON pd=UNITY_ENABLE_REFLECTION_BUFFERS UNITY_USE_DITHER_MASK_FOR_ALPHABLENDED_SHADOWS UNITY_PBS_USE_BRDF1 UNITY_SPECCUBE_BOX_PROJECTION UNITY_SPECCUBE_BLENDING UNITY_ENABLE_DETAIL_NORMALMAP SHADER_API_DESKTOP UNITY_COLORSPACE_GAMMA UNITY_LIGHT_PROBE_PROXY_VOLUME UNITY_LIGHTMAP_FULL_HDR UNITY_PASS_FORWARDBASE dkw=_EMISSION SOFTPARTICLES_ON SHADOWS_SHADOWMASK FOG_LINEAR FOG_EXP FOG_EXP2 INSTANCING_ON _ALPHATEST_ON _ALPHABLEND_ON _ALPHAPREMULTIPLY_ON _ALPHAMODULATE_ON _METALLICGLOSSMAP _NORMALMAP _FADING_ON _REQUIRE_UV2 EFFECT_BUMP SHADOWS_SCREEN LIGHTMAP_SHADOW_MIXING UNITY_NO_DXT5nm UNITY_ENABLE_NATIVE_SHADOW_LOOKUPS UNITY_METAL_SHADOWS_USE_POINT_FILTERING UNITY_NO_SCREENSPACE_SHADOWS UNITY_PBS_USE_BRDF2 UNITY_PBS_USE_BRDF3 UNITY_NO_FULL_STANDARD_SHADER UNITY_HARDWARE_TIER1 UNITY_HARDWARE_TIER2 UNITY_HARDWARE_TIER3 UNITY_HALF_PRECISION_FRAGMENT_SHADER_REGISTERS UNITY_LIGHTMAP_DLDR_ENCODING UNITY_LIGHTMAP_RGBM_ENCODING UNITY_VIRTUAL_TEXTURING ok=1
Cmd: compileSnippet
  api=4 type=1 insize=41135714 outsize=7142 kw=DIRECTIONAL SHADOWS_SCREEN LIGHTPROBE_SH PROCEDURAL_INSTANCING_ON _ALPHATEST_ON pd=UNITY_ENABLE_REFLECTION_BUFFERS UNITY_USE_DITHER_MASK_FOR_ALPHABLENDED_SHADOWS UNITY_PBS_USE_BRDF1 UNITY_SPECCUBE_BOX_PROJECTION UNITY_SPECCUBE_BLENDING UNITY_ENABLE_DETAIL_NORMALMAP SHADER_API_DESKTOP UNITY_COLORSPACE_GAMMA UNITY_LIGHT_PROBE_PROXY_VOLUME UNITY_LIGHTMAP_FULL_HDR UNITY_PASS_FORWARDBASE dkw=_EMISSION SOFTPARTICLES_ON SHADOWS_SHADOWMASK FOG_LINEAR FOG_EXP FOG_EXP2 INSTANCING_ON _ALPHABLEND_ON _ALPHAPREMULTIPLY_ON _ALPHAMODULATE_ON _METALLICGLOSSMAP _NORMALMAP _FADING_ON _REQUIRE_UV2 EFFECT_BUMP LIGHTMAP_SHADOW_MIXING UNITY_NO_DXT5nm UNITY_ENABLE_NATIVE_SHADOW_LOOKUPS UNITY_METAL_SHADOWS_USE_POINT_FILTERING UNITY_NO_SCREENSPACE_SHADOWS UNITY_PBS_USE_BRDF2 UNITY_PBS_USE_BRDF3 UNITY_NO_FULL_STANDARD_SHADER UNITY_HARDWARE_TIER1 UNITY_HARDWARE_TIER2 UNITY_HARDWARE_TIER3 UNITY_HALF_PRECISION_FRAGMENT_SHADER_REGISTERS UNITY_LIGHTMAP_DLDR_ENCODING UNITY_LIGHTMAP_RGBM_ENCODING UNITY_VIRTUAL_TEXTURING ok=1
Cmd: compileSnippet
  api=4 type=1 insize=41135714 outsize=7178 kw=DIRECTIONAL SHADOWS_SCREEN LIGHTPROBE_SH PROCEDURAL_INSTANCING_ON _ALPHABLEND_ON _REQUIRE_UV2 pd=UNITY_ENABLE_REFLECTION_BUFFERS UNITY_USE_DITHER_MASK_FOR_ALPHABLENDED_SHADOWS UNITY_PBS_USE_BRDF1 UNITY_SPECCUBE_BOX_PROJECTION UNITY_SPECCUBE_BLENDING UNITY_ENABLE_DETAIL_NORMALMAP SHADER_API_DESKTOP UNITY_COLORSPACE_GAMMA UNITY_LIGHT_PROBE_PROXY_VOLUME UNITY_LIGHTMAP_FULL_HDR UNITY_PASS_FORWARDBASE dkw=_EMISSION SOFTPARTICLES_ON SHADOWS_SHADOWMASK FOG_LINEAR FOG_EXP FOG_EXP2 INSTANCING_ON _ALPHATEST_ON _ALPHAPREMULTIPLY_ON _ALPHAMODULATE_ON _METALLICGLOSSMAP _NORMALMAP _FADING_ON EFFECT_BUMP LIGHTMAP_SHADOW_MIXING UNITY_NO_DXT5nm UNITY_ENABLE_NATIVE_SHADOW_LOOKUPS UNITY_METAL_SHADOWS_USE_POINT_FILTERING UNITY_NO_SCREENSPACE_SHADOWS UNITY_PBS_USE_BRDF2 UNITY_PBS_USE_BRDF3 UNITY_NO_FULL_STANDARD_SHADER UNITY_HARDWARE_TIER1 UNITY_HARDWARE_TIER2 UNITY_HARDWARE_TIER3 UNITY_HALF_PRECISION_FRAGMENT_SHADER_REGISTERS UNITY_LIGHTMAP_DLDR_ENCODING UNITY_LIGHTMAP_RGBM_ENCODING UNITY_VIRTUAL_TEXTURING ok=1
Cmd: compileSnippet
  api=4 type=1 insize=41135714 outsize=6778 kw=DIRECTIONAL PROCEDURAL_INSTANCING_ON _ALPHABLEND_ON _REQUIRE_UV2 _FADING_ON pd=UNITY_ENABLE_REFLECTION_BUFFERS UNITY_USE_DITHER_MASK_FOR_ALPHABLENDED_SHADOWS UNITY_PBS_USE_BRDF1 UNITY_SPECCUBE_BOX_PROJECTION UNITY_SPECCUBE_BLENDING UNITY_ENABLE_DETAIL_NORMALMAP SHADER_API_DESKTOP UNITY_COLORSPACE_GAMMA UNITY_LIGHT_PROBE_PROXY_VOLUME UNITY_LIGHTMAP_FULL_HDR UNITY_PASS_FORWARDBASE dkw=_EMISSION SOFTPARTICLES_ON SHADOWS_SHADOWMASK FOG_LINEAR FOG_EXP FOG_EXP2 INSTANCING_ON _ALPHATEST_ON _ALPHAPREMULTIPLY_ON _ALPHAMODULATE_ON _METALLICGLOSSMAP _NORMALMAP EFFECT_BUMP LIGHTPROBE_SH SHADOWS_SCREEN LIGHTMAP_SHADOW_MIXING UNITY_NO_DXT5nm UNITY_ENABLE_NATIVE_SHADOW_LOOKUPS UNITY_METAL_SHADOWS_USE_POINT_FILTERING UNITY_NO_SCREENSPACE_SHADOWS UNITY_PBS_USE_BRDF2 UNITY_PBS_USE_BRDF3 UNITY_NO_FULL_STANDARD_SHADER UNITY_HARDWARE_TIER1 UNITY_HARDWARE_TIER2 UNITY_HARDWARE_TIER3 UNITY_HALF_PRECISION_FRAGMENT_SHADER_REGISTERS UNITY_LIGHTMAP_DLDR_ENCODING UNITY_LIGHTMAP_RGBM_ENCODING UNITY_VIRTUAL_TEXTURING ok=1
Cmd: compileSnippet
  api=4 type=1 insize=41135714 outsize=7086 kw=DIRECTIONAL SHADOWS_SCREEN SOFTPARTICLES_ON _REQUIRE_UV2 _FADING_ON pd=UNITY_ENABLE_REFLECTION_BUFFERS UNITY_USE_DITHER_MASK_FOR_ALPHABLENDED_SHADOWS UNITY_PBS_USE_BRDF1 UNITY_SPECCUBE_BOX_PROJECTION UNITY_SPECCUBE_BLENDING UNITY_ENABLE_DETAIL_NORMALMAP SHADER_API_DESKTOP UNITY_COLORSPACE_GAMMA UNITY_LIGHT_PROBE_PROXY_VOLUME UNITY_LIGHTMAP_FULL_HDR UNITY_PASS_FORWARDBASE dkw=_EMISSION SHADOWS_SHADOWMASK FOG_LINEAR FOG_EXP FOG_EXP2 INSTANCING_ON PROCEDURAL_INSTANCING_ON _ALPHATEST_ON _ALPHABLEND_ON _ALPHAPREMULTIPLY_ON _ALPHAMODULATE_ON _METALLICGLOSSMAP _NORMALMAP EFFECT_BUMP LIGHTPROBE_SH LIGHTMAP_SHADOW_MIXING UNITY_NO_DXT5nm UNITY_ENABLE_NATIVE_SHADOW_LOOKUPS UNITY_METAL_SHADOWS_USE_POINT_FILTERING UNITY_NO_SCREENSPACE_SHADOWS UNITY_PBS_USE_BRDF2 UNITY_PBS_USE_BRDF3 UNITY_NO_FULL_STANDARD_SHADER UNITY_HARDWARE_TIER1 UNITY_HARDWARE_TIER2 UNITY_HARDWARE_TIER3 UNITY_HALF_PRECISION_FRAGMENT_SHADER_REGISTERS UNITY_LIGHTMAP_DLDR_ENCODING UNITY_LIGHTMAP_RGBM_ENCODING UNITY_VIRTUAL_TEXTURING ok=1
Cmd: compileSnippet
  api=4 type=1 insize=41135714 outsize=7086 kw=DIRECTIONAL SHADOWS_SCREEN LIGHTPROBE_SH SOFTPARTICLES_ON _REQUIRE_UV2 _FADING_ON pd=UNITY_ENABLE_REFLECTION_BUFFERS UNITY_USE_DITHER_MASK_FOR_ALPHABLENDED_SHADOWS UNITY_PBS_USE_BRDF1 UNITY_SPECCUBE_BOX_PROJECTION UNITY_SPECCUBE_BLENDING UNITY_ENABLE_DETAIL_NORMALMAP SHADER_API_DESKTOP UNITY_COLORSPACE_GAMMA UNITY_LIGHT_PROBE_PROXY_VOLUME UNITY_LIGHTMAP_FULL_HDR UNITY_PASS_FORWARDBASE dkw=_EMISSION SHADOWS_SHADOWMASK FOG_LINEAR FOG_EXP FOG_EXP2 INSTANCING_ON PROCEDURAL_INSTANCING_ON _ALPHATEST_ON _ALPHABLEND_ON _ALPHAPREMULTIPLY_ON _ALPHAMODULATE_ON _METALLICGLOSSMAP _NORMALMAP EFFECT_BUMP LIGHTMAP_SHADOW_MIXING UNITY_NO_DXT5nm UNITY_ENABLE_NATIVE_SHADOW_LOOKUPS UNITY_METAL_SHADOWS_USE_POINT_FILTERING UNITY_NO_SCREENSPACE_SHADOWS UNITY_PBS_USE_BRDF2 UNITY_PBS_USE_BRDF3 UNITY_NO_FULL_STANDARD_SHADER UNITY_HARDWARE_TIER1 UNITY_HARDWARE_TIER2 UNITY_HARDWARE_TIER3 UNITY_HALF_PRECISION_FRAGMENT_SHADER_REGISTERS UNITY_LIGHTMAP_DLDR_ENCODING UNITY_LIGHTMAP_RGBM_ENCODING UNITY_VIRTUAL_TEXTURING ok=1
Cmd: compileSnippet
  api=4 type=1 insize=41135714 outsize=6582 kw=DIRECTIONAL SOFTPARTICLES_ON _REQUIRE_UV2 pd=UNITY_ENABLE_REFLECTION_BUFFERS UNITY_USE_DITHER_MASK_FOR_ALPHABLENDED_SHADOWS UNITY_PBS_USE_BRDF1 UNITY_SPECCUBE_BOX_PROJECTION UNITY_SPECCUBE_BLENDING UNITY_ENABLE_DETAIL_NORMALMAP SHADER_API_DESKTOP UNITY_COLORSPACE_GAMMA UNITY_LIGHT_PROBE_PROXY_VOLUME UNITY_LIGHTMAP_FULL_HDR UNITY_PASS_FORWARDBASE dkw=_EMISSION SHADOWS_SHADOWMASK FOG_LINEAR FOG_EXP FOG_EXP2 INSTANCING_ON PROCEDURAL_INSTANCING_ON _ALPHATEST_ON _ALPHABLEND_ON _ALPHAPREMULTIPLY_ON _ALPHAMODULATE_ON _METALLICGLOSSMAP _NORMALMAP _FADING_ON EFFECT_BUMP LIGHTPROBE_SH SHADOWS_SCREEN LIGHTMAP_SHADOW_MIXING UNITY_NO_DXT5nm UNITY_ENABLE_NATIVE_SHADOW_LOOKUPS UNITY_METAL_SHADOWS_USE_POINT_FILTERING UNITY_NO_SCREENSPACE_SHADOWS UNITY_PBS_USE_BRDF2 UNITY_PBS_USE_BRDF3 UNITY_NO_FULL_STANDARD_SHADER UNITY_HARDWARE_TIER1 UNITY_HARDWARE_TIER2 UNITY_HARDWARE_TIER3 UNITY_HALF_PRECISION_FRAGMENT_SHADER_REGISTERS UNITY_LIGHTMAP_DLDR_ENCODING UNITY_LIGHTMAP_RGBM_ENCODING UNITY_VIRTUAL_TEXTURING ok=1
Cmd: compileSnippet
  api=4 type=1 insize=41135714 outsize=6690 kw=DIRECTIONAL LIGHTPROBE_SH SOFTPARTICLES_ON PROCEDURAL_INSTANCING_ON _ALPHABLEND_ON _REQUIRE_UV2 pd=UNITY_ENABLE_REFLECTION_BUFFERS UNITY_USE_DITHER_MASK_FOR_ALPHABLENDED_SHADOWS UNITY_PBS_USE_BRDF1 UNITY_SPECCUBE_BOX_PROJECTION UNITY_SPECCUBE_BLENDING UNITY_ENABLE_DETAIL_NORMALMAP SHADER_API_DESKTOP UNITY_COLORSPACE_GAMMA UNITY_LIGHT_PROBE_PROXY_VOLUME UNITY_LIGHTMAP_FULL_HDR UNITY_PASS_FORWARDBASE dkw=_EMISSION SHADOWS_SHADOWMASK FOG_LINEAR FOG_EXP FOG_EXP2 INSTANCING_ON _ALPHATEST_ON _ALPHAPREMULTIPLY_ON _ALPHAMODULATE_ON _METALLICGLOSSMAP _NORMALMAP _FADING_ON EFFECT_BUMP SHADOWS_SCREEN LIGHTMAP_SHADOW_MIXING UNITY_NO_DXT5nm UNITY_ENABLE_NATIVE_SHADOW_LOOKUPS UNITY_METAL_SHADOWS_USE_POINT_FILTERING UNITY_NO_SCREENSPACE_SHADOWS UNITY_PBS_USE_BRDF2 UNITY_PBS_USE_BRDF3 UNITY_NO_FULL_STANDARD_SHADER UNITY_HARDWARE_TIER1 UNITY_HARDWARE_TIER2 UNITY_HARDWARE_TIER3 UNITY_HALF_PRECISION_FRAGMENT_SHADER_REGISTERS UNITY_LIGHTMAP_DLDR_ENCODING UNITY_LIGHTMAP_RGBM_ENCODING UNITY_VIRTUAL_TEXTURING ok=1
Cmd: compileSnippet
  api=4 type=1 insize=41135714 outsize=7202 kw=DIRECTIONAL SHADOWS_SCREEN SOFTPARTICLES_ON PROCEDURAL_INSTANCING_ON _REQUIRE_UV2 _FADING_ON pd=UNITY_ENABLE_REFLECTION_BUFFERS UNITY_USE_DITHER_MASK_FOR_ALPHABLENDED_SHADOWS UNITY_PBS_USE_BRDF1 UNITY_SPECCUBE_BOX_PROJECTION UNITY_SPECCUBE_BLENDING UNITY_ENABLE_DETAIL_NORMALMAP SHADER_API_DESKTOP UNITY_COLORSPACE_GAMMA UNITY_LIGHT_PROBE_PROXY_VOLUME UNITY_LIGHTMAP_FULL_HDR UNITY_PASS_FORWARDBASE dkw=_EMISSION SHADOWS_SHADOWMASK FOG_LINEAR FOG_EXP FOG_EXP2 INSTANCING_ON _ALPHATEST_ON _ALPHABLEND_ON _ALPHAPREMULTIPLY_ON _ALPHAMODULATE_ON _METALLICGLOSSMAP _NORMALMAP EFFECT_BUMP LIGHTPROBE_SH LIGHTMAP_SHADOW_MIXING UNITY_NO_DXT5nm UNITY_ENABLE_NATIVE_SHADOW_LOOKUPS UNITY_METAL_SHADOWS_USE_POINT_FILTERING UNITY_NO_SCREENSPACE_SHADOWS UNITY_PBS_USE_BRDF2 UNITY_PBS_USE_BRDF3 UNITY_NO_FULL_STANDARD_SHADER UNITY_HARDWARE_TIER1 UNITY_HARDWARE_TIER2 UNITY_HARDWARE_TIER3 UNITY_HALF_PRECISION_FRAGMENT_SHADER_REGISTERS UNITY_LIGHTMAP_DLDR_ENCODING UNITY_LIGHTMAP_RGBM_ENCODING UNITY_VIRTUAL_TEXTURING ok=1
Cmd: compileSnippet
  api=4 type=1 insize=41135714 outsize=7690 kw=DIRECTIONAL SHADOWS_SCREEN LIGHTPROBE_SH SOFTPARTICLES_ON PROCEDURAL_INSTANCING_ON _ALPHABLEND_ON _REQUIRE_UV2 _FADING_ON pd=UNITY_ENABLE_REFLECTION_BUFFERS UNITY_USE_DITHER_MASK_FOR_ALPHABLENDED_SHADOWS UNITY_PBS_USE_BRDF1 UNITY_SPECCUBE_BOX_PROJECTION UNITY_SPECCUBE_BLENDING UNITY_ENABLE_DETAIL_NORMALMAP SHADER_API_DESKTOP UNITY_COLORSPACE_GAMMA UNITY_LIGHT_PROBE_PROXY_VOLUME UNITY_LIGHTMAP_FULL_HDR UNITY_PASS_FORWARDBASE dkw=_EMISSION SHADOWS_SHADOWMASK FOG_LINEAR FOG_EXP FOG_EXP2 INSTANCING_ON _ALPHATEST_ON _ALPHAPREMULTIPLY_ON _ALPHAMODULATE_ON _METALLICGLOSSMAP _NORMALMAP EFFECT_BUMP LIGHTMAP_SHADOW_MIXING UNITY_NO_DXT5nm UNITY_ENABLE_NATIVE_SHADOW_LOOKUPS UNITY_METAL_SHADOWS_USE_POINT_FILTERING UNITY_NO_SCREENSPACE_SHADOWS UNITY_PBS_USE_BRDF2 UNITY_PBS_USE_BRDF3 UNITY_NO_FULL_STANDARD_SHADER UNITY_HARDWARE_TIER1 UNITY_HARDWARE_TIER2 UNITY_HARDWARE_TIER3 UNITY_HALF_PRECISION_FRAGMENT_SHADER_REGISTERS UNITY_LIGHTMAP_DLDR_ENCODING UNITY_LIGHTMAP_RGBM_ENCODING UNITY_VIRTUAL_TEXTURING ok=1
Cmd: compileSnippet
  api=4 type=1 insize=41135714 outsize=7178 kw=DIRECTIONAL SOFTPARTICLES_ON PROCEDURAL_INSTANCING_ON _ALPHABLEND_ON _REQUIRE_UV2 _FADING_ON pd=UNITY_ENABLE_REFLECTION_BUFFERS UNITY_USE_DITHER_MASK_FOR_ALPHABLENDED_SHADOWS UNITY_PBS_USE_BRDF1 UNITY_SPECCUBE_BOX_PROJECTION UNITY_SPECCUBE_BLENDING UNITY_ENABLE_DETAIL_NORMALMAP SHADER_API_DESKTOP UNITY_COLORSPACE_GAMMA UNITY_LIGHT_PROBE_PROXY_VOLUME UNITY_LIGHTMAP_FULL_HDR UNITY_PASS_FORWARDBASE dkw=_EMISSION SHADOWS_SHADOWMASK FOG_LINEAR FOG_EXP FOG_EXP2 INSTANCING_ON _ALPHATEST_ON _ALPHAPREMULTIPLY_ON _ALPHAMODULATE_ON _METALLICGLOSSMAP _NORMALMAP EFFECT_BUMP LIGHTPROBE_SH SHADOWS_SCREEN LIGHTMAP_SHADOW_MIXING UNITY_NO_DXT5nm UNITY_ENABLE_NATIVE_SHADOW_LOOKUPS UNITY_METAL_SHADOWS_USE_POINT_FILTERING UNITY_NO_SCREENSPACE_SHADOWS UNITY_PBS_USE_BRDF2 UNITY_PBS_USE_BRDF3 UNITY_NO_FULL_STANDARD_SHADER UNITY_HARDWARE_TIER1 UNITY_HARDWARE_TIER2 UNITY_HARDWARE_TIER3 UNITY_HALF_PRECISION_FRAGMENT_SHADER_REGISTERS UNITY_LIGHTMAP_DLDR_ENCODING UNITY_LIGHTMAP_RGBM_ENCODING UNITY_VIRTUAL_TEXTURING ok=1
Cmd: compileSnippet
  api=4 type=0 insize=33450975 outsize=1562 kw=LIGHTPROBE_SH UNITY_HDR_ON _REQUIRE_UV2 pd=UNITY_ENABLE_REFLECTION_BUFFERS UNITY_USE_DITHER_MASK_FOR_ALPHABLENDED_SHADOWS UNITY_PBS_USE_BRDF1 UNITY_SPECCUBE_BOX_PROJECTION UNITY_SPECCUBE_BLENDING UNITY_ENABLE_DETAIL_NORMALMAP SHADER_API_DESKTOP UNITY_COLORSPACE_GAMMA UNITY_LIGHT_PROBE_PROXY_VOLUME UNITY_LIGHTMAP_FULL_HDR UNITY_PASS_DEFERRED dkw=SOFTPARTICLES_ON SHADOWS_SHADOWMASK INSTANCING_ON PROCEDURAL_INSTANCING_ON _NORMALMAP _FADING_ON EFFECT_BUMP UNITY_NO_DXT5nm UNITY_ENABLE_NATIVE_SHADOW_LOOKUPS UNITY_METAL_SHADOWS_USE_POINT_FILTERING UNITY_NO_SCREENSPACE_SHADOWS UNITY_PBS_USE_BRDF2 UNITY_PBS_USE_BRDF3 UNITY_NO_FULL_STANDARD_SHADER UNITY_HARDWARE_TIER1 UNITY_HARDWARE_TIER2 UNITY_HARDWARE_TIER3 UNITY_HALF_PRECISION_FRAGMENT_SHADER_REGISTERS UNITY_LIGHTMAP_DLDR_ENCODING UNITY_LIGHTMAP_RGBM_ENCODING UNITY_VIRTUAL_TEXTURING ok=1
Cmd: compileSnippet
  api=4 type=0 insize=33450975 outsize=2090 kw=_REQUIRE_UV2 _FADING_ON pd=UNITY_ENABLE_REFLECTION_BUFFERS UNITY_USE_DITHER_MASK_FOR_ALPHABLENDED_SHADOWS UNITY_PBS_USE_BRDF1 UNITY_SPECCUBE_BOX_PROJECTION UNITY_SPECCUBE_BLENDING UNITY_ENABLE_DETAIL_NORMALMAP SHADER_API_DESKTOP UNITY_COLORSPACE_GAMMA UNITY_LIGHT_PROBE_PROXY_VOLUME UNITY_LIGHTMAP_FULL_HDR UNITY_PASS_DEFERRED dkw=SOFTPARTICLES_ON SHADOWS_SHADOWMASK INSTANCING_ON PROCEDURAL_INSTANCING_ON _NORMALMAP EFFECT_BUMP LIGHTPROBE_SH UNITY_HDR_ON UNITY_NO_DXT5nm UNITY_ENABLE_NATIVE_SHADOW_LOOKUPS UNITY_METAL_SHADOWS_USE_POINT_FILTERING UNITY_NO_SCREENSPACE_SHADOWS UNITY_PBS_USE_BRDF2 UNITY_PBS_USE_BRDF3 UNITY_NO_FULL_STANDARD_SHADER UNITY_HARDWARE_TIER1 UNITY_HARDWARE_TIER2 UNITY_HARDWARE_TIER3 UNITY_HALF_PRECISION_FRAGMENT_SHADER_REGISTERS UNITY_LIGHTMAP_DLDR_ENCODING UNITY_LIGHTMAP_RGBM_ENCODING UNITY_VIRTUAL_TEXTURING ok=1
Cmd: compileSnippet
  api=4 type=0 insize=33450975 outsize=3982 kw=LIGHTPROBE_SH UNITY_HDR_ON PROCEDURAL_INSTANCING_ON _REQUIRE_UV2 _FADING_ON pd=UNITY_ENABLE_REFLECTION_BUFFERS UNITY_USE_DITHER_MASK_FOR_ALPHABLENDED_SHADOWS UNITY_PBS_USE_BRDF1 UNITY_SPECCUBE_BOX_PROJECTION UNITY_SPECCUBE_BLENDING UNITY_ENABLE_DETAIL_NORMALMAP SHADER_API_DESKTOP UNITY_COLORSPACE_GAMMA UNITY_LIGHT_PROBE_PROXY_VOLUME UNITY_LIGHTMAP_FULL_HDR UNITY_PASS_DEFERRED dkw=SOFTPARTICLES_ON SHADOWS_SHADOWMASK INSTANCING_ON _NORMALMAP EFFECT_BUMP UNITY_NO_DXT5nm UNITY_ENABLE_NATIVE_SHADOW_LOOKUPS UNITY_METAL_SHADOWS_USE_POINT_FILTERING UNITY_NO_SCREENSPACE_SHADOWS UNITY_PBS_USE_BRDF2 UNITY_PBS_USE_BRDF3 UNITY_NO_FULL_STANDARD_SHADER UNITY_HARDWARE_TIER1 UNITY_HARDWARE_TIER2 UNITY_HARDWARE_TIER3 UNITY_HALF_PRECISION_FRAGMENT_SHADER_REGISTERS UNITY_LIGHTMAP_DLDR_ENCODING UNITY_LIGHTMAP_RGBM_ENCODING UNITY_VIRTUAL_TEXTURING ok=1
Cmd: compileSnippet
  api=4 type=0 insize=33450975 outsize=2090 kw=LIGHTPROBE_SH SOFTPARTICLES_ON UNITY_HDR_ON _REQUIRE_UV2 _FADING_ON pd=UNITY_ENABLE_REFLECTION_BUFFERS UNITY_USE_DITHER_MASK_FOR_ALPHABLENDED_SHADOWS UNITY_PBS_USE_BRDF1 UNITY_SPECCUBE_BOX_PROJECTION UNITY_SPECCUBE_BLENDING UNITY_ENABLE_DETAIL_NORMALMAP SHADER_API_DESKTOP UNITY_COLORSPACE_GAMMA UNITY_LIGHT_PROBE_PROXY_VOLUME UNITY_LIGHTMAP_FULL_HDR UNITY_PASS_DEFERRED dkw=SHADOWS_SHADOWMASK INSTANCING_ON PROCEDURAL_INSTANCING_ON _NORMALMAP EFFECT_BUMP UNITY_NO_DXT5nm UNITY_ENABLE_NATIVE_SHADOW_LOOKUPS UNITY_METAL_SHADOWS_USE_POINT_FILTERING UNITY_NO_SCREENSPACE_SHADOWS UNITY_PBS_USE_BRDF2 UNITY_PBS_USE_BRDF3 UNITY_NO_FULL_STANDARD_SHADER UNITY_HARDWARE_TIER1 UNITY_HARDWARE_TIER2 UNITY_HARDWARE_TIER3 UNITY_HALF_PRECISION_FRAGMENT_SHADER_REGISTERS UNITY_LIGHTMAP_DLDR_ENCODING UNITY_LIGHTMAP_RGBM_ENCODING UNITY_VIRTUAL_TEXTURING ok=1
Cmd: compileSnippet
  api=4 type=0 insize=33450975 outsize=3982 kw=LIGHTPROBE_SH SOFTPARTICLES_ON PROCEDURAL_INSTANCING_ON _REQUIRE_UV2 _FADING_ON pd=UNITY_ENABLE_REFLECTION_BUFFERS UNITY_USE_DITHER_MASK_FOR_ALPHABLENDED_SHADOWS UNITY_PBS_USE_BRDF1 UNITY_SPECCUBE_BOX_PROJECTION UNITY_SPECCUBE_BLENDING UNITY_ENABLE_DETAIL_NORMALMAP SHADER_API_DESKTOP UNITY_COLORSPACE_GAMMA UNITY_LIGHT_PROBE_PROXY_VOLUME UNITY_LIGHTMAP_FULL_HDR UNITY_PASS_DEFERRED dkw=SHADOWS_SHADOWMASK INSTANCING_ON _NORMALMAP EFFECT_BUMP UNITY_HDR_ON UNITY_NO_DXT5nm UNITY_ENABLE_NATIVE_SHADOW_LOOKUPS UNITY_METAL_SHADOWS_USE_POINT_FILTERING UNITY_NO_SCREENSPACE_SHADOWS UNITY_PBS_USE_BRDF2 UNITY_PBS_USE_BRDF3 UNITY_NO_FULL_STANDARD_SHADER UNITY_HARDWARE_TIER1 UNITY_HARDWARE_TIER2 UNITY_HARDWARE_TIER3 UNITY_HALF_PRECISION_FRAGMENT_SHADER_REGISTERS UNITY_LIGHTMAP_DLDR_ENCODING UNITY_LIGHTMAP_RGBM_ENCODING UNITY_VIRTUAL_TEXTURING ok=1
Cmd: compileSnippet
  api=4 type=0 insize=33450975 outsize=3982 kw=SOFTPARTICLES_ON PROCEDURAL_INSTANCING_ON _REQUIRE_UV2 pd=UNITY_ENABLE_REFLECTION_BUFFERS UNITY_USE_DITHER_MASK_FOR_ALPHABLENDED_SHADOWS UNITY_PBS_USE_BRDF1 UNITY_SPECCUBE_BOX_PROJECTION UNITY_SPECCUBE_BLENDING UNITY_ENABLE_DETAIL_NORMALMAP SHADER_API_DESKTOP UNITY_COLORSPACE_GAMMA UNITY_LIGHT_PROBE_PROXY_VOLUME UNITY_LIGHTMAP_FULL_HDR UNITY_PASS_DEFERRED dkw=SHADOWS_SHADOWMASK INSTANCING_ON _NORMALMAP _FADING_ON EFFECT_BUMP LIGHTPROBE_SH UNITY_HDR_ON UNITY_NO_DXT5nm UNITY_ENABLE_NATIVE_SHADOW_LOOKUPS UNITY_METAL_SHADOWS_USE_POINT_FILTERING UNITY_NO_SCREENSPACE_SHADOWS UNITY_PBS_USE_BRDF2 UNITY_PBS_USE_BRDF3 UNITY_NO_FULL_STANDARD_SHADER UNITY_HARDWARE_TIER1 UNITY_HARDWARE_TIER2 UNITY_HARDWARE_TIER3 UNITY_HALF_PRECISION_FRAGMENT_SHADER_REGISTERS UNITY_LIGHTMAP_DLDR_ENCODING UNITY_LIGHTMAP_RGBM_ENCODING UNITY_VIRTUAL_TEXTURING ok=1
Cmd: compileSnippet
  api=4 type=1 insize=33450975 outsize=2462 kw=LIGHTPROBE_SH _ALPHABLEND_ON _REQUIRE_UV2 _FADING_ON pd=UNITY_ENABLE_REFLECTION_BUFFERS UNITY_USE_DITHER_MASK_FOR_ALPHABLENDED_SHADOWS UNITY_PBS_USE_BRDF1 UNITY_SPECCUBE_BOX_PROJECTION UNITY_SPECCUBE_BLENDING UNITY_ENABLE_DETAIL_NORMALMAP SHADER_API_DESKTOP UNITY_COLORSPACE_GAMMA UNITY_LIGHT_PROBE_PROXY_VOLUME UNITY_LIGHTMAP_FULL_HDR UNITY_PASS_DEFERRED dkw=_EMISSION SOFTPARTICLES_ON SHADOWS_SHADOWMASK INSTANCING_ON PROCEDURAL_INSTANCING_ON _ALPHATEST_ON _ALPHAPREMULTIPLY_ON _ALPHAMODULATE_ON _METALLICGLOSSMAP _NORMALMAP EFFECT_BUMP UNITY_HDR_ON UNITY_NO_DXT5nm UNITY_ENABLE_NATIVE_SHADOW_LOOKUPS UNITY_METAL_SHADOWS_USE_POINT_FILTERING UNITY_NO_SCREENSPACE_SHADOWS UNITY_PBS_USE_BRDF2 UNITY_PBS_USE_BRDF3 UNITY_NO_FULL_STANDARD_SHADER UNITY_HARDWARE_TIER1 UNITY_HARDWARE_TIER2 UNITY_HARDWARE_TIER3 UNITY_HALF_PRECISION_FRAGMENT_SHADER_REGISTERS UNITY_LIGHTMAP_DLDR_ENCODING UNITY_LIGHTMAP_RGBM_ENCODING UNITY_VIRTUAL_TEXTURING ok=1
Cmd: compileSnippet
  api=4 type=1 insize=33450975 outsize=2438 kw=UNITY_HDR_ON _ALPHABLEND_ON _REQUIRE_UV2 _FADING_ON pd=UNITY_ENABLE_REFLECTION_BUFFERS UNITY_USE_DITHER_MASK_FOR_ALPHABLENDED_SHADOWS UNITY_PBS_USE_BRDF1 UNITY_SPECCUBE_BOX_PROJECTION UNITY_SPECCUBE_BLENDING UNITY_ENABLE_DETAIL_NORMALMAP SHADER_API_DESKTOP UNITY_COLORSPACE_GAMMA UNITY_LIGHT_PROBE_PROXY_VOLUME UNITY_LIGHTMAP_FULL_HDR UNITY_PASS_DEFERRED dkw=_EMISSION SOFTPARTICLES_ON SHADOWS_SHADOWMASK INSTANCING_ON PROCEDURAL_INSTANCING_ON _ALPHATEST_ON _ALPHAPREMULTIPLY_ON _ALPHAMODULATE_ON _METALLICGLOSSMAP _NORMALMAP EFFECT_BUMP LIGHTPROBE_SH UNITY_NO_DXT5nm UNITY_ENABLE_NATIVE_SHADOW_LOOKUPS UNITY_METAL_SHADOWS_USE_POINT_FILTERING UNITY_NO_SCREENSPACE_SHADOWS UNITY_PBS_USE_BRDF2 UNITY_PBS_USE_BRDF3 UNITY_NO_FULL_STANDARD_SHADER UNITY_HARDWARE_TIER1 UNITY_HARDWARE_TIER2 UNITY_HARDWARE_TIER3 UNITY_HALF_PRECISION_FRAGMENT_SHADER_REGISTERS UNITY_LIGHTMAP_DLDR_ENCODING UNITY_LIGHTMAP_RGBM_ENCODING UNITY_VIRTUAL_TEXTURING ok=1
Cmd: compileSnippet
  api=4 type=1 insize=33450975 outsize=2410 kw=_ALPHATEST_ON pd=UNITY_ENABLE_REFLECTION_BUFFERS UNITY_USE_DITHER_MASK_FOR_ALPHABLENDED_SHADOWS UNITY_PBS_USE_BRDF1 UNITY_SPECCUBE_BOX_PROJECTION UNITY_SPECCUBE_BLENDING UNITY_ENABLE_DETAIL_NORMALMAP SHADER_API_DESKTOP UNITY_COLORSPACE_GAMMA UNITY_LIGHT_PROBE_PROXY_VOLUME UNITY_LIGHTMAP_FULL_HDR UNITY_PASS_DEFERRED dkw=_EMISSION SOFTPARTICLES_ON SHADOWS_SHADOWMASK INSTANCING_ON PROCEDURAL_INSTANCING_ON _ALPHABLEND_ON _ALPHAPREMULTIPLY_ON _ALPHAMODULATE_ON _METALLICGLOSSMAP _NORMALMAP _FADING_ON _REQUIRE_UV2 EFFECT_BUMP LIGHTPROBE_SH UNITY_HDR_ON UNITY_NO_DXT5nm UNITY_ENABLE_NATIVE_SHADOW_LOOKUPS UNITY_METAL_SHADOWS_USE_POINT_FILTERING UNITY_NO_SCREENSPACE_SHADOWS UNITY_PBS_USE_BRDF2 UNITY_PBS_USE_BRDF3 UNITY_NO_FULL_STANDARD_SHADER UNITY_HARDWARE_TIER1 UNITY_HARDWARE_TIER2 UNITY_HARDWARE_TIER3 UNITY_HALF_PRECISION_FRAGMENT_SHADER_REGISTERS UNITY_LIGHTMAP_DLDR_ENCODING UNITY_LIGHTMAP_RGBM_ENCODING UNITY_VIRTUAL_TEXTURING ok=1
Cmd: compileSnippet
  api=4 type=1 insize=33450975 outsize=2374 kw=PROCEDURAL_INSTANCING_ON pd=UNITY_ENABLE_REFLECTION_BUFFERS UNITY_USE_DITHER_MASK_FOR_ALPHABLENDED_SHADOWS UNITY_PBS_USE_BRDF1 UNITY_SPECCUBE_BOX_PROJECTION UNITY_SPECCUBE_BLENDING UNITY_ENABLE_DETAIL_NORMALMAP SHADER_API_DESKTOP UNITY_COLORSPACE_GAMMA UNITY_LIGHT_PROBE_PROXY_VOLUME UNITY_LIGHTMAP_FULL_HDR UNITY_PASS_DEFERRED dkw=_EMISSION SOFTPARTICLES_ON SHADOWS_SHADOWMASK INSTANCING_ON _ALPHATEST_ON _ALPHABLEND_ON _ALPHAPREMULTIPLY_ON _ALPHAMODULATE_ON _METALLICGLOSSMAP _NORMALMAP _FADING_ON _REQUIRE_UV2 EFFECT_BUMP LIGHTPROBE_SH UNITY_HDR_ON UNITY_NO_DXT5nm UNITY_ENABLE_NATIVE_SHADOW_LOOKUPS UNITY_METAL_SHADOWS_USE_POINT_FILTERING UNITY_NO_SCREENSPACE_SHADOWS UNITY_PBS_USE_BRDF2 UNITY_PBS_USE_BRDF3 UNITY_NO_FULL_STANDARD_SHADER UNITY_HARDWARE_TIER1 UNITY_HARDWARE_TIER2 UNITY_HARDWARE_TIER3 UNITY_HALF_PRECISION_FRAGMENT_SHADER_REGISTERS UNITY_LIGHTMAP_DLDR_ENCODING UNITY_LIGHTMAP_RGBM_ENCODING UNITY_VIRTUAL_TEXTURING ok=1
Cmd: compileSnippet
  api=4 type=1 insize=33450975 outsize=2498 kw=UNITY_HDR_ON PROCEDURAL_INSTANCING_ON _REQUIRE_UV2 pd=UNITY_ENABLE_REFLECTION_BUFFERS UNITY_USE_DITHER_MASK_FOR_ALPHABLENDED_SHADOWS UNITY_PBS_USE_BRDF1 UNITY_SPECCUBE_BOX_PROJECTION UNITY_SPECCUBE_BLENDING UNITY_ENABLE_DETAIL_NORMALMAP SHADER_API_DESKTOP UNITY_COLORSPACE_GAMMA UNITY_LIGHT_PROBE_PROXY_VOLUME UNITY_LIGHTMAP_FULL_HDR UNITY_PASS_DEFERRED dkw=_EMISSION SOFTPARTICLES_ON SHADOWS_SHADOWMASK INSTANCING_ON _ALPHATEST_ON _ALPHABLEND_ON _ALPHAPREMULTIPLY_ON _ALPHAMODULATE_ON _METALLICGLOSSMAP _NORMALMAP _FADING_ON EFFECT_BUMP LIGHTPROBE_SH UNITY_NO_DXT5nm UNITY_ENABLE_NATIVE_SHADOW_LOOKUPS UNITY_METAL_SHADOWS_USE_POINT_FILTERING UNITY_NO_SCREENSPACE_SHADOWS UNITY_PBS_USE_BRDF2 UNITY_PBS_USE_BRDF3 UNITY_NO_FULL_STANDARD_SHADER UNITY_HARDWARE_TIER1 UNITY_HARDWARE_TIER2 UNITY_HARDWARE_TIER3 UNITY_HALF_PRECISION_FRAGMENT_SHADER_REGISTERS UNITY_LIGHTMAP_DLDR_ENCODING UNITY_LIGHTMAP_RGBM_ENCODING UNITY_VIRTUAL_TEXTURING ok=1
Cmd: compileSnippet
  api=4 type=1 insize=33450975 outsize=2574 kw=LIGHTPROBE_SH _EMISSION UNITY_HDR_ON PROCEDURAL_INSTANCING_ON _ALPHATEST_ON pd=UNITY_ENABLE_REFLECTION_BUFFERS UNITY_USE_DITHER_MASK_FOR_ALPHABLENDED_SHADOWS UNITY_PBS_USE_BRDF1 UNITY_SPECCUBE_BOX_PROJECTION UNITY_SPECCUBE_BLENDING UNITY_ENABLE_DETAIL_NORMALMAP SHADER_API_DESKTOP UNITY_COLORSPACE_GAMMA UNITY_LIGHT_PROBE_PROXY_VOLUME UNITY_LIGHTMAP_FULL_HDR UNITY_PASS_DEFERRED dkw=SOFTPARTICLES_ON SHADOWS_SHADOWMASK INSTANCING_ON _ALPHABLEND_ON _ALPHAPREMULTIPLY_ON _ALPHAMODULATE_ON _METALLICGLOSSMAP _NORMALMAP _FADING_ON _REQUIRE_UV2 EFFECT_BUMP UNITY_NO_DXT5nm UNITY_ENABLE_NATIVE_SHADOW_LOOKUPS UNITY_METAL_SHADOWS_USE_POINT_FILTERING UNITY_NO_SCREENSPACE_SHADOWS UNITY_PBS_USE_BRDF2 UNITY_PBS_USE_BRDF3 UNITY_NO_FULL_STANDARD_SHADER UNITY_HARDWARE_TIER1 UNITY_HARDWARE_TIER2 UNITY_HARDWARE_TIER3 UNITY_HALF_PRECISION_FRAGMENT_SHADER_REGISTERS UNITY_LIGHTMAP_DLDR_ENCODING UNITY_LIGHTMAP_RGBM_ENCODING UNITY_VIRTUAL_TEXTURING ok=1
Cmd: compileSnippet
  api=4 type=1 insize=33450975 outsize=2546 kw=PROCEDURAL_INSTANCING_ON _REQUIRE_UV2 _FADING_ON pd=UNITY_ENABLE_REFLECTION_BUFFERS UNITY_USE_DITHER_MASK_FOR_ALPHABLENDED_SHADOWS UNITY_PBS_USE_BRDF1 UNITY_SPECCUBE_BOX_PROJECTION UNITY_SPECCUBE_BLENDING UNITY_ENABLE_DETAIL_NORMALMAP SHADER_API_DESKTOP UNITY_COLORSPACE_GAMMA UNITY_LIGHT_PROBE_PROXY_VOLUME UNITY_LIGHTMAP_FULL_HDR UNITY_PASS_DEFERRED dkw=_EMISSION SOFTPARTICLES_ON SHADOWS_SHADOWMASK INSTANCING_ON _ALPHATEST_ON _ALPHABLEND_ON _ALPHAPREMULTIPLY_ON _ALPHAMODULATE_ON _METALLICGLOSSMAP _NORMALMAP EFFECT_BUMP LIGHTPROBE_SH UNITY_HDR_ON UNITY_NO_DXT5nm UNITY_ENABLE_NATIVE_SHADOW_LOOKUPS UNITY_METAL_SHADOWS_USE_POINT_FILTERING UNITY_NO_SCREENSPACE_SHADOWS UNITY_PBS_USE_BRDF2 UNITY_PBS_USE_BRDF3 UNITY_NO_FULL_STANDARD_SHADER UNITY_HARDWARE_TIER1 UNITY_HARDWARE_TIER2 UNITY_HARDWARE_TIER3 UNITY_HALF_PRECISION_FRAGMENT_SHADER_REGISTERS UNITY_LIGHTMAP_DLDR_ENCODING UNITY_LIGHTMAP_RGBM_ENCODING UNITY_VIRTUAL_TEXTURING ok=1
Cmd: compileSnippet
  api=4 type=1 insize=33450975 outsize=2322 kw=LIGHTPROBE_SH SOFTPARTICLES_ON pd=UNITY_ENABLE_REFLECTION_BUFFERS UNITY_USE_DITHER_MASK_FOR_ALPHABLENDED_SHADOWS UNITY_PBS_USE_BRDF1 UNITY_SPECCUBE_BOX_PROJECTION UNITY_SPECCUBE_BLENDING UNITY_ENABLE_DETAIL_NORMALMAP SHADER_API_DESKTOP UNITY_COLORSPACE_GAMMA UNITY_LIGHT_PROBE_PROXY_VOLUME UNITY_LIGHTMAP_FULL_HDR UNITY_PASS_DEFERRED dkw=_EMISSION SHADOWS_SHADOWMASK INSTANCING_ON PROCEDURAL_INSTANCING_ON _ALPHATEST_ON _ALPHABLEND_ON _ALPHAPREMULTIPLY_ON _ALPHAMODULATE_ON _METALLICGLOSSMAP _NORMALMAP _FADING_ON _REQUIRE_UV2 EFFECT_BUMP UNITY_HDR_ON UNITY_NO_DXT5nm UNITY_ENABLE_NATIVE_SHADOW_LOOKUPS UNITY_METAL_SHADOWS_USE_POINT_FILTERING UNITY_NO_SCREENSPACE_SHADOWS UNITY_PBS_USE_BRDF2 UNITY_PBS_USE_BRDF3 UNITY_NO_FULL_STANDARD_SHADER UNITY_HARDWARE_TIER1 UNITY_HARDWARE_TIER2 UNITY_HARDWARE_TIER3 UNITY_HALF_PRECISION_FRAGMENT_SHADER_REGISTERS UNITY_LIGHTMAP_DLDR_ENCODING UNITY_LIGHTMAP_RGBM_ENCODING UNITY_VIRTUAL_TEXTURING ok=1
Cmd: compileSnippet
  api=4 type=1 insize=33450975 outsize=2410 kw=LIGHTPROBE_SH SOFTPARTICLES_ON UNITY_HDR_ON _ALPHATEST_ON pd=UNITY_ENABLE_REFLECTION_BUFFERS UNITY_USE_DITHER_MASK_FOR_ALPHABLENDED_SHADOWS UNITY_PBS_USE_BRDF1 UNITY_SPECCUBE_BOX_PROJECTION UNITY_SPECCUBE_BLENDING UNITY_ENABLE_DETAIL_NORMALMAP SHADER_API_DESKTOP UNITY_COLORSPACE_GAMMA UNITY_LIGHT_PROBE_PROXY_VOLUME UNITY_LIGHTMAP_FULL_HDR UNITY_PASS_DEFERRED dkw=_EMISSION SHADOWS_SHADOWMASK INSTANCING_ON PROCEDURAL_INSTANCING_ON _ALPHABLEND_ON _ALPHAPREMULTIPLY_ON _ALPHAMODULATE_ON _METALLICGLOSSMAP _NORMALMAP _FADING_ON _REQUIRE_UV2 EFFECT_BUMP UNITY_NO_DXT5nm UNITY_ENABLE_NATIVE_SHADOW_LOOKUPS UNITY_METAL_SHADOWS_USE_POINT_FILTERING UNITY_NO_SCREENSPACE_SHADOWS UNITY_PBS_USE_BRDF2 UNITY_PBS_USE_BRDF3 UNITY_NO_FULL_STANDARD_SHADER UNITY_HARDWARE_TIER1 UNITY_HARDWARE_TIER2 UNITY_HARDWARE_TIER3 UNITY_HALF_PRECISION_FRAGMENT_SHADER_REGISTERS UNITY_LIGHTMAP_DLDR_ENCODING UNITY_LIGHTMAP_RGBM_ENCODING UNITY_VIRTUAL_TEXTURING ok=1
Cmd: compileSnippet
  api=4 type=1 insize=33450975 outsize=2538 kw=_EMISSION SOFTPARTICLES_ON _ALPHATEST_ON pd=UNITY_ENABLE_REFLECTION_BUFFERS UNITY_USE_DITHER_MASK_FOR_ALPHABLENDED_SHADOWS UNITY_PBS_USE_BRDF1 UNITY_SPECCUBE_BOX_PROJECTION UNITY_SPECCUBE_BLENDING UNITY_ENABLE_DETAIL_NORMALMAP SHADER_API_DESKTOP UNITY_COLORSPACE_GAMMA UNITY_LIGHT_PROBE_PROXY_VOLUME UNITY_LIGHTMAP_FULL_HDR UNITY_PASS_DEFERRED dkw=SHADOWS_SHADOWMASK INSTANCING_ON PROCEDURAL_INSTANCING_ON _ALPHABLEND_ON _ALPHAPREMULTIPLY_ON _ALPHAMODULATE_ON _METALLICGLOSSMAP _NORMALMAP _FADING_ON _REQUIRE_UV2 EFFECT_BUMP LIGHTPROBE_SH UNITY_HDR_ON UNITY_NO_DXT5nm UNITY_ENABLE_NATIVE_SHADOW_LOOKUPS UNITY_METAL_SHADOWS_USE_POINT_FILTERING UNITY_NO_SCREENSPACE_SHADOWS UNITY_PBS_USE_BRDF2 UNITY_PBS_USE_BRDF3 UNITY_NO_FULL_STANDARD_SHADER UNITY_HARDWARE_TIER1 UNITY_HARDWARE_TIER2 UNITY_HARDWARE_TIER3 UNITY_HALF_PRECISION_FRAGMENT_SHADER_REGISTERS UNITY_LIGHTMAP_DLDR_ENCODING UNITY_LIGHTMAP_RGBM_ENCODING UNITY_VIRTUAL_TEXTURING ok=1
Cmd: compileSnippet
  api=4 type=1 insize=33450975 outsize=2462 kw=SOFTPARTICLES_ON _REQUIRE_UV2 _FADING_ON pd=UNITY_ENABLE_REFLECTION_BUFFERS UNITY_USE_DITHER_MASK_FOR_ALPHABLENDED_SHADOWS UNITY_PBS_USE_BRDF1 UNITY_SPECCUBE_BOX_PROJECTION UNITY_SPECCUBE_BLENDING UNITY_ENABLE_DETAIL_NORMALMAP SHADER_API_DESKTOP UNITY_COLORSPACE_GAMMA UNITY_LIGHT_PROBE_PROXY_VOLUME UNITY_LIGHTMAP_FULL_HDR UNITY_PASS_DEFERRED dkw=_EMISSION SHADOWS_SHADOWMASK INSTANCING_ON PROCEDURAL_INSTANCING_ON _ALPHATEST_ON _ALPHABLEND_ON _ALPHAPREMULTIPLY_ON _ALPHAMODULATE_ON _METALLICGLOSSMAP _NORMALMAP EFFECT_BUMP LIGHTPROBE_SH UNITY_HDR_ON UNITY_NO_DXT5nm UNITY_ENABLE_NATIVE_SHADOW_LOOKUPS UNITY_METAL_SHADOWS_USE_POINT_FILTERING UNITY_NO_SCREENSPACE_SHADOWS UNITY_PBS_USE_BRDF2 UNITY_PBS_USE_BRDF3 UNITY_NO_FULL_STANDARD_SHADER UNITY_HARDWARE_TIER1 UNITY_HARDWARE_TIER2 UNITY_HARDWARE_TIER3 UNITY_HALF_PRECISION_FRAGMENT_SHADER_REGISTERS UNITY_LIGHTMAP_DLDR_ENCODING UNITY_LIGHTMAP_RGBM_ENCODING UNITY_VIRTUAL_TEXTURING ok=1
Cmd: compileSnippet
  api=4 type=1 insize=33450975 outsize=2398 kw=LIGHTPROBE_SH SOFTPARTICLES_ON PROCEDURAL_INSTANCING_ON pd=UNITY_ENABLE_REFLECTION_BUFFERS UNITY_USE_DITHER_MASK_FOR_ALPHABLENDED_SHADOWS UNITY_PBS_USE_BRDF1 UNITY_SPECCUBE_BOX_PROJECTION UNITY_SPECCUBE_BLENDING UNITY_ENABLE_DETAIL_NORMALMAP SHADER_API_DESKTOP UNITY_COLORSPACE_GAMMA UNITY_LIGHT_PROBE_PROXY_VOLUME UNITY_LIGHTMAP_FULL_HDR UNITY_PASS_DEFERRED dkw=_EMISSION SHADOWS_SHADOWMASK INSTANCING_ON _ALPHATEST_ON _ALPHABLEND_ON _ALPHAPREMULTIPLY_ON _ALPHAMODULATE_ON _METALLICGLOSSMAP _NORMALMAP _FADING_ON _REQUIRE_UV2 EFFECT_BUMP UNITY_HDR_ON UNITY_NO_DXT5nm UNITY_ENABLE_NATIVE_SHADOW_LOOKUPS UNITY_METAL_SHADOWS_USE_POINT_FILTERING UNITY_NO_SCREENSPACE_SHADOWS UNITY_PBS_USE_BRDF2 UNITY_PBS_USE_BRDF3 UNITY_NO_FULL_STANDARD_SHADER UNITY_HARDWARE_TIER1 UNITY_HARDWARE_TIER2 UNITY_HARDWARE_TIER3 UNITY_HALF_PRECISION_FRAGMENT_SHADER_REGISTERS UNITY_LIGHTMAP_DLDR_ENCODING UNITY_LIGHTMAP_RGBM_ENCODING UNITY_VIRTUAL_TEXTURING ok=1
Cmd: compileSnippet
  api=4 type=1 insize=33450975 outsize=2598 kw=LIGHTPROBE_SH _EMISSION SOFTPARTICLES_ON UNITY_HDR_ON PROCEDURAL_INSTANCING_ON _ALPHATEST_ON pd=UNITY_ENABLE_REFLECTION_BUFFERS UNITY_USE_DITHER_MASK_FOR_ALPHABLENDED_SHADOWS UNITY_PBS_USE_BRDF1 UNITY_SPECCUBE_BOX_PROJECTION UNITY_SPECCUBE_BLENDING UNITY_ENABLE_DETAIL_NORMALMAP SHADER_API_DESKTOP UNITY_COLORSPACE_GAMMA UNITY_LIGHT_PROBE_PROXY_VOLUME UNITY_LIGHTMAP_FULL_HDR UNITY_PASS_DEFERRED dkw=SHADOWS_SHADOWMASK INSTANCING_ON _ALPHABLEND_ON _ALPHAPREMULTIPLY_ON _ALPHAMODULATE_ON _METALLICGLOSSMAP _NORMALMAP _FADING_ON _REQUIRE_UV2 EFFECT_BUMP UNITY_NO_DXT5nm UNITY_ENABLE_NATIVE_SHADOW_LOOKUPS UNITY_METAL_SHADOWS_USE_POINT_FILTERING UNITY_NO_SCREENSPACE_SHADOWS UNITY_PBS_USE_BRDF2 UNITY_PBS_USE_BRDF3 UNITY_NO_FULL_STANDARD_SHADER UNITY_HARDWARE_TIER1 UNITY_HARDWARE_TIER2 UNITY_HARDWARE_TIER3 UNITY_HALF_PRECISION_FRAGMENT_SHADER_REGISTERS UNITY_LIGHTMAP_DLDR_ENCODING UNITY_LIGHTMAP_RGBM_ENCODING UNITY_VIRTUAL_TEXTURING ok=1
Cmd: compileSnippet
  api=4 type=1 insize=33450975 outsize=2622 kw=_EMISSION SOFTPARTICLES_ON PROCEDURAL_INSTANCING_ON _ALPHATEST_ON pd=UNITY_ENABLE_REFLECTION_BUFFERS UNITY_USE_DITHER_MASK_FOR_ALPHABLENDED_SHADOWS UNITY_PBS_USE_BRDF1 UNITY_SPECCUBE_BOX_PROJECTION UNITY_SPECCUBE_BLENDING UNITY_ENABLE_DETAIL_NORMALMAP SHADER_API_DESKTOP UNITY_COLORSPACE_GAMMA UNITY_LIGHT_PROBE_PROXY_VOLUME UNITY_LIGHTMAP_FULL_HDR UNITY_PASS_DEFERRED dkw=SHADOWS_SHADOWMASK INSTANCING_ON _ALPHABLEND_ON _ALPHAPREMULTIPLY_ON _ALPHAMODULATE_ON _METALLICGLOSSMAP _NORMALMAP _FADING_ON _REQUIRE_UV2 EFFECT_BUMP LIGHTPROBE_SH UNITY_HDR_ON UNITY_NO_DXT5nm UNITY_ENABLE_NATIVE_SHADOW_LOOKUPS UNITY_METAL_SHADOWS_USE_POINT_FILTERING UNITY_NO_SCREENSPACE_SHADOWS UNITY_PBS_USE_BRDF2 UNITY_PBS_USE_BRDF3 UNITY_NO_FULL_STANDARD_SHADER UNITY_HARDWARE_TIER1 UNITY_HARDWARE_TIER2 UNITY_HARDWARE_TIER3 UNITY_HALF_PRECISION_FRAGMENT_SHADER_REGISTERS UNITY_LIGHTMAP_DLDR_ENCODING UNITY_LIGHTMAP_RGBM_ENCODING UNITY_VIRTUAL_TEXTURING ok=1
Cmd: compileSnippet
  api=4 type=1 insize=1161 outsize=786 kw=SHADOWS_CUBE PROCEDURAL_INSTANCING_ON _ALPHABLEND_ON _REQUIRE_UV2 pd=UNITY_ENABLE_REFLECTION_BUFFERS UNITY_USE_DITHER_MASK_FOR_ALPHABLENDED_SHADOWS UNITY_PBS_USE_BRDF1 UNITY_SPECCUBE_BOX_PROJECTION UNITY_SPECCUBE_BLENDING UNITY_ENABLE_DETAIL_NORMALMAP SHADER_API_DESKTOP UNITY_COLORSPACE_GAMMA UNITY_LIGHT_PROBE_PROXY_VOLUME UNITY_LIGHTMAP_FULL_HDR UNITY_PASS_SHADOWCASTER dkw=INSTANCING_ON _COLOROVERLAY_ON _COLORCOLOR_ON _COLORADDSUBDIFF_ON _ALPHATEST_ON _ALPHAPREMULTIPLY_ON _ALPHAMODULATE_ON SHADOWS_DEPTH UNITY_NO_DXT5nm UNITY_ENABLE_NATIVE_SHADOW_LOOKUPS UNITY_METAL_SHADOWS_USE_POINT_FILTERING UNITY_NO_SCREENSPACE_SHADOWS UNITY_PBS_USE_BRDF2 UNITY_PBS_USE_BRDF3 UNITY_NO_FULL_STANDARD_SHADER UNITY_HARDWARE_TIER1 UNITY_HARDWARE_TIER2 UNITY_HARDWARE_TIER3 UNITY_HALF_PRECISION_FRAGMENT_SHADER_REGISTERS UNITY_LIGHTMAP_DLDR_ENCODING UNITY_LIGHTMAP_RGBM_ENCODING UNITY_VIRTUAL_TEXTURING ok=1
Cmd: compileSnippet
  api=4 type=0 insize=1429 outsize=894 kw=_REQUIRE_UV2 pd=UNITY_ENABLE_REFLECTION_BUFFERS UNITY_USE_DITHER_MASK_FOR_ALPHABLENDED_SHADOWS UNITY_PBS_USE_BRDF1 UNITY_SPECCUBE_BOX_PROJECTION UNITY_SPECCUBE_BLENDING UNITY_ENABLE_DETAIL_NORMALMAP SHADER_API_DESKTOP UNITY_COLORSPACE_GAMMA UNITY_LIGHT_PROBE_PROXY_VOLUME UNITY_LIGHTMAP_FULL_HDR UNITY_PASS_FORWARDBASE dkw=SOFTPARTICLES_ON FOG_LINEAR FOG_EXP FOG_EXP2 INSTANCING_ON PROCEDURAL_INSTANCING_ON _NORMALMAP _FADING_ON EFFECT_BUMP UNITY_NO_DXT5nm UNITY_ENABLE_NATIVE_SHADOW_LOOKUPS UNITY_METAL_SHADOWS_USE_POINT_FILTERING UNITY_NO_SCREENSPACE_SHADOWS UNITY_PBS_USE_BRDF2 UNITY_PBS_USE_BRDF3 UNITY_NO_FULL_STANDARD_SHADER UNITY_HARDWARE_TIER1 UNITY_HARDWARE_TIER2 UNITY_HARDWARE_TIER3 UNITY_HALF_PRECISION_FRAGMENT_SHADER_REGISTERS UNITY_LIGHTMAP_DLDR_ENCODING UNITY_LIGHTMAP_RGBM_ENCODING UNITY_VIRTUAL_TEXTURING ok=1
Cmd: compileSnippet
  api=4 type=1 insize=1429 outsize=582 kw=PROCEDURAL_INSTANCING_ON _ALPHABLEND_ON _REQUIRE_UV2 pd=UNITY_ENABLE_REFLECTION_BUFFERS UNITY_USE_DITHER_MASK_FOR_ALPHABLENDED_SHADOWS UNITY_PBS_USE_BRDF1 UNITY_SPECCUBE_BOX_PROJECTION UNITY_SPECCUBE_BLENDING UNITY_ENABLE_DETAIL_NORMALMAP SHADER_API_DESKTOP UNITY_COLORSPACE_GAMMA UNITY_LIGHT_PROBE_PROXY_VOLUME UNITY_LIGHTMAP_FULL_HDR UNITY_PASS_FORWARDBASE dkw=_EMISSION SOFTPARTICLES_ON FOG_LINEAR FOG_EXP FOG_EXP2 INSTANCING_ON _ALPHATEST_ON _ALPHAPREMULTIPLY_ON _ALPHAMODULATE_ON _COLOROVERLAY_ON _COLORCOLOR_ON _COLORADDSUBDIFF_ON _NORMALMAP _FADING_ON EFFECT_BUMP UNITY_NO_DXT5nm UNITY_ENABLE_NATIVE_SHADOW_LOOKUPS UNITY_METAL_SHADOWS_USE_POINT_FILTERING UNITY_NO_SCREENSPACE_SHADOWS UNITY_PBS_USE_BRDF2 UNITY_PBS_USE_BRDF3 UNITY_NO_FULL_STANDARD_SHADER UNITY_HARDWARE_TIER1 UNITY_HARDWARE_TIER2 UNITY_HARDWARE_TIER3 UNITY_HALF_PRECISION_FRAGMENT_SHADER_REGISTERS UNITY_LIGHTMAP_DLDR_ENCODING UNITY_LIGHTMAP_RGBM_ENCODING UNITY_VIRTUAL_TEXTURING ok=1
Cmd: compileSnippet
  api=4 type=1 insize=1429 outsize=810 kw=SOFTPARTICLES_ON _ALPHABLEND_ON _COLOROVERLAY_ON pd=UNITY_ENABLE_REFLECTION_BUFFERS UNITY_USE_DITHER_MASK_FOR_ALPHABLENDED_SHADOWS UNITY_PBS_USE_BRDF1 UNITY_SPECCUBE_BOX_PROJECTION UNITY_SPECCUBE_BLENDING UNITY_ENABLE_DETAIL_NORMALMAP SHADER_API_DESKTOP UNITY_COLORSPACE_GAMMA UNITY_LIGHT_PROBE_PROXY_VOLUME UNITY_LIGHTMAP_FULL_HDR UNITY_PASS_FORWARDBASE dkw=_EMISSION FOG_LINEAR FOG_EXP FOG_EXP2 INSTANCING_ON PROCEDURAL_INSTANCING_ON _ALPHATEST_ON _ALPHAPREMULTIPLY_ON _ALPHAMODULATE_ON _COLORCOLOR_ON _COLORADDSUBDIFF_ON _NORMALMAP _FADING_ON _REQUIRE_UV2 EFFECT_BUMP UNITY_NO_DXT5nm UNITY_ENABLE_NATIVE_SHADOW_LOOKUPS UNITY_METAL_SHADOWS_USE_POINT_FILTERING UNITY_NO_SCREENSPACE_SHADOWS UNITY_PBS_USE_BRDF2 UNITY_PBS_USE_BRDF3 UNITY_NO_FULL_STANDARD_SHADER UNITY_HARDWARE_TIER1 UNITY_HARDWARE_TIER2 UNITY_HARDWARE_TIER3 UNITY_HALF_PRECISION_FRAGMENT_SHADER_REGISTERS UNITY_LIGHTMAP_DLDR_ENCODING UNITY_LIGHTMAP_RGBM_ENCODING UNITY_VIRTUAL_TEXTURING ok=1
Cmd: compileSnippet
  api=4 type=1 insize=1429 outsize=1434 kw=_EMISSION SOFTPARTICLES_ON PROCEDURAL_INSTANCING_ON _ALPHABLEND_ON _REQUIRE_UV2 _FADING_ON pd=UNITY_ENABLE_REFLECTION_BUFFERS UNITY_USE_DITHER_MASK_FOR_ALPHABLENDED_SHADOWS UNITY_PBS_USE_BRDF1 UNITY_SPECCUBE_BOX_PROJECTION UNITY_SPECCUBE_BLENDING UNITY_ENABLE_DETAIL_NORMALMAP SHADER_API_DESKTOP UNITY_COLORSPACE_GAMMA UNITY_LIGHT_PROBE_PROXY_VOLUME UNITY_LIGHTMAP_FULL_HDR UNITY_PASS_FORWARDBASE dkw=FOG_LINEAR FOG_EXP FOG_EXP2 INSTANCING_ON _ALPHATEST_ON _ALPHAPREMULTIPLY_ON _ALPHAMODULATE_ON _COLOROVERLAY_ON _COLORCOLOR_ON _COLORADDSUBDIFF_ON _NORMALMAP EFFECT_BUMP UNITY_NO_DXT5nm UNITY_ENABLE_NATIVE_SHADOW_LOOKUPS UNITY_METAL_SHADOWS_USE_POINT_FILTERING UNITY_NO_SCREENSPACE_SHADOWS UNITY_PBS_USE_BRDF2 UNITY_PBS_USE_BRDF3 UNITY_NO_FULL_STANDARD_SHADER UNITY_HARDWARE_TIER1 UNITY_HARDWARE_TIER2 UNITY_HARDWARE_TIER3 UNITY_HALF_PRECISION_FRAGMENT_SHADER_REGISTERS UNITY_LIGHTMAP_DLDR_ENCODING UNITY_LIGHTMAP_RGBM_ENCODING UNITY_VIRTUAL_TEXTURING ok=1
Cmd: compileComputeKernel
  error: 2 plat 4 at Generic.compute(13): failed to open source file: 'Tensor.cginc'
  api=4 insize=7960 outsize=0 ok=0
Cmd: compileComputeKernel
  error: 2 plat 4 at Generic.compute(13): failed to open source file: 'Tensor.cginc'
  api=4 insize=7960 outsize=0 ok=0
Cmd: compileComputeKernel
  error: 2 plat 4 at Dense.compute(13): failed to open source file: 'Tensor.cginc'
  api=4 insize=68835 outsize=0 ok=0
Cmd: compileComputeKernel
  error: 2 plat 4 at Broadcast.compute(17): failed to open source file: 'Tensor.cginc'
  api=4 insize=9919 outsize=0 ok=0
Cmd: compileComputeKernel
  error: 2 plat 4 at Broadcast.compute(17): failed to open source file: 'Tensor.cginc'
  api=4 insize=9919 outsize=0 ok=0
Cmd: compileComputeKernel
  error: 2 plat 4 at Conv.compute(22): failed to open source file: 'Tensor.cginc'
  api=4 insize=31899 outsize=0 ok=0
Cmd: compileComputeKernel
  error: 2 plat 4 at Pool.compute(8): failed to open source file: 'Tensor.cginc'
  api=4 insize=6546 outsize=0 ok=0
Cmd: compileComputeKernel
  error: 2 plat 4 at BarracudaReferenceImpl.compute(64): failed to open source file: 'Tensor.cginc'
  api=4 insize=47665 outsize=0 ok=0
Cmd: compileComputeKernel
  error: 2 plat 4 at BarracudaReferenceImpl.compute(64): failed to open source file: 'Tensor.cginc'
  api=4 insize=47665 outsize=0 ok=0
Cmd: compileComputeKernel
  error: 2 plat 4 at BarracudaReferenceImpl.compute(64): failed to open source file: 'Tensor.cginc'
  api=4 insize=47665 outsize=0 ok=0
Cmd: compileComputeKernel
  error: 2 plat 4 at BarracudaReferenceImpl.compute(64): failed to open source file: 'Tensor.cginc'
  api=4 insize=47665 outsize=0 ok=0
Cmd: compileComputeKernel
  error: 2 plat 4 at BarracudaReferenceImpl.compute(64): failed to open source file: 'Tensor.cginc'
  api=4 insize=47665 outsize=0 ok=0
Cmd: compileComputeKernel
  error: 2 plat 4 at BarracudaReferenceImpl.compute(64): failed to open source file: 'Tensor.cginc'
  api=4 insize=47665 outsize=0 ok=0
Cmd: compileComputeKernel
  error: 2 plat 4 at Activation.compute(117): failed to open source file: 'Tensor.cginc'
  api=4 insize=29386 outsize=0 ok=0
Cmd: compileComputeKernel
  error: 2 plat 4 at Activation.compute(117): failed to open source file: 'Tensor.cginc'
  api=4 insize=29386 outsize=0 ok=0
Cmd: compileComputeKernel
  error: 2 plat 4 at Activation.compute(117): failed to open source file: 'Tensor.cginc'
  api=4 insize=29386 outsize=0 ok=0
Cmd: compileComputeKernel
  error: 2 plat 4 at Activation.compute(117): failed to open source file: 'Tensor.cginc'
  api=4 insize=29386 outsize=0 ok=0
Cmd: compileComputeKernel
  error: 2 plat 4 at Activation.compute(117): failed to open source file: 'Tensor.cginc'
  api=4 insize=29386 outsize=0 ok=0
Cmd: compileComputeKernel
  error: 2 plat 4 at Activation.compute(117): failed to open source file: 'Tensor.cginc'
  api=4 insize=29386 outsize=0 ok=0
Cmd: compileComputeKernel
  error: 2 plat 4 at Activation.compute(117): failed to open source file: 'Tensor.cginc'
  api=4 insize=29386 outsize=0 ok=0
Cmd: compileComputeKernel
  error: 2 plat 4 at Activation.compute(117): failed to open source file: 'Tensor.cginc'
  api=4 insize=29386 outsize=0 ok=0
Cmd: compileComputeKernel
  error: 2 plat 4 at Activation.compute(117): failed to open source file: 'Tensor.cginc'
  api=4 insize=29386 outsize=0 ok=0
Cmd: compileComputeKernel
  error: 2 plat 4 at Activation.compute(117): failed to open source file: 'Tensor.cginc'
  api=4 insize=29386 outsize=0 ok=0
Cmd: compileComputeKernel
  error: 2 plat 4 at Activation.compute(117): failed to open source file: 'Tensor.cginc'
  api=4 insize=29386 outsize=0 ok=0
Cmd: compileComputeKernel
  error: 2 plat 4 at Generic.compute(13): failed to open source file: 'Tensor.cginc'
  api=4 insize=7960 outsize=0 ok=0
Cmd: compileComputeKernel
  error: 2 plat 4 at Generic.compute(13): failed to open source file: 'Tensor.cginc'
  api=4 insize=7960 outsize=0 ok=0
Cmd: compileComputeKernel
  error: 2 plat 4 at Dense.compute(13): failed to open source file: 'Tensor.cginc'
  api=4 insize=68835 outsize=0 ok=0
Cmd: compileComputeKernel
  error: 2 plat 4 at Broadcast.compute(17): failed to open source file: 'Tensor.cginc'
  api=4 insize=9919 outsize=0 ok=0
Cmd: compileComputeKernel
  error: 2 plat 4 at Broadcast.compute(17): failed to open source file: 'Tensor.cginc'
  api=4 insize=9919 outsize=0 ok=0
Cmd: compileComputeKernel
  error: 2 plat 4 at Conv.compute(22): failed to open source file: 'Tensor.cginc'
  api=4 insize=31899 outsize=0 ok=0
Cmd: compileComputeKernel
  error: 2 plat 4 at Pool.compute(8): failed to open source file: 'Tensor.cginc'
  api=4 insize=6546 outsize=0 ok=0
Cmd: compileComputeKernel
  error: 2 plat 4 at BarracudaReferenceImpl.compute(64): failed to open source file: 'Tensor.cginc'
  api=4 insize=47665 outsize=0 ok=0
Cmd: compileComputeKernel
  error: 2 plat 4 at BarracudaReferenceImpl.compute(64): failed to open source file: 'Tensor.cginc'
  api=4 insize=47665 outsize=0 ok=0
Cmd: compileComputeKernel
  error: 2 plat 4 at BarracudaReferenceImpl.compute(64): failed to open source file: 'Tensor.cginc'
  api=4 insize=47665 outsize=0 ok=0
Cmd: compileComputeKernel
  error: 2 plat 4 at BarracudaReferenceImpl.compute(64): failed to open source file: 'Tensor.cginc'
  api=4 insize=47665 outsize=0 ok=0
Cmd: compileComputeKernel
  error: 2 plat 4 at BarracudaReferenceImpl.compute(64): failed to open source file: 'Tensor.cginc'
  api=4 insize=47665 outsize=0 ok=0
Cmd: compileComputeKernel
  error: 2 plat 4 at BarracudaReferenceImpl.compute(64): failed to open source file: 'Tensor.cginc'
  api=4 insize=47665 outsize=0 ok=0
Cmd: compileComputeKernel
  error: 2 plat 4 at BarracudaReferenceImpl.compute(64): failed to open source file: 'Tensor.cginc'
  api=4 insize=47665 outsize=0 ok=0
Cmd: compileComputeKernel
  error: 2 plat 4 at BarracudaReferenceImpl.compute(64): failed to open source file: 'Tensor.cginc'
  api=4 insize=47665 outsize=0 ok=0
Cmd: compileComputeKernel
  error: 2 plat 4 at Pad.compute(6): failed to open source file: 'Tensor.cginc'
  api=4 insize=4119 outsize=0 ok=0
Cmd: compileComputeKernel
  error: 2 plat 4 at Activation.compute(117): failed to open source file: 'Tensor.cginc'
  api=4 insize=29386 outsize=0 ok=0
Cmd: compileComputeKernel
  error: 2 plat 4 at Activation.compute(117): failed to open source file: 'Tensor.cginc'
  api=4 insize=29386 outsize=0 ok=0
Cmd: compileComputeKernel
  error: 2 plat 4 at Activation.compute(117): failed to open source file: 'Tensor.cginc'
  api=4 insize=29386 outsize=0 ok=0
Cmd: compileComputeKernel
  error: 2 plat 4 at Activation.compute(117): failed to open source file: 'Tensor.cginc'
  api=4 insize=29386 outsize=0 ok=0
Cmd: compileComputeKernel
  error: 2 plat 4 at Activation.compute(117): failed to open source file: 'Tensor.cginc'
  api=4 insize=29386 outsize=0 ok=0
Cmd: compileComputeKernel
  error: 2 plat 4 at Activation.compute(117): failed to open source file: 'Tensor.cginc'
  api=4 insize=29386 outsize=0 ok=0
Cmd: compileComputeKernel
  error: 2 plat 4 at Activation.compute(117): failed to open source file: 'Tensor.cginc'
  api=4 insize=29386 outsize=0 ok=0
Cmd: compileComputeKernel
  error: 2 plat 4 at Activation.compute(117): failed to open source file: 'Tensor.cginc'
  api=4 insize=29386 outsize=0 ok=0
Cmd: compileComputeKernel
  error: 2 plat 4 at Activation.compute(117): failed to open source file: 'Tensor.cginc'
  api=4 insize=29386 outsize=0 ok=0
Cmd: compileComputeKernel
  error: 2 plat 4 at Activation.compute(117): failed to open source file: 'Tensor.cginc'
  api=4 insize=29386 outsize=0 ok=0
Cmd: compileComputeKernel
  error: 2 plat 4 at Generic.compute(13): failed to open source file: 'Tensor.cginc'
  api=4 insize=7960 outsize=0 ok=0
Cmd: compileComputeKernel
  error: 2 plat 4 at Dense.compute(13): failed to open source file: 'Tensor.cginc'
  api=4 insize=68835 outsize=0 ok=0
Cmd: compileComputeKernel
  error: 2 plat 4 at Broadcast.compute(17): failed to open source file: 'Tensor.cginc'
  api=4 insize=9919 outsize=0 ok=0
Cmd: compileComputeKernel
  error: 2 plat 4 at Broadcast.compute(17): failed to open source file: 'Tensor.cginc'
  api=4 insize=9919 outsize=0 ok=0
Cmd: compileComputeKernel
  error: 2 plat 4 at Conv.compute(22): failed to open source file: 'Tensor.cginc'
  api=4 insize=31899 outsize=0 ok=0
Cmd: compileComputeKernel
  error: 2 plat 4 at BarracudaReferenceImpl.compute(64): failed to open source file: 'Tensor.cginc'
  api=4 insize=47665 outsize=0 ok=0
Cmd: compileComputeKernel
  error: 2 plat 4 at BarracudaReferenceImpl.compute(64): failed to open source file: 'Tensor.cginc'
  api=4 insize=47665 outsize=0 ok=0
Cmd: compileComputeKernel
  error: 2 plat 4 at BarracudaReferenceImpl.compute(64): failed to open source file: 'Tensor.cginc'
  api=4 insize=47665 outsize=0 ok=0
Cmd: compileComputeKernel
  error: 2 plat 4 at BarracudaReferenceImpl.compute(64): failed to open source file: 'Tensor.cginc'
  api=4 insize=47665 outsize=0 ok=0
Cmd: compileComputeKernel
  error: 2 plat 4 at BarracudaReferenceImpl.compute(64): failed to open source file: 'Tensor.cginc'
  api=4 insize=47665 outsize=0 ok=0
Cmd: compileComputeKernel
  error: 2 plat 4 at BarracudaReferenceImpl.compute(64): failed to open source file: 'Tensor.cginc'
  api=4 insize=47665 outsize=0 ok=0
Cmd: compileComputeKernel
  error: 2 plat 4 at BarracudaReferenceImpl.compute(64): failed to open source file: 'Tensor.cginc'
  api=4 insize=47665 outsize=0 ok=0
Cmd: compileComputeKernel
  error: 2 plat 4 at BarracudaReferenceImpl.compute(64): failed to open source file: 'Tensor.cginc'
  api=4 insize=47665 outsize=0 ok=0
Cmd: compileComputeKernel
  error: 2 plat 4 at Pad.compute(6): failed to open source file: 'Tensor.cginc'
  api=4 insize=4119 outsize=0 ok=0
Cmd: compileComputeKernel
  error: 2 plat 4 at Activation.compute(117): failed to open source file: 'Tensor.cginc'
  api=4 insize=29386 outsize=0 ok=0
Cmd: compileComputeKernel
  error: 2 plat 4 at Activation.compute(117): failed to open source file: 'Tensor.cginc'
  api=4 insize=29386 outsize=0 ok=0
Cmd: compileComputeKernel
  error: 2 plat 4 at Activation.compute(117): failed to open source file: 'Tensor.cginc'
  api=4 insize=29386 outsize=0 ok=0
Cmd: compileComputeKernel
  error: 2 plat 4 at Activation.compute(117): failed to open source file: 'Tensor.cginc'
  api=4 insize=29386 outsize=0 ok=0
Cmd: compileComputeKernel
  error: 2 plat 4 at Activation.compute(117): failed to open source file: 'Tensor.cginc'
  api=4 insize=29386 outsize=0 ok=0
Cmd: compileComputeKernel
  error: 2 plat 4 at Activation.compute(117): failed to open source file: 'Tensor.cginc'
  api=4 insize=29386 outsize=0 ok=0
Cmd: compileComputeKernel
  error: 2 plat 4 at Activation.compute(117): failed to open source file: 'Tensor.cginc'
  api=4 insize=29386 outsize=0 ok=0
Cmd: compileComputeKernel
  error: 2 plat 4 at Activation.compute(117): failed to open source file: 'Tensor.cginc'
  api=4 insize=29386 outsize=0 ok=0
Cmd: compileComputeKernel
  error: 2 plat 4 at Activation.compute(117): failed to open source file: 'Tensor.cginc'
  api=4 insize=29386 outsize=0 ok=0
Cmd: compileComputeKernel
  error: 2 plat 4 at Activation.compute(117): failed to open source file: 'Tensor.cginc'
  api=4 insize=29386 outsize=0 ok=0
Cmd: compileComputeKernel
  error: 2 plat 4 at Generic.compute(13): failed to open source file: 'Tensor.cginc'
  api=4 insize=7960 outsize=0 ok=0
Cmd: compileComputeKernel
  error: 2 plat 4 at Dense.compute(13): failed to open source file: 'Tensor.cginc'
  api=4 insize=68835 outsize=0 ok=0
Cmd: compileComputeKernel
  error: 2 plat 4 at Broadcast.compute(17): failed to open source file: 'Tensor.cginc'
  api=4 insize=9919 outsize=0 ok=0
Cmd: compileComputeKernel
  error: 2 plat 4 at Broadcast.compute(17): failed to open source file: 'Tensor.cginc'
  api=4 insize=9919 outsize=0 ok=0
Cmd: compileComputeKernel
  error: 2 plat 4 at Conv.compute(22): failed to open source file: 'Tensor.cginc'
  api=4 insize=31899 outsize=0 ok=0
Cmd: compileComputeKernel
  error: 2 plat 4 at Pool.compute(8): failed to open source file: 'Tensor.cginc'
  api=4 insize=6546 outsize=0 ok=0
Cmd: compileComputeKernel
  error: 2 plat 4 at BarracudaReferenceImpl.compute(64): failed to open source file: 'Tensor.cginc'
  api=4 insize=47665 outsize=0 ok=0
Cmd: compileComputeKernel
  error: 2 plat 4 at BarracudaReferenceImpl.compute(64): failed to open source file: 'Tensor.cginc'
  api=4 insize=47665 outsize=0 ok=0
Cmd: compileComputeKernel
  error: 2 plat 4 at BarracudaReferenceImpl.compute(64): failed to open source file: 'Tensor.cginc'
  api=4 insize=47665 outsize=0 ok=0
Cmd: compileComputeKernel
  error: 2 plat 4 at BarracudaReferenceImpl.compute(64): failed to open source file: 'Tensor.cginc'
  api=4 insize=47665 outsize=0 ok=0
Cmd: compileComputeKernel
  error: 2 plat 4 at BarracudaReferenceImpl.compute(64): failed to open source file: 'Tensor.cginc'
  api=4 insize=47665 outsize=0 ok=0
Cmd: compileComputeKernel
  error: 2 plat 4 at BarracudaReferenceImpl.compute(64): failed to open source file: 'Tensor.cginc'
  api=4 insize=47665 outsize=0 ok=0
Cmd: compileComputeKernel
  error: 2 plat 4 at Activation.compute(117): failed to open source file: 'Tensor.cginc'
  api=4 insize=29386 outsize=0 ok=0
Cmd: compileComputeKernel
  error: 2 plat 4 at Activation.compute(117): failed to open source file: 'Tensor.cginc'
  api=4 insize=29386 outsize=0 ok=0
Cmd: compileComputeKernel
  error: 2 plat 4 at Generic.compute(13): failed to open source file: 'Tensor.cginc'
  api=4 insize=7960 outsize=0 ok=0
Cmd: compileComputeKernel
  error: 2 plat 4 at Dense.compute(13): failed to open source file: 'Tensor.cginc'
  api=4 insize=68835 outsize=0 ok=0
Cmd: compileComputeKernel
  error: 2 plat 4 at Broadcast.compute(17): failed to open source file: 'Tensor.cginc'
  api=4 insize=9919 outsize=0 ok=0
Cmd: compileComputeKernel
  error: 2 plat 4 at Broadcast.compute(17): failed to open source file: 'Tensor.cginc'
  api=4 insize=9919 outsize=0 ok=0
Cmd: compileComputeKernel
  error: 2 plat 4 at Conv.compute(22): failed to open source file: 'Tensor.cginc'
  api=4 insize=31899 outsize=0 ok=0
Cmd: compileComputeKernel
  error: 2 plat 4 at Pool.compute(8): failed to open source file: 'Tensor.cginc'
  api=4 insize=6546 outsize=0 ok=0
Cmd: compileComputeKernel
  error: 2 plat 4 at BarracudaReferenceImpl.compute(64): failed to open source file: 'Tensor.cginc'
  api=4 insize=47665 outsize=0 ok=0
Cmd: compileComputeKernel
  error: 2 plat 4 at BarracudaReferenceImpl.compute(64): failed to open source file: 'Tensor.cginc'
  api=4 insize=47665 outsize=0 ok=0
Cmd: compileComputeKernel
  error: 2 plat 4 at BarracudaReferenceImpl.compute(64): failed to open source file: 'Tensor.cginc'
  api=4 insize=47665 outsize=0 ok=0
Cmd: compileComputeKernel
  error: 2 plat 4 at BarracudaReferenceImpl.compute(64): failed to open source file: 'Tensor.cginc'
  api=4 insize=47665 outsize=0 ok=0
Cmd: compileComputeKernel
  error: 2 plat 4 at BarracudaReferenceImpl.compute(64): failed to open source file: 'Tensor.cginc'
  api=4 insize=47665 outsize=0 ok=0
Cmd: compileComputeKernel
  error: 2 plat 4 at BarracudaReferenceImpl.compute(64): failed to open source file: 'Tensor.cginc'
  api=4 insize=47665 outsize=0 ok=0
Cmd: compileComputeKernel
  error: 2 plat 4 at BarracudaReferenceImpl.compute(64): failed to open source file: 'Tensor.cginc'
  api=4 insize=47665 outsize=0 ok=0
Cmd: compileComputeKernel
  error: 2 plat 4 at BarracudaReferenceImpl.compute(64): failed to open source file: 'Tensor.cginc'
  api=4 insize=47665 outsize=0 ok=0
Cmd: compileComputeKernel
  error: 2 plat 4 at BarracudaReferenceImpl.compute(64): failed to open source file: 'Tensor.cginc'
  api=4 insize=47665 outsize=0 ok=0
Cmd: compileComputeKernel
  error: 2 plat 4 at Activation.compute(117): failed to open source file: 'Tensor.cginc'
  api=4 insize=29386 outsize=0 ok=0
Cmd: compileComputeKernel
  error: 2 plat 4 at Activation.compute(117): failed to open source file: 'Tensor.cginc'
  api=4 insize=29386 outsize=0 ok=0
Cmd: compileComputeKernel
  error: 2 plat 4 at Activation.compute(117): failed to open source file: 'Tensor.cginc'
  api=4 insize=29386 outsize=0 ok=0
Cmd: compileComputeKernel
  error: 2 plat 4 at Activation.compute(117): failed to open source file: 'Tensor.cginc'
  api=4 insize=29386 outsize=0 ok=0
Cmd: compileComputeKernel
  error: 2 plat 4 at Activation.compute(117): failed to open source file: 'Tensor.cginc'
  api=4 insize=29386 outsize=0 ok=0
Cmd: compileComputeKernel
  error: 2 plat 4 at Activation.compute(117): failed to open source file: 'Tensor.cginc'
  api=4 insize=29386 outsize=0 ok=0
Cmd: compileComputeKernel
  error: 2 plat 4 at Activation.compute(117): failed to open source file: 'Tensor.cginc'
  api=4 insize=29386 outsize=0 ok=0
Cmd: compileComputeKernel
  error: 2 plat 4 at Activation.compute(117): failed to open source file: 'Tensor.cginc'
  api=4 insize=29386 outsize=0 ok=0
Cmd: compileComputeKernel
  error: 2 plat 4 at Activation.compute(117): failed to open source file: 'Tensor.cginc'
  api=4 insize=29386 outsize=0 ok=0
Cmd: compileComputeKernel
  error: 2 plat 4 at Generic.compute(13): failed to open source file: 'Tensor.cginc'
  api=4 insize=7960 outsize=0 ok=0
Cmd: compileComputeKernel
  error: 2 plat 4 at Generic.compute(13): failed to open source file: 'Tensor.cginc'
  api=4 insize=7960 outsize=0 ok=0
Cmd: compileComputeKernel
  error: 2 plat 4 at Dense.compute(13): failed to open source file: 'Tensor.cginc'
  api=4 insize=68835 outsize=0 ok=0
Cmd: compileComputeKernel
  error: 2 plat 4 at Broadcast.compute(17): failed to open source file: 'Tensor.cginc'
  api=4 insize=9919 outsize=0 ok=0
Cmd: compileComputeKernel
  error: 2 plat 4 at Broadcast.compute(17): failed to open source file: 'Tensor.cginc'
  api=4 insize=9919 outsize=0 ok=0
Cmd: compileComputeKernel
  error: 2 plat 4 at Conv.compute(22): failed to open source file: 'Tensor.cginc'
  api=4 insize=31899 outsize=0 ok=0
Cmd: compileComputeKernel
  error: 2 plat 4 at Pool.compute(8): failed to open source file: 'Tensor.cginc'
  api=4 insize=6546 outsize=0 ok=0
Cmd: compileComputeKernel
  error: 2 plat 4 at BarracudaReferenceImpl.compute(64): failed to open source file: 'Tensor.cginc'
  api=4 insize=47665 outsize=0 ok=0
Cmd: compileComputeKernel
  error: 2 plat 4 at BarracudaReferenceImpl.compute(64): failed to open source file: 'Tensor.cginc'
  api=4 insize=47665 outsize=0 ok=0
Cmd: compileComputeKernel
  error: 2 plat 4 at BarracudaReferenceImpl.compute(64): failed to open source file: 'Tensor.cginc'
  api=4 insize=47665 outsize=0 ok=0
Cmd: compileComputeKernel
  error: 2 plat 4 at BarracudaReferenceImpl.compute(64): failed to open source file: 'Tensor.cginc'
  api=4 insize=47665 outsize=0 ok=0
Cmd: compileComputeKernel
  error: 2 plat 4 at BarracudaReferenceImpl.compute(64): failed to open source file: 'Tensor.cginc'
  api=4 insize=47665 outsize=0 ok=0
Cmd: compileComputeKernel
  error: 2 plat 4 at BarracudaReferenceImpl.compute(64): failed to open source file: 'Tensor.cginc'
  api=4 insize=47665 outsize=0 ok=0
Cmd: compileComputeKernel
  error: 2 plat 4 at BarracudaReferenceImpl.compute(64): failed to open source file: 'Tensor.cginc'
  api=4 insize=47665 outsize=0 ok=0
Cmd: compileComputeKernel
  error: 2 plat 4 at Pad.compute(6): failed to open source file: 'Tensor.cginc'
  api=4 insize=4119 outsize=0 ok=0
Cmd: compileComputeKernel
  error: 2 plat 4 at Activation.compute(117): failed to open source file: 'Tensor.cginc'
  api=4 insize=29386 outsize=0 ok=0
Cmd: compileComputeKernel
  error: 2 plat 4 at Activation.compute(117): failed to open source file: 'Tensor.cginc'
  api=4 insize=29386 outsize=0 ok=0
Cmd: compileComputeKernel
  error: 2 plat 4 at Activation.compute(117): failed to open source file: 'Tensor.cginc'
  api=4 insize=29386 outsize=0 ok=0
Cmd: compileComputeKernel
  error: 2 plat 4 at Activation.compute(117): failed to open source file: 'Tensor.cginc'
  api=4 insize=29386 outsize=0 ok=0
Cmd: compileComputeKernel
  error: 2 plat 4 at Activation.compute(117): failed to open source file: 'Tensor.cginc'
  api=4 insize=29386 outsize=0 ok=0
Cmd: compileComputeKernel
  error: 2 plat 4 at Activation.compute(117): failed to open source file: 'Tensor.cginc'
  api=4 insize=29386 outsize=0 ok=0
Cmd: compileComputeKernel
  error: 2 plat 4 at Activation.compute(117): failed to open source file: 'Tensor.cginc'
  api=4 insize=29386 outsize=0 ok=0
Cmd: compileComputeKernel
  error: 2 plat 4 at Activation.compute(117): failed to open source file: 'Tensor.cginc'
  api=4 insize=29386 outsize=0 ok=0
Cmd: compileComputeKernel
  error: 2 plat 4 at Activation.compute(117): failed to open source file: 'Tensor.cginc'
  api=4 insize=29386 outsize=0 ok=0
Cmd: compileComputeKernel
  error: 2 plat 4 at Activation.compute(117): failed to open source file: 'Tensor.cginc'
  api=4 insize=29386 outsize=0 ok=0
Cmd: compileComputeKernel
  error: 2 plat 4 at Activation.compute(117): failed to open source file: 'Tensor.cginc'
  api=4 insize=29386 outsize=0 ok=0
Cmd: compileComputeKernel
  error: 2 plat 4 at Generic.compute(13): failed to open source file: 'Tensor.cginc'
  api=4 insize=7960 outsize=0 ok=0
Cmd: compileComputeKernel
  error: 2 plat 4 at Dense.compute(13): failed to open source file: 'Tensor.cginc'
  api=4 insize=68835 outsize=0 ok=0
Cmd: compileComputeKernel
  error: 2 plat 4 at Broadcast.compute(17): failed to open source file: 'Tensor.cginc'
  api=4 insize=9919 outsize=0 ok=0
Cmd: compileComputeKernel
  error: 2 plat 4 at Broadcast.compute(17): failed to open source file: 'Tensor.cginc'
  api=4 insize=9919 outsize=0 ok=0
Cmd: compileComputeKernel
  error: 2 plat 4 at Conv.compute(22): failed to open source file: 'Tensor.cginc'
  api=4 insize=31899 outsize=0 ok=0
Cmd: compileComputeKernel
  error: 2 plat 4 at Pool.compute(8): failed to open source file: 'Tensor.cginc'
  api=4 insize=6546 outsize=0 ok=0
Cmd: compileComputeKernel
  error: 2 plat 4 at BarracudaReferenceImpl.compute(64): failed to open source file: 'Tensor.cginc'
  api=4 insize=47665 outsize=0 ok=0
Cmd: compileComputeKernel
  error: 2 plat 4 at BarracudaReferenceImpl.compute(64): failed to open source file: 'Tensor.cginc'
  api=4 insize=47665 outsize=0 ok=0
Cmd: compileComputeKernel
  error: 2 plat 4 at BarracudaReferenceImpl.compute(64): failed to open source file: 'Tensor.cginc'
  api=4 insize=47665 outsize=0 ok=0
Cmd: compileComputeKernel
  error: 2 plat 4 at BarracudaReferenceImpl.compute(64): failed to open source file: 'Tensor.cginc'
  api=4 insize=47665 outsize=0 ok=0
Cmd: compileComputeKernel
  error: 2 plat 4 at BarracudaReferenceImpl.compute(64): failed to open source file: 'Tensor.cginc'
  api=4 insize=47665 outsize=0 ok=0
Cmd: compileComputeKernel
  error: 2 plat 4 at BarracudaReferenceImpl.compute(64): failed to open source file: 'Tensor.cginc'
  api=4 insize=47665 outsize=0 ok=0
Cmd: compileComputeKernel
  error: 2 plat 4 at BarracudaReferenceImpl.compute(64): failed to open source file: 'Tensor.cginc'
  api=4 insize=47665 outsize=0 ok=0
Cmd: compileComputeKernel
  error: 2 plat 4 at BarracudaReferenceImpl.compute(64): failed to open source file: 'Tensor.cginc'
  api=4 insize=47665 outsize=0 ok=0
Cmd: compileComputeKernel
  error: 2 plat 4 at BarracudaReferenceImpl.compute(64): failed to open source file: 'Tensor.cginc'
  api=4 insize=47665 outsize=0 ok=0
Cmd: compileComputeKernel
  error: 2 plat 4 at Activation.compute(117): failed to open source file: 'Tensor.cginc'
  api=4 insize=29386 outsize=0 ok=0
Cmd: compileComputeKernel
  error: 2 plat 4 at Activation.compute(117): failed to open source file: 'Tensor.cginc'
  api=4 insize=29386 outsize=0 ok=0
Cmd: compileComputeKernel
  error: 2 plat 4 at Activation.compute(117): failed to open source file: 'Tensor.cginc'
  api=4 insize=29386 outsize=0 ok=0
Cmd: compileComputeKernel
  error: 2 plat 4 at Activation.compute(117): failed to open source file: 'Tensor.cginc'
  api=4 insize=29386 outsize=0 ok=0
Cmd: compileComputeKernel
  error: 2 plat 4 at Activation.compute(117): failed to open source file: 'Tensor.cginc'
  api=4 insize=29386 outsize=0 ok=0
Cmd: compileComputeKernel
  error: 2 plat 4 at Activation.compute(117): failed to open source file: 'Tensor.cginc'
  api=4 insize=29386 outsize=0 ok=0
Cmd: compileComputeKernel
  error: 2 plat 4 at Activation.compute(117): failed to open source file: 'Tensor.cginc'
  api=4 insize=29386 outsize=0 ok=0
Cmd: compileComputeKernel
  error: 2 plat 4 at Activation.compute(117): failed to open source file: 'Tensor.cginc'
  api=4 insize=29386 outsize=0 ok=0
Cmd: compileComputeKernel
  error: 2 plat 4 at Activation.compute(117): failed to open source file: 'Tensor.cginc'
  api=4 insize=29386 outsize=0 ok=0
Cmd: compileComputeKernel
  error: 2 plat 4 at Activation.compute(117): failed to open source file: 'Tensor.cginc'
  api=4 insize=29386 outsize=0 ok=0
Cmd: compileComputeKernel
  error: 2 plat 4 at Activation.compute(117): failed to open source file: 'Tensor.cginc'
  api=4 insize=29386 outsize=0 ok=0
Cmd: compileComputeKernel
  error: 2 plat 4 at Generic.compute(13): failed to open source file: 'Tensor.cginc'
  api=4 insize=7960 outsize=0 ok=0
Cmd: compileComputeKernel
  error: 2 plat 4 at Dense.compute(13): failed to open source file: 'Tensor.cginc'
  api=4 insize=68835 outsize=0 ok=0
Cmd: compileComputeKernel
  error: 2 plat 4 at Broadcast.compute(17): failed to open source file: 'Tensor.cginc'
  api=4 insize=9919 outsize=0 ok=0
Cmd: compileComputeKernel
  error: 2 plat 4 at Broadcast.compute(17): failed to open source file: 'Tensor.cginc'
  api=4 insize=9919 outsize=0 ok=0
Cmd: compileComputeKernel
  error: 2 plat 4 at Conv.compute(22): failed to open source file: 'Tensor.cginc'
  api=4 insize=31899 outsize=0 ok=0
Cmd: compileComputeKernel
  error: 2 plat 4 at Conv.compute(22): failed to open source file: 'Tensor.cginc'
  api=4 insize=31899 outsize=0 ok=0
Cmd: compileComputeKernel
  error: 2 plat 4 at Pool.compute(8): failed to open source file: 'Tensor.cginc'
  api=4 insize=6546 outsize=0 ok=0
Cmd: compileComputeKernel
  error: 2 plat 4 at BarracudaReferenceImpl.compute(64): failed to open source file: 'Tensor.cginc'
  api=4 insize=47665 outsize=0 ok=0
Cmd: compileComputeKernel
  error: 2 plat 4 at BarracudaReferenceImpl.compute(64): failed to open source file: 'Tensor.cginc'
  api=4 insize=47665 outsize=0 ok=0
Cmd: compileComputeKernel
  error: 2 plat 4 at BarracudaReferenceImpl.compute(64): failed to open source file: 'Tensor.cginc'
  api=4 insize=47665 outsize=0 ok=0
Cmd: compileComputeKernel
  error: 2 plat 4 at BarracudaReferenceImpl.compute(64): failed to open source file: 'Tensor.cginc'
  api=4 insize=47665 outsize=0 ok=0
Cmd: compileComputeKernel
  error: 2 plat 4 at BarracudaReferenceImpl.compute(64): failed to open source file: 'Tensor.cginc'
  api=4 insize=47665 outsize=0 ok=0
Cmd: compileComputeKernel
  error: 2 plat 4 at BarracudaReferenceImpl.compute(64): failed to open source file: 'Tensor.cginc'
  api=4 insize=47665 outsize=0 ok=0
Cmd: compileComputeKernel
  error: 2 plat 4 at BarracudaReferenceImpl.compute(64): failed to open source file: 'Tensor.cginc'
  api=4 insize=47665 outsize=0 ok=0
Cmd: compileComputeKernel
  error: 2 plat 4 at BarracudaReferenceImpl.compute(64): failed to open source file: 'Tensor.cginc'
  api=4 insize=47665 outsize=0 ok=0
Cmd: compileComputeKernel
  error: 2 plat 4 at Activation.compute(117): failed to open source file: 'Tensor.cginc'
  api=4 insize=29386 outsize=0 ok=0
Cmd: compileComputeKernel
  error: 2 plat 4 at Activation.compute(117): failed to open source file: 'Tensor.cginc'
  api=4 insize=29386 outsize=0 ok=0
Cmd: compileComputeKernel
  error: 2 plat 4 at Activation.compute(117): failed to open source file: 'Tensor.cginc'
  api=4 insize=29386 outsize=0 ok=0
Cmd: compileComputeKernel
  error: 2 plat 4 at Activation.compute(117): failed to open source file: 'Tensor.cginc'
  api=4 insize=29386 outsize=0 ok=0
Cmd: compileComputeKernel
  error: 2 plat 4 at Activation.compute(117): failed to open source file: 'Tensor.cginc'
  api=4 insize=29386 outsize=0 ok=0
Cmd: compileComputeKernel
  error: 2 plat 4 at Activation.compute(117): failed to open source file: 'Tensor.cginc'
  api=4 insize=29386 outsize=0 ok=0
Cmd: compileComputeKernel
  error: 2 plat 4 at Activation.compute(117): failed to open source file: 'Tensor.cginc'
  api=4 insize=29386 outsize=0 ok=0
Cmd: compileComputeKernel
  error: 2 plat 4 at Activation.compute(117): failed to open source file: 'Tensor.cginc'
  api=4 insize=29386 outsize=0 ok=0
Cmd: compileComputeKernel
  error: 2 plat 4 at Activation.compute(117): failed to open source file: 'Tensor.cginc'
  api=4 insize=29386 outsize=0 ok=0
Cmd: compileComputeKernel
  error: 2 plat 4 at Activation.compute(117): failed to open source file: 'Tensor.cginc'
  api=4 insize=29386 outsize=0 ok=0
Cmd: compileComputeKernel
  error: 2 plat 4 at Activation.compute(117): failed to open source file: 'Tensor.cginc'
  api=4 insize=29386 outsize=0 ok=0
