Base path: 'C:/Program Files/Unity/Hub/Editor/2020.1.4f1/Editor/Data', plugins path 'C:/Program Files/Unity/Hub/Editor/2020.1.4f1/Editor/Data/PlaybackEngines'
Cmd: initializeCompiler
Cmd: preprocess
  insize=2387 outsize=1771 pd=UNITY_ENABLE_REFLECTION_BUFFERS UNITY_USE_DITHER_MASK_FOR_ALPHABLENDED_SHADOWS UNITY_PBS_USE_BRDF1 UNITY_SPECCUBE_BOX_PROJECTION UNITY_SPECCUBE_BLENDING UNITY_ENABLE_DETAIL_NORMALMAP SHADER_API_DESKTOP UNITY_COLORSPACE_GAMMA UNITY_LIGHT_PROBE_PROXY_VOLUME UNITY_LIGHTMAP_FULL_HDR dkw=UNITY_NO_DXT5nm UNITY_ENABLE_NATIVE_SHADOW_LOOKUPS UNITY_METAL_SHADOWS_USE_POINT_FILTERING UNITY_NO_SCREENSPACE_SHADOWS UNITY_PBS_USE_BRDF2 UNITY_PBS_USE_BRDF3 UNITY_NO_FULL_STANDARD_SHADER UNITY_HARDWARE_TIER1 UNITY_HARDWARE_TIER2 UNITY_HARDWARE_TIER3 UNITY_HALF_PRECISION_FRAGMENT_SHADER_REGISTERS UNITY_LIGHTMAP_DLDR_ENCODING UNITY_LIGHTMAP_RGBM_ENCODING UNITY_VIRTUAL_TEXTURING ok=1
Cmd: preprocess
  insize=7319 outsize=2448 pd=UNITY_ENABLE_REFLECTION_BUFFERS UNITY_USE_DITHER_MASK_FOR_ALPHABLENDED_SHADOWS UNITY_PBS_USE_BRDF1 UNITY_SPECCUBE_BOX_PROJECTION UNITY_SPECCUBE_BLENDING UNITY_ENABLE_DETAIL_NORMALMAP SHADER_API_DESKTOP UNITY_COLORSPACE_GAMMA UNITY_LIGHT_PROBE_PROXY_VOLUME UNITY_LIGHTMAP_FULL_HDR dkw=UNITY_NO_DXT5nm UNITY_ENABLE_NATIVE_SHADOW_LOOKUPS UNITY_METAL_SHADOWS_USE_POINT_FILTERING UNITY_NO_SCREENSPACE_SHADOWS UNITY_PBS_USE_BRDF2 UNITY_PBS_USE_BRDF3 UNITY_NO_FULL_STANDARD_SHADER UNITY_HARDWARE_TIER1 UNITY_HARDWARE_TIER2 UNITY_HARDWARE_TIER3 UNITY_HALF_PRECISION_FRAGMENT_SHADER_REGISTERS UNITY_LIGHTMAP_DLDR_ENCODING UNITY_LIGHTMAP_RGBM_ENCODING UNITY_VIRTUAL_TEXTURING ok=1
Cmd: preprocess
  insize=3608 outsize=1262 pd=UNITY_ENABLE_REFLECTION_BUFFERS UNITY_USE_DITHER_MASK_FOR_ALPHABLENDED_SHADOWS UNITY_PBS_USE_BRDF1 UNITY_SPECCUBE_BOX_PROJECTION UNITY_SPECCUBE_BLENDING UNITY_ENABLE_DETAIL_NORMALMAP SHADER_API_DESKTOP UNITY_COLORSPACE_GAMMA UNITY_LIGHT_PROBE_PROXY_VOLUME UNITY_LIGHTMAP_FULL_HDR dkw=UNITY_NO_DXT5nm UNITY_ENABLE_NATIVE_SHADOW_LOOKUPS UNITY_METAL_SHADOWS_USE_POINT_FILTERING UNITY_NO_SCREENSPACE_SHADOWS UNITY_PBS_USE_BRDF2 UNITY_PBS_USE_BRDF3 UNITY_NO_FULL_STANDARD_SHADER UNITY_HARDWARE_TIER1 UNITY_HARDWARE_TIER2 UNITY_HARDWARE_TIER3 UNITY_HALF_PRECISION_FRAGMENT_SHADER_REGISTERS UNITY_LIGHTMAP_DLDR_ENCODING UNITY_LIGHTMAP_RGBM_ENCODING UNITY_VIRTUAL_TEXTURING ok=1
Cmd: preprocess
  insize=3569 outsize=2622 pd=UNITY_ENABLE_REFLECTION_BUFFERS UNITY_USE_DITHER_MASK_FOR_ALPHABLENDED_SHADOWS UNITY_PBS_USE_BRDF1 UNITY_SPECCUBE_BOX_PROJECTION UNITY_SPECCUBE_BLENDING UNITY_ENABLE_DETAIL_NORMALMAP SHADER_API_DESKTOP UNITY_COLORSPACE_GAMMA UNITY_LIGHT_PROBE_PROXY_VOLUME UNITY_LIGHTMAP_FULL_HDR dkw=UNITY_NO_DXT5nm UNITY_ENABLE_NATIVE_SHADOW_LOOKUPS UNITY_METAL_SHADOWS_USE_POINT_FILTERING UNITY_NO_SCREENSPACE_SHADOWS UNITY_PBS_USE_BRDF2 UNITY_PBS_USE_BRDF3 UNITY_NO_FULL_STANDARD_SHADER UNITY_HARDWARE_TIER1 UNITY_HARDWARE_TIER2 UNITY_HARDWARE_TIER3 UNITY_HALF_PRECISION_FRAGMENT_SHADER_REGISTERS UNITY_LIGHTMAP_DLDR_ENCODING UNITY_LIGHTMAP_RGBM_ENCODING UNITY_VIRTUAL_TEXTURING ok=1
Cmd: preprocess
  insize=4407 outsize=3641 pd=UNITY_ENABLE_REFLECTION_BUFFERS UNITY_USE_DITHER_MASK_FOR_ALPHABLENDED_SHADOWS UNITY_PBS_USE_BRDF1 UNITY_SPECCUBE_BOX_PROJECTION UNITY_SPECCUBE_BLENDING UNITY_ENABLE_DETAIL_NORMALMAP SHADER_API_DESKTOP UNITY_COLORSPACE_GAMMA UNITY_LIGHT_PROBE_PROXY_VOLUME UNITY_LIGHTMAP_FULL_HDR dkw=UNITY_NO_DXT5nm UNITY_ENABLE_NATIVE_SHADOW_LOOKUPS UNITY_METAL_SHADOWS_USE_POINT_FILTERING UNITY_NO_SCREENSPACE_SHADOWS UNITY_PBS_USE_BRDF2 UNITY_PBS_USE_BRDF3 UNITY_NO_FULL_STANDARD_SHADER UNITY_HARDWARE_TIER1 UNITY_HARDWARE_TIER2 UNITY_HARDWARE_TIER3 UNITY_HALF_PRECISION_FRAGMENT_SHADER_REGISTERS UNITY_LIGHTMAP_DLDR_ENCODING UNITY_LIGHTMAP_RGBM_ENCODING UNITY_VIRTUAL_TEXTURING ok=1
Cmd: preprocess
  insize=3606 outsize=1310 pd=UNITY_ENABLE_REFLECTION_BUFFERS UNITY_USE_DITHER_MASK_FOR_ALPHABLENDED_SHADOWS UNITY_PBS_USE_BRDF1 UNITY_SPECCUBE_BOX_PROJECTION UNITY_SPECCUBE_BLENDING UNITY_ENABLE_DETAIL_NORMALMAP SHADER_API_DESKTOP UNITY_COLORSPACE_GAMMA UNITY_LIGHT_PROBE_PROXY_VOLUME UNITY_LIGHTMAP_FULL_HDR dkw=UNITY_NO_DXT5nm UNITY_ENABLE_NATIVE_SHADOW_LOOKUPS UNITY_METAL_SHADOWS_USE_POINT_FILTERING UNITY_NO_SCREENSPACE_SHADOWS UNITY_PBS_USE_BRDF2 UNITY_PBS_USE_BRDF3 UNITY_NO_FULL_STANDARD_SHADER UNITY_HARDWARE_TIER1 UNITY_HARDWARE_TIER2 UNITY_HARDWARE_TIER3 UNITY_HALF_PRECISION_FRAGMENT_SHADER_REGISTERS UNITY_LIGHTMAP_DLDR_ENCODING UNITY_LIGHTMAP_RGBM_ENCODING UNITY_VIRTUAL_TEXTURING ok=1
Cmd: preprocess
  insize=10352 outsize=3956 pd=UNITY_ENABLE_REFLECTION_BUFFERS UNITY_USE_DITHER_MASK_FOR_ALPHABLENDED_SHADOWS UNITY_PBS_USE_BRDF1 UNITY_SPECCUBE_BOX_PROJECTION UNITY_SPECCUBE_BLENDING UNITY_ENABLE_DETAIL_NORMALMAP SHADER_API_DESKTOP UNITY_COLORSPACE_GAMMA UNITY_LIGHT_PROBE_PROXY_VOLUME UNITY_LIGHTMAP_FULL_HDR dkw=UNITY_NO_DXT5nm UNITY_ENABLE_NATIVE_SHADOW_LOOKUPS UNITY_METAL_SHADOWS_USE_POINT_FILTERING UNITY_NO_SCREENSPACE_SHADOWS UNITY_PBS_USE_BRDF2 UNITY_PBS_USE_BRDF3 UNITY_NO_FULL_STANDARD_SHADER UNITY_HARDWARE_TIER1 UNITY_HARDWARE_TIER2 UNITY_HARDWARE_TIER3 UNITY_HALF_PRECISION_FRAGMENT_SHADER_REGISTERS UNITY_LIGHTMAP_DLDR_ENCODING UNITY_LIGHTMAP_RGBM_ENCODING UNITY_VIRTUAL_TEXTURING ok=1
Cmd: preprocess
  insize=7960 outsize=2720 pd=UNITY_ENABLE_REFLECTION_BUFFERS UNITY_USE_DITHER_MASK_FOR_ALPHABLENDED_SHADOWS UNITY_PBS_USE_BRDF1 UNITY_SPECCUBE_BOX_PROJECTION UNITY_SPECCUBE_BLENDING UNITY_ENABLE_DETAIL_NORMALMAP SHADER_API_DESKTOP UNITY_COLORSPACE_GAMMA UNITY_LIGHT_PROBE_PROXY_VOLUME UNITY_LIGHTMAP_FULL_HDR dkw=UNITY_NO_DXT5nm UNITY_ENABLE_NATIVE_SHADOW_LOOKUPS UNITY_METAL_SHADOWS_USE_POINT_FILTERING UNITY_NO_SCREENSPACE_SHADOWS UNITY_PBS_USE_BRDF2 UNITY_PBS_USE_BRDF3 UNITY_NO_FULL_STANDARD_SHADER UNITY_HARDWARE_TIER1 UNITY_HARDWARE_TIER2 UNITY_HARDWARE_TIER3 UNITY_HALF_PRECISION_FRAGMENT_SHADER_REGISTERS UNITY_LIGHTMAP_DLDR_ENCODING UNITY_LIGHTMAP_RGBM_ENCODING UNITY_VIRTUAL_TEXTURING ok=1
Cmd: preprocess
  insize=10343 outsize=3945 pd=UNITY_ENABLE_REFLECTION_BUFFERS UNITY_USE_DITHER_MASK_FOR_ALPHABLENDED_SHADOWS UNITY_PBS_USE_BRDF1 UNITY_SPECCUBE_BOX_PROJECTION UNITY_SPECCUBE_BLENDING UNITY_ENABLE_DETAIL_NORMALMAP SHADER_API_DESKTOP UNITY_COLORSPACE_GAMMA UNITY_LIGHT_PROBE_PROXY_VOLUME UNITY_LIGHTMAP_FULL_HDR dkw=UNITY_NO_DXT5nm UNITY_ENABLE_NATIVE_SHADOW_LOOKUPS UNITY_METAL_SHADOWS_USE_POINT_FILTERING UNITY_NO_SCREENSPACE_SHADOWS UNITY_PBS_USE_BRDF2 UNITY_PBS_USE_BRDF3 UNITY_NO_FULL_STANDARD_SHADER UNITY_HARDWARE_TIER1 UNITY_HARDWARE_TIER2 UNITY_HARDWARE_TIER3 UNITY_HALF_PRECISION_FRAGMENT_SHADER_REGISTERS UNITY_LIGHTMAP_DLDR_ENCODING UNITY_LIGHTMAP_RGBM_ENCODING UNITY_VIRTUAL_TEXTURING ok=1
Cmd: preprocess
  insize=3652 outsize=1674 pd=UNITY_ENABLE_REFLECTION_BUFFERS UNITY_USE_DITHER_MASK_FOR_ALPHABLENDED_SHADOWS UNITY_PBS_USE_BRDF1 UNITY_SPECCUBE_BOX_PROJECTION UNITY_SPECCUBE_BLENDING UNITY_ENABLE_DETAIL_NORMALMAP SHADER_API_DESKTOP UNITY_COLORSPACE_GAMMA UNITY_LIGHT_PROBE_PROXY_VOLUME UNITY_LIGHTMAP_FULL_HDR dkw=UNITY_NO_DXT5nm UNITY_ENABLE_NATIVE_SHADOW_LOOKUPS UNITY_METAL_SHADOWS_USE_POINT_FILTERING UNITY_NO_SCREENSPACE_SHADOWS UNITY_PBS_USE_BRDF2 UNITY_PBS_USE_BRDF3 UNITY_NO_FULL_STANDARD_SHADER UNITY_HARDWARE_TIER1 UNITY_HARDWARE_TIER2 UNITY_HARDWARE_TIER3 UNITY_HALF_PRECISION_FRAGMENT_SHADER_REGISTERS UNITY_LIGHTMAP_DLDR_ENCODING UNITY_LIGHTMAP_RGBM_ENCODING UNITY_VIRTUAL_TEXTURING ok=1
Cmd: preprocess
  insize=7327 outsize=2458 pd=UNITY_ENABLE_REFLECTION_BUFFERS UNITY_USE_DITHER_MASK_FOR_ALPHABLENDED_SHADOWS UNITY_PBS_USE_BRDF1 UNITY_SPECCUBE_BOX_PROJECTION UNITY_SPECCUBE_BLENDING UNITY_ENABLE_DETAIL_NORMALMAP SHADER_API_DESKTOP UNITY_COLORSPACE_GAMMA UNITY_LIGHT_PROBE_PROXY_VOLUME UNITY_LIGHTMAP_FULL_HDR dkw=UNITY_NO_DXT5nm UNITY_ENABLE_NATIVE_SHADOW_LOOKUPS UNITY_METAL_SHADOWS_USE_POINT_FILTERING UNITY_NO_SCREENSPACE_SHADOWS UNITY_PBS_USE_BRDF2 UNITY_PBS_USE_BRDF3 UNITY_NO_FULL_STANDARD_SHADER UNITY_HARDWARE_TIER1 UNITY_HARDWARE_TIER2 UNITY_HARDWARE_TIER3 UNITY_HALF_PRECISION_FRAGMENT_SHADER_REGISTERS UNITY_LIGHTMAP_DLDR_ENCODING UNITY_LIGHTMAP_RGBM_ENCODING UNITY_VIRTUAL_TEXTURING ok=1
Cmd: preprocess
  insize=2420 outsize=1129 pd=UNITY_ENABLE_REFLECTION_BUFFERS UNITY_USE_DITHER_MASK_FOR_ALPHABLENDED_SHADOWS UNITY_PBS_USE_BRDF1 UNITY_SPECCUBE_BOX_PROJECTION UNITY_SPECCUBE_BLENDING UNITY_ENABLE_DETAIL_NORMALMAP SHADER_API_DESKTOP UNITY_COLORSPACE_GAMMA UNITY_LIGHT_PROBE_PROXY_VOLUME UNITY_LIGHTMAP_FULL_HDR dkw=UNITY_NO_DXT5nm UNITY_ENABLE_NATIVE_SHADOW_LOOKUPS UNITY_METAL_SHADOWS_USE_POINT_FILTERING UNITY_NO_SCREENSPACE_SHADOWS UNITY_PBS_USE_BRDF2 UNITY_PBS_USE_BRDF3 UNITY_NO_FULL_STANDARD_SHADER UNITY_HARDWARE_TIER1 UNITY_HARDWARE_TIER2 UNITY_HARDWARE_TIER3 UNITY_HALF_PRECISION_FRAGMENT_SHADER_REGISTERS UNITY_LIGHTMAP_DLDR_ENCODING UNITY_LIGHTMAP_RGBM_ENCODING UNITY_VIRTUAL_TEXTURING ok=1
Cmd: compileComputeKernel
  error: 2 plat 4 at Generic.compute(13): failed to open source file: 'Tensor.cginc'
  api=4 insize=7960 outsize=0 ok=0
Cmd: compileComputeKernel
  error: 2 plat 4 at Dense.compute(13): failed to open source file: 'Tensor.cginc'
  api=4 insize=68835 outsize=0 ok=0
Cmd: compileComputeKernel
  error: 2 plat 4 at Broadcast.compute(17): failed to open source file: 'Tensor.cginc'
  api=4 insize=9919 outsize=0 ok=0
Cmd: compileComputeKernel
  error: 2 plat 4 at Broadcast.compute(17): failed to open source file: 'Tensor.cginc'
  api=4 insize=9919 outsize=0 ok=0
Cmd: compileComputeKernel
  error: 2 plat 4 at Conv.compute(22): failed to open source file: 'Tensor.cginc'
  api=4 insize=31899 outsize=0 ok=0
Cmd: compileComputeKernel
  error: 2 plat 4 at Conv.compute(22): failed to open source file: 'Tensor.cginc'
  api=4 insize=31899 outsize=0 ok=0
Cmd: compileComputeKernel
  error: 2 plat 4 at Pool.compute(8): failed to open source file: 'Tensor.cginc'
  api=4 insize=6546 outsize=0 ok=0
Cmd: compileComputeKernel
  error: 2 plat 4 at BarracudaReferenceImpl.compute(64): failed to open source file: 'Tensor.cginc'
  api=4 insize=47665 outsize=0 ok=0
Cmd: compileComputeKernel
  error: 2 plat 4 at BarracudaReferenceImpl.compute(64): failed to open source file: 'Tensor.cginc'
  api=4 insize=47665 outsize=0 ok=0
Cmd: compileComputeKernel
  error: 2 plat 4 at BarracudaReferenceImpl.compute(64): failed to open source file: 'Tensor.cginc'
  api=4 insize=47665 outsize=0 ok=0
Cmd: compileComputeKernel
  error: 2 plat 4 at BarracudaReferenceImpl.compute(64): failed to open source file: 'Tensor.cginc'
  api=4 insize=47665 outsize=0 ok=0
Cmd: compileComputeKernel
  error: 2 plat 4 at BarracudaReferenceImpl.compute(64): failed to open source file: 'Tensor.cginc'
  api=4 insize=47665 outsize=0 ok=0
Cmd: compileComputeKernel
  error: 2 plat 4 at BarracudaReferenceImpl.compute(64): failed to open source file: 'Tensor.cginc'
  api=4 insize=47665 outsize=0 ok=0
Cmd: compileComputeKernel
  error: 2 plat 4 at BarracudaReferenceImpl.compute(64): failed to open source file: 'Tensor.cginc'
  api=4 insize=47665 outsize=0 ok=0
Cmd: compileComputeKernel
  error: 2 plat 4 at BarracudaReferenceImpl.compute(64): failed to open source file: 'Tensor.cginc'
  api=4 insize=47665 outsize=0 ok=0
Cmd: compileComputeKernel
  error: 2 plat 4 at BarracudaReferenceImpl.compute(64): failed to open source file: 'Tensor.cginc'
  api=4 insize=47665 outsize=0 ok=0
Cmd: compileComputeKernel
  error: 2 plat 4 at Pad.compute(6): failed to open source file: 'Tensor.cginc'
  api=4 insize=4119 outsize=0 ok=0
Cmd: compileComputeKernel
  error: 2 plat 4 at DenseFP16.compute(3): failed to open source file: 'Tensor.cginc'
  api=4 insize=1810 outsize=0 ok=0
Cmd: compileComputeKernel
  error: 2 plat 4 at Activation.compute(117): failed to open source file: 'Tensor.cginc'
  api=4 insize=29386 outsize=0 ok=0
Cmd: compileComputeKernel
  error: 2 plat 4 at Activation.compute(117): failed to open source file: 'Tensor.cginc'
  api=4 insize=29386 outsize=0 ok=0
Cmd: compileComputeKernel
  error: 2 plat 4 at Activation.compute(117): failed to open source file: 'Tensor.cginc'
  api=4 insize=29386 outsize=0 ok=0
Cmd: compileComputeKernel
  error: 2 plat 4 at Activation.compute(117): failed to open source file: 'Tensor.cginc'
  api=4 insize=29386 outsize=0 ok=0
Cmd: compileComputeKernel
  error: 2 plat 4 at Activation.compute(117): failed to open source file: 'Tensor.cginc'
  api=4 insize=29386 outsize=0 ok=0
Cmd: compileComputeKernel
  error: 2 plat 4 at Activation.compute(117): failed to open source file: 'Tensor.cginc'
  api=4 insize=29386 outsize=0 ok=0
Cmd: compileComputeKernel
  error: 2 plat 4 at Activation.compute(117): failed to open source file: 'Tensor.cginc'
  api=4 insize=29386 outsize=0 ok=0
Cmd: compileComputeKernel
  error: 2 plat 4 at Activation.compute(117): failed to open source file: 'Tensor.cginc'
  api=4 insize=29386 outsize=0 ok=0
Cmd: compileComputeKernel
  error: 2 plat 4 at Activation.compute(117): failed to open source file: 'Tensor.cginc'
  api=4 insize=29386 outsize=0 ok=0
Cmd: compileComputeKernel
  error: 2 plat 4 at Generic.compute(13): failed to open source file: 'Tensor.cginc'
  api=4 insize=7960 outsize=0 ok=0
Cmd: compileComputeKernel
  error: 2 plat 4 at Generic.compute(13): failed to open source file: 'Tensor.cginc'
  api=4 insize=7960 outsize=0 ok=0
Cmd: compileComputeKernel
  error: 2 plat 4 at Dense.compute(13): failed to open source file: 'Tensor.cginc'
  api=4 insize=68835 outsize=0 ok=0
Cmd: compileComputeKernel
  error: 2 plat 4 at Broadcast.compute(17): failed to open source file: 'Tensor.cginc'
  api=4 insize=9919 outsize=0 ok=0
Cmd: compileComputeKernel
  error: 2 plat 4 at Broadcast.compute(17): failed to open source file: 'Tensor.cginc'
  api=4 insize=9919 outsize=0 ok=0
Cmd: compileComputeKernel
  error: 2 plat 4 at Conv.compute(22): failed to open source file: 'Tensor.cginc'
  api=4 insize=31899 outsize=0 ok=0
Cmd: compileComputeKernel
  error: 2 plat 4 at Conv.compute(22): failed to open source file: 'Tensor.cginc'
  api=4 insize=31899 outsize=0 ok=0
Cmd: compileComputeKernel
  error: 2 plat 4 at Pool.compute(8): failed to open source file: 'Tensor.cginc'
  api=4 insize=6546 outsize=0 ok=0
Cmd: compileComputeKernel
  error: 2 plat 4 at BarracudaReferenceImpl.compute(64): failed to open source file: 'Tensor.cginc'
  api=4 insize=47665 outsize=0 ok=0
Cmd: compileComputeKernel
  error: 2 plat 4 at BarracudaReferenceImpl.compute(64): failed to open source file: 'Tensor.cginc'
  api=4 insize=47665 outsize=0 ok=0
Cmd: compileComputeKernel
  error: 2 plat 4 at BarracudaReferenceImpl.compute(64): failed to open source file: 'Tensor.cginc'
  api=4 insize=47665 outsize=0 ok=0
Cmd: compileComputeKernel
  error: 2 plat 4 at BarracudaReferenceImpl.compute(64): failed to open source file: 'Tensor.cginc'
  api=4 insize=47665 outsize=0 ok=0
Cmd: compileComputeKernel
  error: 2 plat 4 at BarracudaReferenceImpl.compute(64): failed to open source file: 'Tensor.cginc'
  api=4 insize=47665 outsize=0 ok=0
Cmd: compileComputeKernel
  error: 2 plat 4 at BarracudaReferenceImpl.compute(64): failed to open source file: 'Tensor.cginc'
  api=4 insize=47665 outsize=0 ok=0
Cmd: compileComputeKernel
  error: 2 plat 4 at BarracudaReferenceImpl.compute(64): failed to open source file: 'Tensor.cginc'
  api=4 insize=47665 outsize=0 ok=0
Cmd: compileComputeKernel
  error: 2 plat 4 at BarracudaReferenceImpl.compute(64): failed to open source file: 'Tensor.cginc'
  api=4 insize=47665 outsize=0 ok=0
Cmd: compileComputeKernel
  error: 2 plat 4 at Pad.compute(6): failed to open source file: 'Tensor.cginc'
  api=4 insize=4119 outsize=0 ok=0
Cmd: compileComputeKernel
  error: 2 plat 4 at DenseFP16.compute(3): failed to open source file: 'Tensor.cginc'
  api=4 insize=1810 outsize=0 ok=0
Cmd: compileComputeKernel
  error: 2 plat 4 at Activation.compute(117): failed to open source file: 'Tensor.cginc'
  api=4 insize=29386 outsize=0 ok=0
Cmd: compileComputeKernel
  error: 2 plat 4 at Activation.compute(117): failed to open source file: 'Tensor.cginc'
  api=4 insize=29386 outsize=0 ok=0
Cmd: compileComputeKernel
  error: 2 plat 4 at Activation.compute(117): failed to open source file: 'Tensor.cginc'
  api=4 insize=29386 outsize=0 ok=0
Cmd: compileComputeKernel
  error: 2 plat 4 at Activation.compute(117): failed to open source file: 'Tensor.cginc'
  api=4 insize=29386 outsize=0 ok=0
Cmd: compileComputeKernel
  error: 2 plat 4 at Activation.compute(117): failed to open source file: 'Tensor.cginc'
  api=4 insize=29386 outsize=0 ok=0
Cmd: compileComputeKernel
  error: 2 plat 4 at Activation.compute(117): failed to open source file: 'Tensor.cginc'
  api=4 insize=29386 outsize=0 ok=0
Cmd: compileComputeKernel
  error: 2 plat 4 at Activation.compute(117): failed to open source file: 'Tensor.cginc'
  api=4 insize=29386 outsize=0 ok=0
Cmd: compileComputeKernel
  error: 2 plat 4 at Activation.compute(117): failed to open source file: 'Tensor.cginc'
  api=4 insize=29386 outsize=0 ok=0
Cmd: compileComputeKernel
  error: 2 plat 4 at Activation.compute(117): failed to open source file: 'Tensor.cginc'
  api=4 insize=29386 outsize=0 ok=0
Cmd: compileComputeKernel
  error: 2 plat 4 at Activation.compute(117): failed to open source file: 'Tensor.cginc'
  api=4 insize=29386 outsize=0 ok=0
Cmd: compileComputeKernel
  error: 2 plat 4 at Activation.compute(117): failed to open source file: 'Tensor.cginc'
  api=4 insize=29386 outsize=0 ok=0
Cmd: compileComputeKernel
  error: 2 plat 4 at Activation.compute(117): failed to open source file: 'Tensor.cginc'
  api=4 insize=29386 outsize=0 ok=0
Cmd: compileComputeKernel
  error: 2 plat 4 at Activation.compute(117): failed to open source file: 'Tensor.cginc'
  api=4 insize=29386 outsize=0 ok=0
Cmd: compileComputeKernel
  error: 2 plat 4 at Generic.compute(13): failed to open source file: 'Tensor.cginc'
  api=4 insize=7960 outsize=0 ok=0
Cmd: compileComputeKernel
  error: 2 plat 4 at Generic.compute(13): failed to open source file: 'Tensor.cginc'
  api=4 insize=7960 outsize=0 ok=0
Cmd: compileComputeKernel
  error: 2 plat 4 at Dense.compute(13): failed to open source file: 'Tensor.cginc'
  api=4 insize=68835 outsize=0 ok=0
Cmd: compileComputeKernel
  error: 2 plat 4 at Broadcast.compute(17): failed to open source file: 'Tensor.cginc'
  api=4 insize=9919 outsize=0 ok=0
Cmd: compileComputeKernel
  error: 2 plat 4 at Broadcast.compute(17): failed to open source file: 'Tensor.cginc'
  api=4 insize=9919 outsize=0 ok=0
Cmd: compileComputeKernel
  error: 2 plat 4 at Conv.compute(22): failed to open source file: 'Tensor.cginc'
  api=4 insize=31899 outsize=0 ok=0
Cmd: compileComputeKernel
  error: 2 plat 4 at Conv.compute(22): failed to open source file: 'Tensor.cginc'
  api=4 insize=31899 outsize=0 ok=0
Cmd: compileComputeKernel
  error: 2 plat 4 at Pool.compute(8): failed to open source file: 'Tensor.cginc'
  api=4 insize=6546 outsize=0 ok=0
Cmd: compileComputeKernel
  error: 2 plat 4 at BarracudaReferenceImpl.compute(64): failed to open source file: 'Tensor.cginc'
  api=4 insize=47665 outsize=0 ok=0
Cmd: compileComputeKernel
  error: 2 plat 4 at BarracudaReferenceImpl.compute(64): failed to open source file: 'Tensor.cginc'
  api=4 insize=47665 outsize=0 ok=0
Cmd: compileComputeKernel
  error: 2 plat 4 at BarracudaReferenceImpl.compute(64): failed to open source file: 'Tensor.cginc'
  api=4 insize=47665 outsize=0 ok=0
Cmd: compileComputeKernel
  error: 2 plat 4 at BarracudaReferenceImpl.compute(64): failed to open source file: 'Tensor.cginc'
  api=4 insize=47665 outsize=0 ok=0
Cmd: compileComputeKernel
  error: 2 plat 4 at BarracudaReferenceImpl.compute(64): failed to open source file: 'Tensor.cginc'
  api=4 insize=47665 outsize=0 ok=0
Cmd: compileComputeKernel
  error: 2 plat 4 at BarracudaReferenceImpl.compute(64): failed to open source file: 'Tensor.cginc'
  api=4 insize=47665 outsize=0 ok=0
Cmd: compileComputeKernel
  error: 2 plat 4 at BarracudaReferenceImpl.compute(64): failed to open source file: 'Tensor.cginc'
  api=4 insize=47665 outsize=0 ok=0
Cmd: compileComputeKernel
  error: 2 plat 4 at BarracudaReferenceImpl.compute(64): failed to open source file: 'Tensor.cginc'
  api=4 insize=47665 outsize=0 ok=0
Cmd: compileComputeKernel
  error: 2 plat 4 at Pad.compute(6): failed to open source file: 'Tensor.cginc'
  api=4 insize=4119 outsize=0 ok=0
Cmd: compileComputeKernel
  error: 2 plat 4 at DenseFP16.compute(3): failed to open source file: 'Tensor.cginc'
  api=4 insize=1810 outsize=0 ok=0
Cmd: compileComputeKernel
  error: 2 plat 4 at Activation.compute(117): failed to open source file: 'Tensor.cginc'
  api=4 insize=29386 outsize=0 ok=0
Cmd: compileComputeKernel
  error: 2 plat 4 at Activation.compute(117): failed to open source file: 'Tensor.cginc'
  api=4 insize=29386 outsize=0 ok=0
Cmd: compileComputeKernel
  error: 2 plat 4 at Activation.compute(117): failed to open source file: 'Tensor.cginc'
  api=4 insize=29386 outsize=0 ok=0
Cmd: compileComputeKernel
  error: 2 plat 4 at Activation.compute(117): failed to open source file: 'Tensor.cginc'
  api=4 insize=29386 outsize=0 ok=0
Cmd: compileComputeKernel
  error: 2 plat 4 at Activation.compute(117): failed to open source file: 'Tensor.cginc'
  api=4 insize=29386 outsize=0 ok=0
Cmd: compileComputeKernel
  error: 2 plat 4 at Activation.compute(117): failed to open source file: 'Tensor.cginc'
  api=4 insize=29386 outsize=0 ok=0
Cmd: compileComputeKernel
  error: 2 plat 4 at Activation.compute(117): failed to open source file: 'Tensor.cginc'
  api=4 insize=29386 outsize=0 ok=0
Cmd: compileComputeKernel
  error: 2 plat 4 at Activation.compute(117): failed to open source file: 'Tensor.cginc'
  api=4 insize=29386 outsize=0 ok=0
Cmd: compileComputeKernel
  error: 2 plat 4 at Activation.compute(117): failed to open source file: 'Tensor.cginc'
  api=4 insize=29386 outsize=0 ok=0
Cmd: compileComputeKernel
  error: 2 plat 4 at Activation.compute(117): failed to open source file: 'Tensor.cginc'
  api=4 insize=29386 outsize=0 ok=0
Cmd: compileComputeKernel
  error: 2 plat 4 at Activation.compute(117): failed to open source file: 'Tensor.cginc'
  api=4 insize=29386 outsize=0 ok=0
Cmd: compileComputeKernel
  error: 2 plat 4 at Generic.compute(13): failed to open source file: 'Tensor.cginc'
  api=4 insize=7960 outsize=0 ok=0
Cmd: compileComputeKernel
  error: 2 plat 4 at Generic.compute(13): failed to open source file: 'Tensor.cginc'
  api=4 insize=7960 outsize=0 ok=0
Cmd: compileComputeKernel
  error: 2 plat 4 at Dense.compute(13): failed to open source file: 'Tensor.cginc'
  api=4 insize=68835 outsize=0 ok=0
Cmd: compileComputeKernel
  error: 2 plat 4 at Broadcast.compute(17): failed to open source file: 'Tensor.cginc'
  api=4 insize=9919 outsize=0 ok=0
Cmd: compileComputeKernel
  error: 2 plat 4 at Broadcast.compute(17): failed to open source file: 'Tensor.cginc'
  api=4 insize=9919 outsize=0 ok=0
Cmd: compileComputeKernel
  error: 2 plat 4 at Conv.compute(22): failed to open source file: 'Tensor.cginc'
  api=4 insize=31899 outsize=0 ok=0
Cmd: compileComputeKernel
  error: 2 plat 4 at Pool.compute(8): failed to open source file: 'Tensor.cginc'
  api=4 insize=6546 outsize=0 ok=0
Cmd: compileComputeKernel
  error: 2 plat 4 at BarracudaReferenceImpl.compute(64): failed to open source file: 'Tensor.cginc'
  api=4 insize=47665 outsize=0 ok=0
Cmd: compileComputeKernel
  error: 2 plat 4 at BarracudaReferenceImpl.compute(64): failed to open source file: 'Tensor.cginc'
  api=4 insize=47665 outsize=0 ok=0
Cmd: compileComputeKernel
  error: 2 plat 4 at BarracudaReferenceImpl.compute(64): failed to open source file: 'Tensor.cginc'
  api=4 insize=47665 outsize=0 ok=0
Cmd: compileComputeKernel
  error: 2 plat 4 at BarracudaReferenceImpl.compute(64): failed to open source file: 'Tensor.cginc'
  api=4 insize=47665 outsize=0 ok=0
Cmd: compileComputeKernel
  error: 2 plat 4 at BarracudaReferenceImpl.compute(64): failed to open source file: 'Tensor.cginc'
  api=4 insize=47665 outsize=0 ok=0
Cmd: compileComputeKernel
  error: 2 plat 4 at BarracudaReferenceImpl.compute(64): failed to open source file: 'Tensor.cginc'
  api=4 insize=47665 outsize=0 ok=0
Cmd: compileComputeKernel
  error: 2 plat 4 at BarracudaReferenceImpl.compute(64): failed to open source file: 'Tensor.cginc'
  api=4 insize=47665 outsize=0 ok=0
Cmd: compileComputeKernel
  error: 2 plat 4 at BarracudaReferenceImpl.compute(64): failed to open source file: 'Tensor.cginc'
  api=4 insize=47665 outsize=0 ok=0
Cmd: compileComputeKernel
  error: 2 plat 4 at BarracudaReferenceImpl.compute(64): failed to open source file: 'Tensor.cginc'
  api=4 insize=47665 outsize=0 ok=0
Cmd: compileComputeKernel
  error: 2 plat 4 at Pad.compute(6): failed to open source file: 'Tensor.cginc'
  api=4 insize=4119 outsize=0 ok=0
Cmd: compileComputeKernel
  error: 2 plat 4 at DenseFP16.compute(3): failed to open source file: 'Tensor.cginc'
  api=4 insize=1810 outsize=0 ok=0
Cmd: compileComputeKernel
  error: 2 plat 4 at Activation.compute(117): failed to open source file: 'Tensor.cginc'
  api=4 insize=29386 outsize=0 ok=0
Cmd: compileComputeKernel
  error: 2 plat 4 at Activation.compute(117): failed to open source file: 'Tensor.cginc'
  api=4 insize=29386 outsize=0 ok=0
Cmd: compileComputeKernel
  error: 2 plat 4 at Activation.compute(117): failed to open source file: 'Tensor.cginc'
  api=4 insize=29386 outsize=0 ok=0
Cmd: compileComputeKernel
  error: 2 plat 4 at Activation.compute(117): failed to open source file: 'Tensor.cginc'
  api=4 insize=29386 outsize=0 ok=0
Cmd: compileComputeKernel
  error: 2 plat 4 at Activation.compute(117): failed to open source file: 'Tensor.cginc'
  api=4 insize=29386 outsize=0 ok=0
Cmd: compileComputeKernel
  error: 2 plat 4 at Activation.compute(117): failed to open source file: 'Tensor.cginc'
  api=4 insize=29386 outsize=0 ok=0
Cmd: compileComputeKernel
  error: 2 plat 4 at Activation.compute(117): failed to open source file: 'Tensor.cginc'
  api=4 insize=29386 outsize=0 ok=0
Cmd: compileComputeKernel
  error: 2 plat 4 at Activation.compute(117): failed to open source file: 'Tensor.cginc'
  api=4 insize=29386 outsize=0 ok=0
Cmd: compileComputeKernel
  error: 2 plat 4 at Activation.compute(117): failed to open source file: 'Tensor.cginc'
  api=4 insize=29386 outsize=0 ok=0
