Base path: 'C:/Program Files/Unity/Hub/Editor/2020.1.4f1/Editor/Data', plugins path 'C:/Program Files/Unity/Hub/Editor/2020.1.4f1/Editor/Data/PlaybackEngines'
Cmd: initializeCompiler
Cmd: compileSnippet
  api=4 type=1 insize=2739 outsize=710 kw=UNITY_UI_CLIP_RECT pd=UNITY_ENABLE_REFLECTION_BUFFERS UNITY_USE_DITHER_MASK_FOR_ALPHABLENDED_SHADOWS UNITY_PBS_USE_BRDF1 UNITY_SPECCUBE_BOX_PROJECTION UNITY_SPECCUBE_BLENDING UNITY_ENABLE_DETAIL_NORMALMAP SHADER_API_DESKTOP UNITY_COLORSPACE_GAMMA UNITY_LIGHT_PROBE_PROXY_VOLUME UNITY_LIGHTMAP_FULL_HDR dkw=UNITY_UI_ALPHACLIP UNITY_NO_DXT5nm UNITY_ENABLE_NATIVE_SHADOW_LOOKUPS UNITY_METAL_SHADOWS_USE_POINT_FILTERING UNITY_NO_SCREENSPACE_SHADOWS UNITY_PBS_USE_BRDF2 UNITY_PBS_USE_BRDF3 UNITY_NO_FULL_STANDARD_SHADER UNITY_HARDWARE_TIER1 UNITY_HARDWARE_TIER2 UNITY_HARDWARE_TIER3 UNITY_HALF_PRECISION_FRAGMENT_SHADER_REGISTERS UNITY_LIGHTMAP_DLDR_ENCODING UNITY_LIGHTMAP_RGBM_ENCODING UNITY_VIRTUAL_TEXTURING ok=1
Cmd: compileSnippet
  api=4 type=1 insize=42883 outsize=3850 kw=DIRECTIONAL LIGHTPROBE_SH pd=UNITY_ENABLE_REFLECTION_BUFFERS UNITY_USE_DITHER_MASK_FOR_ALPHABLENDED_SHADOWS UNITY_PBS_USE_BRDF1 UNITY_SPECCUBE_BOX_PROJECTION UNITY_SPECCUBE_BLENDING UNITY_ENABLE_DETAIL_NORMALMAP SHADER_API_DESKTOP UNITY_COLORSPACE_GAMMA UNITY_LIGHT_PROBE_PROXY_VOLUME UNITY_LIGHTMAP_FULL_HDR UNITY_PASS_FORWARDBASE dkw=GLOW_ON FOG_LINEAR FOG_EXP FOG_EXP2 INSTANCING_ON UNITY_NO_DXT5nm UNITY_ENABLE_NATIVE_SHADOW_LOOKUPS UNITY_METAL_SHADOWS_USE_POINT_FILTERING UNITY_NO_SCREENSPACE_SHADOWS UNITY_PBS_USE_BRDF2 UNITY_PBS_USE_BRDF3 UNITY_NO_FULL_STANDARD_SHADER UNITY_HARDWARE_TIER1 UNITY_HARDWARE_TIER2 UNITY_HARDWARE_TIER3 UNITY_HALF_PRECISION_FRAGMENT_SHADER_REGISTERS UNITY_LIGHTMAP_DLDR_ENCODING UNITY_LIGHTMAP_RGBM_ENCODING UNITY_VIRTUAL_TEXTURING ok=1
Cmd: compileSnippet
  api=4 type=0 insize=5314 outsize=3066 kw=UNITY_UI_CLIP_RECT pd=UNITY_ENABLE_REFLECTION_BUFFERS UNITY_USE_DITHER_MASK_FOR_ALPHABLENDED_SHADOWS UNITY_PBS_USE_BRDF1 UNITY_SPECCUBE_BOX_PROJECTION UNITY_SPECCUBE_BLENDING UNITY_ENABLE_DETAIL_NORMALMAP SHADER_API_DESKTOP UNITY_COLORSPACE_GAMMA UNITY_LIGHT_PROBE_PROXY_VOLUME UNITY_LIGHTMAP_FULL_HDR dkw=OUTLINE_ON UNDERLAY_ON UNDERLAY_INNER UNITY_UI_ALPHACLIP UNITY_NO_DXT5nm UNITY_ENABLE_NATIVE_SHADOW_LOOKUPS UNITY_METAL_SHADOWS_USE_POINT_FILTERING UNITY_NO_SCREENSPACE_SHADOWS UNITY_PBS_USE_BRDF2 UNITY_PBS_USE_BRDF3 UNITY_NO_FULL_STANDARD_SHADER UNITY_HARDWARE_TIER1 UNITY_HARDWARE_TIER2 UNITY_HARDWARE_TIER3 UNITY_HALF_PRECISION_FRAGMENT_SHADER_REGISTERS UNITY_LIGHTMAP_DLDR_ENCODING UNITY_LIGHTMAP_RGBM_ENCODING UNITY_VIRTUAL_TEXTURING ok=1
Cmd: compileSnippet
  api=4 type=0 insize=5683 outsize=3066 kw=UNITY_UI_CLIP_RECT pd=UNITY_ENABLE_REFLECTION_BUFFERS UNITY_USE_DITHER_MASK_FOR_ALPHABLENDED_SHADOWS UNITY_PBS_USE_BRDF1 UNITY_SPECCUBE_BOX_PROJECTION UNITY_SPECCUBE_BLENDING UNITY_ENABLE_DETAIL_NORMALMAP SHADER_API_DESKTOP UNITY_COLORSPACE_GAMMA UNITY_LIGHT_PROBE_PROXY_VOLUME UNITY_LIGHTMAP_FULL_HDR dkw=OUTLINE_ON UNDERLAY_ON UNDERLAY_INNER UNITY_UI_ALPHACLIP UNITY_NO_DXT5nm UNITY_ENABLE_NATIVE_SHADOW_LOOKUPS UNITY_METAL_SHADOWS_USE_POINT_FILTERING UNITY_NO_SCREENSPACE_SHADOWS UNITY_PBS_USE_BRDF2 UNITY_PBS_USE_BRDF3 UNITY_NO_FULL_STANDARD_SHADER UNITY_HARDWARE_TIER1 UNITY_HARDWARE_TIER2 UNITY_HARDWARE_TIER3 UNITY_HALF_PRECISION_FRAGMENT_SHADER_REGISTERS UNITY_LIGHTMAP_DLDR_ENCODING UNITY_LIGHTMAP_RGBM_ENCODING UNITY_VIRTUAL_TEXTURING ok=1
Cmd: compileSnippet
  api=4 type=0 insize=1734 outsize=834 kw=UNITY_UI_CLIP_RECT UNITY_UI_ALPHACLIP pd=UNITY_ENABLE_REFLECTION_BUFFERS UNITY_USE_DITHER_MASK_FOR_ALPHABLENDED_SHADOWS UNITY_PBS_USE_BRDF1 UNITY_SPECCUBE_BOX_PROJECTION UNITY_SPECCUBE_BLENDING UNITY_ENABLE_DETAIL_NORMALMAP SHADER_API_DESKTOP UNITY_COLORSPACE_GAMMA UNITY_LIGHT_PROBE_PROXY_VOLUME UNITY_LIGHTMAP_FULL_HDR dkw=UNITY_NO_DXT5nm UNITY_ENABLE_NATIVE_SHADOW_LOOKUPS UNITY_METAL_SHADOWS_USE_POINT_FILTERING UNITY_NO_SCREENSPACE_SHADOWS UNITY_PBS_USE_BRDF2 UNITY_PBS_USE_BRDF3 UNITY_NO_FULL_STANDARD_SHADER UNITY_HARDWARE_TIER1 UNITY_HARDWARE_TIER2 UNITY_HARDWARE_TIER3 UNITY_HALF_PRECISION_FRAGMENT_SHADER_REGISTERS UNITY_LIGHTMAP_DLDR_ENCODING UNITY_LIGHTMAP_RGBM_ENCODING UNITY_VIRTUAL_TEXTURING ok=1
Cmd: compileSnippet
  api=4 type=1 insize=6842 outsize=1638 kw=UNITY_UI_ALPHACLIP pd=UNITY_ENABLE_REFLECTION_BUFFERS UNITY_USE_DITHER_MASK_FOR_ALPHABLENDED_SHADOWS UNITY_PBS_USE_BRDF1 UNITY_SPECCUBE_BOX_PROJECTION UNITY_SPECCUBE_BLENDING UNITY_ENABLE_DETAIL_NORMALMAP SHADER_API_DESKTOP UNITY_COLORSPACE_GAMMA UNITY_LIGHT_PROBE_PROXY_VOLUME UNITY_LIGHTMAP_FULL_HDR dkw=BEVEL_ON UNDERLAY_ON UNDERLAY_INNER GLOW_ON UNITY_UI_CLIP_RECT UNITY_NO_DXT5nm UNITY_ENABLE_NATIVE_SHADOW_LOOKUPS UNITY_METAL_SHADOWS_USE_POINT_FILTERING UNITY_NO_SCREENSPACE_SHADOWS UNITY_PBS_USE_BRDF2 UNITY_PBS_USE_BRDF3 UNITY_NO_FULL_STANDARD_SHADER UNITY_HARDWARE_TIER1 UNITY_HARDWARE_TIER2 UNITY_HARDWARE_TIER3 UNITY_HALF_PRECISION_FRAGMENT_SHADER_REGISTERS UNITY_LIGHTMAP_DLDR_ENCODING UNITY_LIGHTMAP_RGBM_ENCODING UNITY_VIRTUAL_TEXTURING ok=1
Cmd: compileSnippet
  api=4 type=1 insize=43544 outsize=6842 kw=DIRECTIONAL LIGHTPROBE_SH pd=UNITY_ENABLE_REFLECTION_BUFFERS UNITY_USE_DITHER_MASK_FOR_ALPHABLENDED_SHADOWS UNITY_PBS_USE_BRDF1 UNITY_SPECCUBE_BOX_PROJECTION UNITY_SPECCUBE_BLENDING UNITY_ENABLE_DETAIL_NORMALMAP SHADER_API_DESKTOP UNITY_COLORSPACE_GAMMA UNITY_LIGHT_PROBE_PROXY_VOLUME UNITY_LIGHTMAP_FULL_HDR UNITY_PASS_FORWARDBASE dkw=GLOW_ON FOG_LINEAR FOG_EXP FOG_EXP2 INSTANCING_ON UNITY_NO_DXT5nm UNITY_ENABLE_NATIVE_SHADOW_LOOKUPS UNITY_METAL_SHADOWS_USE_POINT_FILTERING UNITY_NO_SCREENSPACE_SHADOWS UNITY_PBS_USE_BRDF2 UNITY_PBS_USE_BRDF3 UNITY_NO_FULL_STANDARD_SHADER UNITY_HARDWARE_TIER1 UNITY_HARDWARE_TIER2 UNITY_HARDWARE_TIER3 UNITY_HALF_PRECISION_FRAGMENT_SHADER_REGISTERS UNITY_LIGHTMAP_DLDR_ENCODING UNITY_LIGHTMAP_RGBM_ENCODING UNITY_VIRTUAL_TEXTURING ok=1
Cmd: compileSnippet
  api=4 type=1 insize=13422 outsize=5654 kw=POINT_COOKIE pd=UNITY_ENABLE_REFLECTION_BUFFERS UNITY_USE_DITHER_MASK_FOR_ALPHABLENDED_SHADOWS UNITY_PBS_USE_BRDF1 UNITY_SPECCUBE_BOX_PROJECTION UNITY_SPECCUBE_BLENDING UNITY_ENABLE_DETAIL_NORMALMAP SHADER_API_DESKTOP UNITY_COLORSPACE_GAMMA UNITY_LIGHT_PROBE_PROXY_VOLUME UNITY_LIGHTMAP_FULL_HDR UNITY_PASS_FORWARDADD dkw=GLOW_ON FOG_LINEAR FOG_EXP FOG_EXP2 POINT DIRECTIONAL SPOT DIRECTIONAL_COOKIE UNITY_NO_DXT5nm UNITY_ENABLE_NATIVE_SHADOW_LOOKUPS UNITY_METAL_SHADOWS_USE_POINT_FILTERING UNITY_NO_SCREENSPACE_SHADOWS UNITY_PBS_USE_BRDF2 UNITY_PBS_USE_BRDF3 UNITY_NO_FULL_STANDARD_SHADER UNITY_HARDWARE_TIER1 UNITY_HARDWARE_TIER2 UNITY_HARDWARE_TIER3 UNITY_HALF_PRECISION_FRAGMENT_SHADER_REGISTERS UNITY_LIGHTMAP_DLDR_ENCODING UNITY_LIGHTMAP_RGBM_ENCODING UNITY_VIRTUAL_TEXTURING ok=1
Cmd: compileComputeKernel
  error: 2 plat 4 at Generic.compute(13): failed to open source file: 'Tensor.cginc'
  api=4 insize=7960 outsize=0 ok=0
Cmd: compileComputeKernel
  error: 2 plat 4 at Generic.compute(13): failed to open source file: 'Tensor.cginc'
  api=4 insize=7960 outsize=0 ok=0
Cmd: compileComputeKernel
  error: 2 plat 4 at Dense.compute(13): failed to open source file: 'Tensor.cginc'
  api=4 insize=68835 outsize=0 ok=0
Cmd: compileComputeKernel
  error: 2 plat 4 at Broadcast.compute(17): failed to open source file: 'Tensor.cginc'
  api=4 insize=9919 outsize=0 ok=0
Cmd: compileComputeKernel
  error: 2 plat 4 at Broadcast.compute(17): failed to open source file: 'Tensor.cginc'
  api=4 insize=9919 outsize=0 ok=0
Cmd: compileComputeKernel
  error: 2 plat 4 at Conv.compute(22): failed to open source file: 'Tensor.cginc'
  api=4 insize=31899 outsize=0 ok=0
Cmd: compileComputeKernel
  error: 2 plat 4 at BarracudaReferenceImpl.compute(64): failed to open source file: 'Tensor.cginc'
  api=4 insize=47665 outsize=0 ok=0
Cmd: compileComputeKernel
  error: 2 plat 4 at BarracudaReferenceImpl.compute(64): failed to open source file: 'Tensor.cginc'
  api=4 insize=47665 outsize=0 ok=0
Cmd: compileComputeKernel
  error: 2 plat 4 at BarracudaReferenceImpl.compute(64): failed to open source file: 'Tensor.cginc'
  api=4 insize=47665 outsize=0 ok=0
Cmd: compileComputeKernel
  error: 2 plat 4 at BarracudaReferenceImpl.compute(64): failed to open source file: 'Tensor.cginc'
  api=4 insize=47665 outsize=0 ok=0
Cmd: compileComputeKernel
  error: 2 plat 4 at BarracudaReferenceImpl.compute(64): failed to open source file: 'Tensor.cginc'
  api=4 insize=47665 outsize=0 ok=0
Cmd: compileComputeKernel
  error: 2 plat 4 at BarracudaReferenceImpl.compute(64): failed to open source file: 'Tensor.cginc'
  api=4 insize=47665 outsize=0 ok=0
Cmd: compileComputeKernel
  error: 2 plat 4 at BarracudaReferenceImpl.compute(64): failed to open source file: 'Tensor.cginc'
  api=4 insize=47665 outsize=0 ok=0
Cmd: compileComputeKernel
  error: 2 plat 4 at BarracudaReferenceImpl.compute(64): failed to open source file: 'Tensor.cginc'
  api=4 insize=47665 outsize=0 ok=0
Cmd: compileComputeKernel
  error: 2 plat 4 at Pad.compute(6): failed to open source file: 'Tensor.cginc'
  api=4 insize=4119 outsize=0 ok=0
Cmd: compileComputeKernel
  error: 2 plat 4 at Activation.compute(117): failed to open source file: 'Tensor.cginc'
  api=4 insize=29386 outsize=0 ok=0
Cmd: compileComputeKernel
  error: 2 plat 4 at Activation.compute(117): failed to open source file: 'Tensor.cginc'
  api=4 insize=29386 outsize=0 ok=0
Cmd: compileComputeKernel
  error: 2 plat 4 at Activation.compute(117): failed to open source file: 'Tensor.cginc'
  api=4 insize=29386 outsize=0 ok=0
Cmd: compileComputeKernel
  error: 2 plat 4 at Activation.compute(117): failed to open source file: 'Tensor.cginc'
  api=4 insize=29386 outsize=0 ok=0
Cmd: compileComputeKernel
  error: 2 plat 4 at Activation.compute(117): failed to open source file: 'Tensor.cginc'
  api=4 insize=29386 outsize=0 ok=0
Cmd: compileComputeKernel
  error: 2 plat 4 at Activation.compute(117): failed to open source file: 'Tensor.cginc'
  api=4 insize=29386 outsize=0 ok=0
Cmd: compileComputeKernel
  error: 2 plat 4 at Activation.compute(117): failed to open source file: 'Tensor.cginc'
  api=4 insize=29386 outsize=0 ok=0
Cmd: compileComputeKernel
  error: 2 plat 4 at Activation.compute(117): failed to open source file: 'Tensor.cginc'
  api=4 insize=29386 outsize=0 ok=0
Cmd: compileComputeKernel
  error: 2 plat 4 at Activation.compute(117): failed to open source file: 'Tensor.cginc'
  api=4 insize=29386 outsize=0 ok=0
Cmd: compileComputeKernel
  error: 2 plat 4 at Activation.compute(117): failed to open source file: 'Tensor.cginc'
  api=4 insize=29386 outsize=0 ok=0
Cmd: compileComputeKernel
  error: 2 plat 4 at Activation.compute(117): failed to open source file: 'Tensor.cginc'
  api=4 insize=29386 outsize=0 ok=0
Cmd: compileComputeKernel
  error: 2 plat 4 at Activation.compute(117): failed to open source file: 'Tensor.cginc'
  api=4 insize=29386 outsize=0 ok=0
Cmd: compileComputeKernel
  error: 2 plat 4 at Activation.compute(117): failed to open source file: 'Tensor.cginc'
  api=4 insize=29386 outsize=0 ok=0
Cmd: compileSnippet
  api=4 type=1 insize=6841 outsize=1806 kw=UNITY_UI_CLIP_RECT UNITY_UI_ALPHACLIP pd=UNITY_ENABLE_REFLECTION_BUFFERS UNITY_USE_DITHER_MASK_FOR_ALPHABLENDED_SHADOWS UNITY_PBS_USE_BRDF1 UNITY_SPECCUBE_BOX_PROJECTION UNITY_SPECCUBE_BLENDING UNITY_ENABLE_DETAIL_NORMALMAP SHADER_API_DESKTOP UNITY_COLORSPACE_GAMMA UNITY_LIGHT_PROBE_PROXY_VOLUME UNITY_LIGHTMAP_FULL_HDR dkw=BEVEL_ON UNDERLAY_ON UNDERLAY_INNER GLOW_ON UNITY_NO_DXT5nm UNITY_ENABLE_NATIVE_SHADOW_LOOKUPS UNITY_METAL_SHADOWS_USE_POINT_FILTERING UNITY_NO_SCREENSPACE_SHADOWS UNITY_PBS_USE_BRDF2 UNITY_PBS_USE_BRDF3 UNITY_NO_FULL_STANDARD_SHADER UNITY_HARDWARE_TIER1 UNITY_HARDWARE_TIER2 UNITY_HARDWARE_TIER3 UNITY_HALF_PRECISION_FRAGMENT_SHADER_REGISTERS UNITY_LIGHTMAP_DLDR_ENCODING UNITY_LIGHTMAP_RGBM_ENCODING UNITY_VIRTUAL_TEXTURING ok=1
Cmd: compileSnippet
  api=4 type=0 insize=21118 outsize=2326 kw=DIRECTIONAL SHADOWS_SCREEN LIGHTPROBE_SH pd=UNITY_ENABLE_REFLECTION_BUFFERS UNITY_USE_DITHER_MASK_FOR_ALPHABLENDED_SHADOWS UNITY_PBS_USE_BRDF1 UNITY_SPECCUBE_BOX_PROJECTION UNITY_SPECCUBE_BLENDING UNITY_ENABLE_DETAIL_NORMALMAP SHADER_API_DESKTOP UNITY_COLORSPACE_GAMMA UNITY_LIGHT_PROBE_PROXY_VOLUME UNITY_LIGHTMAP_FULL_HDR UNITY_PASS_FORWARDBASE dkw=FOG_LINEAR FOG_EXP FOG_EXP2 INSTANCING_ON SHADOWS_SHADOWMASK DYNAMICLIGHTMAP_ON LIGHTMAP_ON LIGHTMAP_SHADOW_MIXING DIRLIGHTMAP_COMBINED VERTEXLIGHT_ON UNITY_NO_DXT5nm UNITY_ENABLE_NATIVE_SHADOW_LOOKUPS UNITY_METAL_SHADOWS_USE_POINT_FILTERING UNITY_NO_SCREENSPACE_SHADOWS UNITY_PBS_USE_BRDF2 UNITY_PBS_USE_BRDF3 UNITY_NO_FULL_STANDARD_SHADER UNITY_HARDWARE_TIER1 UNITY_HARDWARE_TIER2 UNITY_HARDWARE_TIER3 UNITY_HALF_PRECISION_FRAGMENT_SHADER_REGISTERS UNITY_LIGHTMAP_DLDR_ENCODING UNITY_LIGHTMAP_RGBM_ENCODING UNITY_VIRTUAL_TEXTURING ok=1
Cmd: compileSnippet
  api=4 type=0 insize=6789 outsize=2026 kw=SPOT SHADOWS_DEPTH SHADOWS_SOFT pd=UNITY_ENABLE_REFLECTION_BUFFERS UNITY_USE_DITHER_MASK_FOR_ALPHABLENDED_SHADOWS UNITY_PBS_USE_BRDF1 UNITY_SPECCUBE_BOX_PROJECTION UNITY_SPECCUBE_BLENDING UNITY_ENABLE_DETAIL_NORMALMAP SHADER_API_DESKTOP UNITY_COLORSPACE_GAMMA UNITY_LIGHT_PROBE_PROXY_VOLUME UNITY_LIGHTMAP_FULL_HDR UNITY_PASS_FORWARDADD dkw=FOG_LINEAR FOG_EXP FOG_EXP2 POINT DIRECTIONAL POINT_COOKIE DIRECTIONAL_COOKIE SHADOWS_SHADOWMASK LIGHTMAP_SHADOW_MIXING SHADOWS_SCREEN SHADOWS_CUBE UNITY_NO_DXT5nm UNITY_ENABLE_NATIVE_SHADOW_LOOKUPS UNITY_METAL_SHADOWS_USE_POINT_FILTERING UNITY_NO_SCREENSPACE_SHADOWS UNITY_PBS_USE_BRDF2 UNITY_PBS_USE_BRDF3 UNITY_NO_FULL_STANDARD_SHADER UNITY_HARDWARE_TIER1 UNITY_HARDWARE_TIER2 UNITY_HARDWARE_TIER3 UNITY_HALF_PRECISION_FRAGMENT_SHADER_REGISTERS UNITY_LIGHTMAP_DLDR_ENCODING UNITY_LIGHTMAP_RGBM_ENCODING UNITY_VIRTUAL_TEXTURING ok=1
Cmd: compileSnippet
  api=4 type=1 insize=6789 outsize=4054 kw=DIRECTIONAL_COOKIE pd=UNITY_ENABLE_REFLECTION_BUFFERS UNITY_USE_DITHER_MASK_FOR_ALPHABLENDED_SHADOWS UNITY_PBS_USE_BRDF1 UNITY_SPECCUBE_BOX_PROJECTION UNITY_SPECCUBE_BLENDING UNITY_ENABLE_DETAIL_NORMALMAP SHADER_API_DESKTOP UNITY_COLORSPACE_GAMMA UNITY_LIGHT_PROBE_PROXY_VOLUME UNITY_LIGHTMAP_FULL_HDR UNITY_PASS_FORWARDADD dkw=FOG_LINEAR FOG_EXP FOG_EXP2 POINT DIRECTIONAL SPOT POINT_COOKIE SHADOWS_SHADOWMASK LIGHTMAP_SHADOW_MIXING SHADOWS_DEPTH SHADOWS_SOFT SHADOWS_SCREEN SHADOWS_CUBE UNITY_NO_DXT5nm UNITY_ENABLE_NATIVE_SHADOW_LOOKUPS UNITY_METAL_SHADOWS_USE_POINT_FILTERING UNITY_NO_SCREENSPACE_SHADOWS UNITY_PBS_USE_BRDF2 UNITY_PBS_USE_BRDF3 UNITY_NO_FULL_STANDARD_SHADER UNITY_HARDWARE_TIER1 UNITY_HARDWARE_TIER2 UNITY_HARDWARE_TIER3 UNITY_HALF_PRECISION_FRAGMENT_SHADER_REGISTERS UNITY_LIGHTMAP_DLDR_ENCODING UNITY_LIGHTMAP_RGBM_ENCODING UNITY_VIRTUAL_TEXTURING ok=1
Cmd: compileSnippet
  api=4 type=1 insize=6789 outsize=5430 kw=POINT SHADOWS_CUBE SHADOWS_SOFT pd=UNITY_ENABLE_REFLECTION_BUFFERS UNITY_USE_DITHER_MASK_FOR_ALPHABLENDED_SHADOWS UNITY_PBS_USE_BRDF1 UNITY_SPECCUBE_BOX_PROJECTION UNITY_SPECCUBE_BLENDING UNITY_ENABLE_DETAIL_NORMALMAP SHADER_API_DESKTOP UNITY_COLORSPACE_GAMMA UNITY_LIGHT_PROBE_PROXY_VOLUME UNITY_LIGHTMAP_FULL_HDR UNITY_PASS_FORWARDADD dkw=FOG_LINEAR FOG_EXP FOG_EXP2 DIRECTIONAL SPOT POINT_COOKIE DIRECTIONAL_COOKIE SHADOWS_SHADOWMASK LIGHTMAP_SHADOW_MIXING SHADOWS_DEPTH SHADOWS_SCREEN UNITY_NO_DXT5nm UNITY_ENABLE_NATIVE_SHADOW_LOOKUPS UNITY_METAL_SHADOWS_USE_POINT_FILTERING UNITY_NO_SCREENSPACE_SHADOWS UNITY_PBS_USE_BRDF2 UNITY_PBS_USE_BRDF3 UNITY_NO_FULL_STANDARD_SHADER UNITY_HARDWARE_TIER1 UNITY_HARDWARE_TIER2 UNITY_HARDWARE_TIER3 UNITY_HALF_PRECISION_FRAGMENT_SHADER_REGISTERS UNITY_LIGHTMAP_DLDR_ENCODING UNITY_LIGHTMAP_RGBM_ENCODING UNITY_VIRTUAL_TEXTURING ok=1
Cmd: compileComputeKernel
  error: 2 plat 4 at Generic.compute(13): failed to open source file: 'Tensor.cginc'
  api=4 insize=7960 outsize=0 ok=0
Cmd: compileComputeKernel
  error: 2 plat 4 at Dense.compute(13): failed to open source file: 'Tensor.cginc'
  api=4 insize=68835 outsize=0 ok=0
Cmd: compileComputeKernel
  error: 2 plat 4 at Broadcast.compute(17): failed to open source file: 'Tensor.cginc'
  api=4 insize=9919 outsize=0 ok=0
Cmd: compileComputeKernel
  error: 2 plat 4 at Broadcast.compute(17): failed to open source file: 'Tensor.cginc'
  api=4 insize=9919 outsize=0 ok=0
Cmd: compileComputeKernel
  error: 2 plat 4 at Conv.compute(22): failed to open source file: 'Tensor.cginc'
  api=4 insize=31899 outsize=0 ok=0
Cmd: compileComputeKernel
  error: 2 plat 4 at Pool.compute(8): failed to open source file: 'Tensor.cginc'
  api=4 insize=6546 outsize=0 ok=0
Cmd: compileComputeKernel
  error: 2 plat 4 at BarracudaReferenceImpl.compute(64): failed to open source file: 'Tensor.cginc'
  api=4 insize=47665 outsize=0 ok=0
Cmd: compileComputeKernel
  error: 2 plat 4 at BarracudaReferenceImpl.compute(64): failed to open source file: 'Tensor.cginc'
  api=4 insize=47665 outsize=0 ok=0
Cmd: compileComputeKernel
  error: 2 plat 4 at BarracudaReferenceImpl.compute(64): failed to open source file: 'Tensor.cginc'
  api=4 insize=47665 outsize=0 ok=0
Cmd: compileComputeKernel
  error: 2 plat 4 at BarracudaReferenceImpl.compute(64): failed to open source file: 'Tensor.cginc'
  api=4 insize=47665 outsize=0 ok=0
Cmd: compileComputeKernel
  error: 2 plat 4 at BarracudaReferenceImpl.compute(64): failed to open source file: 'Tensor.cginc'
  api=4 insize=47665 outsize=0 ok=0
Cmd: compileComputeKernel
  error: 2 plat 4 at BarracudaReferenceImpl.compute(64): failed to open source file: 'Tensor.cginc'
  api=4 insize=47665 outsize=0 ok=0
Cmd: compileComputeKernel
  error: 2 plat 4 at BarracudaReferenceImpl.compute(64): failed to open source file: 'Tensor.cginc'
  api=4 insize=47665 outsize=0 ok=0
Cmd: compileComputeKernel
  error: 2 plat 4 at BarracudaReferenceImpl.compute(64): failed to open source file: 'Tensor.cginc'
  api=4 insize=47665 outsize=0 ok=0
Cmd: compileComputeKernel
  error: 2 plat 4 at Activation.compute(117): failed to open source file: 'Tensor.cginc'
  api=4 insize=29386 outsize=0 ok=0
Cmd: compileComputeKernel
  error: 2 plat 4 at Activation.compute(117): failed to open source file: 'Tensor.cginc'
  api=4 insize=29386 outsize=0 ok=0
Cmd: compileComputeKernel
  error: 2 plat 4 at Activation.compute(117): failed to open source file: 'Tensor.cginc'
  api=4 insize=29386 outsize=0 ok=0
Cmd: compileComputeKernel
  error: 2 plat 4 at Activation.compute(117): failed to open source file: 'Tensor.cginc'
  api=4 insize=29386 outsize=0 ok=0
Cmd: compileComputeKernel
  error: 2 plat 4 at Activation.compute(117): failed to open source file: 'Tensor.cginc'
  api=4 insize=29386 outsize=0 ok=0
Cmd: compileComputeKernel
  error: 2 plat 4 at Activation.compute(117): failed to open source file: 'Tensor.cginc'
  api=4 insize=29386 outsize=0 ok=0
Cmd: compileComputeKernel
  error: 2 plat 4 at Activation.compute(117): failed to open source file: 'Tensor.cginc'
  api=4 insize=29386 outsize=0 ok=0
Cmd: compileComputeKernel
  error: 2 plat 4 at Activation.compute(117): failed to open source file: 'Tensor.cginc'
  api=4 insize=29386 outsize=0 ok=0
Cmd: compileComputeKernel
  error: 2 plat 4 at Activation.compute(117): failed to open source file: 'Tensor.cginc'
  api=4 insize=29386 outsize=0 ok=0
Cmd: compileComputeKernel
  error: 2 plat 4 at Activation.compute(117): failed to open source file: 'Tensor.cginc'
  api=4 insize=29386 outsize=0 ok=0
Cmd: compileComputeKernel
  error: 2 plat 4 at Activation.compute(117): failed to open source file: 'Tensor.cginc'
  api=4 insize=29386 outsize=0 ok=0
Cmd: compileComputeKernel
  error: 2 plat 4 at Generic.compute(13): failed to open source file: 'Tensor.cginc'
  api=4 insize=7960 outsize=0 ok=0
Cmd: compileComputeKernel
  error: 2 plat 4 at Dense.compute(13): failed to open source file: 'Tensor.cginc'
  api=4 insize=68835 outsize=0 ok=0
Cmd: compileComputeKernel
  error: 2 plat 4 at Broadcast.compute(17): failed to open source file: 'Tensor.cginc'
  api=4 insize=9919 outsize=0 ok=0
Cmd: compileComputeKernel
  error: 2 plat 4 at Broadcast.compute(17): failed to open source file: 'Tensor.cginc'
  api=4 insize=9919 outsize=0 ok=0
Cmd: compileComputeKernel
  error: 2 plat 4 at Conv.compute(22): failed to open source file: 'Tensor.cginc'
  api=4 insize=31899 outsize=0 ok=0
Cmd: compileComputeKernel
  error: 2 plat 4 at Pool.compute(8): failed to open source file: 'Tensor.cginc'
  api=4 insize=6546 outsize=0 ok=0
Cmd: compileComputeKernel
  error: 2 plat 4 at BarracudaReferenceImpl.compute(64): failed to open source file: 'Tensor.cginc'
  api=4 insize=47665 outsize=0 ok=0
Cmd: compileComputeKernel
  error: 2 plat 4 at BarracudaReferenceImpl.compute(64): failed to open source file: 'Tensor.cginc'
  api=4 insize=47665 outsize=0 ok=0
Cmd: compileComputeKernel
  error: 2 plat 4 at BarracudaReferenceImpl.compute(64): failed to open source file: 'Tensor.cginc'
  api=4 insize=47665 outsize=0 ok=0
Cmd: compileComputeKernel
  error: 2 plat 4 at BarracudaReferenceImpl.compute(64): failed to open source file: 'Tensor.cginc'
  api=4 insize=47665 outsize=0 ok=0
Cmd: compileComputeKernel
  error: 2 plat 4 at BarracudaReferenceImpl.compute(64): failed to open source file: 'Tensor.cginc'
  api=4 insize=47665 outsize=0 ok=0
Cmd: compileComputeKernel
  error: 2 plat 4 at BarracudaReferenceImpl.compute(64): failed to open source file: 'Tensor.cginc'
  api=4 insize=47665 outsize=0 ok=0
Cmd: compileComputeKernel
  error: 2 plat 4 at BarracudaReferenceImpl.compute(64): failed to open source file: 'Tensor.cginc'
  api=4 insize=47665 outsize=0 ok=0
Cmd: compileComputeKernel
  error: 2 plat 4 at BarracudaReferenceImpl.compute(64): failed to open source file: 'Tensor.cginc'
  api=4 insize=47665 outsize=0 ok=0
Cmd: compileComputeKernel
  error: 2 plat 4 at Pad.compute(6): failed to open source file: 'Tensor.cginc'
  api=4 insize=4119 outsize=0 ok=0
Cmd: compileComputeKernel
  error: 2 plat 4 at Activation.compute(117): failed to open source file: 'Tensor.cginc'
  api=4 insize=29386 outsize=0 ok=0
Cmd: compileComputeKernel
  error: 2 plat 4 at Activation.compute(117): failed to open source file: 'Tensor.cginc'
  api=4 insize=29386 outsize=0 ok=0
Cmd: compileComputeKernel
  error: 2 plat 4 at Activation.compute(117): failed to open source file: 'Tensor.cginc'
  api=4 insize=29386 outsize=0 ok=0
Cmd: compileComputeKernel
  error: 2 plat 4 at Activation.compute(117): failed to open source file: 'Tensor.cginc'
  api=4 insize=29386 outsize=0 ok=0
Cmd: compileComputeKernel
  error: 2 plat 4 at Activation.compute(117): failed to open source file: 'Tensor.cginc'
  api=4 insize=29386 outsize=0 ok=0
Cmd: compileComputeKernel
  error: 2 plat 4 at Activation.compute(117): failed to open source file: 'Tensor.cginc'
  api=4 insize=29386 outsize=0 ok=0
Cmd: compileComputeKernel
  error: 2 plat 4 at Activation.compute(117): failed to open source file: 'Tensor.cginc'
  api=4 insize=29386 outsize=0 ok=0
Cmd: compileComputeKernel
  error: 2 plat 4 at Activation.compute(117): failed to open source file: 'Tensor.cginc'
  api=4 insize=29386 outsize=0 ok=0
Cmd: compileComputeKernel
  error: 2 plat 4 at Activation.compute(117): failed to open source file: 'Tensor.cginc'
  api=4 insize=29386 outsize=0 ok=0
Cmd: compileComputeKernel
  error: 2 plat 4 at Activation.compute(117): failed to open source file: 'Tensor.cginc'
  api=4 insize=29386 outsize=0 ok=0
