Base path: 'C:/Program Files/Unity/Hub/Editor/2020.1.4f1/Editor/Data', plugins path 'C:/Program Files/Unity/Hub/Editor/2020.1.4f1/Editor/Data/PlaybackEngines'
Cmd: initializeCompiler
Cmd: compileComputeKernel
  error: 2 plat 4 at Generic.compute(13): failed to open source file: 'Tensor.cginc'
  api=4 insize=7960 outsize=0 ok=0
Cmd: compileComputeKernel
  error: 2 plat 4 at Generic.compute(13): failed to open source file: 'Tensor.cginc'
  api=4 insize=7960 outsize=0 ok=0
Cmd: compileComputeKernel
  error: 2 plat 4 at Dense.compute(13): failed to open source file: 'Tensor.cginc'
  api=4 insize=68835 outsize=0 ok=0
Cmd: compileComputeKernel
  error: 2 plat 4 at Broadcast.compute(17): failed to open source file: 'Tensor.cginc'
  api=4 insize=9919 outsize=0 ok=0
Cmd: compileComputeKernel
  error: 2 plat 4 at Broadcast.compute(17): failed to open source file: 'Tensor.cginc'
  api=4 insize=9919 outsize=0 ok=0
Cmd: compileComputeKernel
  error: 2 plat 4 at Conv.compute(22): failed to open source file: 'Tensor.cginc'
  api=4 insize=31899 outsize=0 ok=0
Cmd: compileComputeKernel
  error: 2 plat 4 at BarracudaReferenceImpl.compute(64): failed to open source file: 'Tensor.cginc'
  api=4 insize=47665 outsize=0 ok=0
Cmd: compileComputeKernel
  error: 2 plat 4 at BarracudaReferenceImpl.compute(64): failed to open source file: 'Tensor.cginc'
  api=4 insize=47665 outsize=0 ok=0
Cmd: compileComputeKernel
  error: 2 plat 4 at BarracudaReferenceImpl.compute(64): failed to open source file: 'Tensor.cginc'
  api=4 insize=47665 outsize=0 ok=0
Cmd: compileComputeKernel
  error: 2 plat 4 at BarracudaReferenceImpl.compute(64): failed to open source file: 'Tensor.cginc'
  api=4 insize=47665 outsize=0 ok=0
Cmd: compileComputeKernel
  error: 2 plat 4 at BarracudaReferenceImpl.compute(64): failed to open source file: 'Tensor.cginc'
  api=4 insize=47665 outsize=0 ok=0
Cmd: compileComputeKernel
  error: 2 plat 4 at BarracudaReferenceImpl.compute(64): failed to open source file: 'Tensor.cginc'
  api=4 insize=47665 outsize=0 ok=0
Cmd: compileComputeKernel
  error: 2 plat 4 at BarracudaReferenceImpl.compute(64): failed to open source file: 'Tensor.cginc'
  api=4 insize=47665 outsize=0 ok=0
Cmd: compileComputeKernel
  error: 2 plat 4 at Pad.compute(6): failed to open source file: 'Tensor.cginc'
  api=4 insize=4119 outsize=0 ok=0
Cmd: compileComputeKernel
  error: 2 plat 4 at Activation.compute(117): failed to open source file: 'Tensor.cginc'
  api=4 insize=29386 outsize=0 ok=0
Cmd: compileComputeKernel
  error: 2 plat 4 at Activation.compute(117): failed to open source file: 'Tensor.cginc'
  api=4 insize=29386 outsize=0 ok=0
Cmd: compileComputeKernel
  error: 2 plat 4 at Activation.compute(117): failed to open source file: 'Tensor.cginc'
  api=4 insize=29386 outsize=0 ok=0
Cmd: compileComputeKernel
  error: 2 plat 4 at Activation.compute(117): failed to open source file: 'Tensor.cginc'
  api=4 insize=29386 outsize=0 ok=0
Cmd: compileComputeKernel
  error: 2 plat 4 at Activation.compute(117): failed to open source file: 'Tensor.cginc'
  api=4 insize=29386 outsize=0 ok=0
Cmd: compileComputeKernel
  error: 2 plat 4 at Activation.compute(117): failed to open source file: 'Tensor.cginc'
  api=4 insize=29386 outsize=0 ok=0
Cmd: compileComputeKernel
  error: 2 plat 4 at Activation.compute(117): failed to open source file: 'Tensor.cginc'
  api=4 insize=29386 outsize=0 ok=0
Cmd: compileComputeKernel
  error: 2 plat 4 at Activation.compute(117): failed to open source file: 'Tensor.cginc'
  api=4 insize=29386 outsize=0 ok=0
Cmd: compileComputeKernel
  error: 2 plat 4 at Activation.compute(117): failed to open source file: 'Tensor.cginc'
  api=4 insize=29386 outsize=0 ok=0
Cmd: compileComputeKernel
  error: 2 plat 4 at Activation.compute(117): failed to open source file: 'Tensor.cginc'
  api=4 insize=29386 outsize=0 ok=0
Cmd: compileComputeKernel
  error: 2 plat 4 at Activation.compute(117): failed to open source file: 'Tensor.cginc'
  api=4 insize=29386 outsize=0 ok=0
